"GET / HTTP/1.1" 200 333
File /Users/apple/opt/anaconda3/lib/python3.9/site-packages/django/template/context_processors.py first seen with mtime 1644316130.5383422
File /Users/apple/opt/anaconda3/lib/python3.9/site-packages/django/contrib/messages/storage/cookie.py first seen with mtime 1644316130.006194
File /Users/apple/opt/anaconda3/lib/python3.9/site-packages/django/contrib/auth/context_processors.py first seen with mtime 1644316129.4285111
File /Users/apple/opt/anaconda3/lib/python3.9/site-packages/django/contrib/messages/storage/base.py first seen with mtime 1644316130.0056117
File /Users/apple/opt/anaconda3/lib/python3.9/site-packages/django/contrib/messages/storage/session.py first seen with mtime 1644316130.0073724
File /Users/apple/opt/anaconda3/lib/python3.9/site-packages/django/contrib/sessions/serializers.py first seen with mtime 1644316130.2237492
File /Users/apple/opt/anaconda3/lib/python3.9/site-packages/django/contrib/messages/utils.py first seen with mtime 1644316130.0038838
File /Users/apple/opt/anaconda3/lib/python3.9/site-packages/django/contrib/messages/storage/fallback.py first seen with mtime 1644316130.0067766
File /Users/apple/opt/anaconda3/lib/python3.9/site-packages/django/contrib/messages/context_processors.py first seen with mtime 1644316130.002827
(0.001) SELECT "Qsee_assay"."id", "Qsee_assay"."assay_name", "Qsee_assay"."analyser_id" FROM "Qsee_assay"; args=()
"GET /assays/ HTTP/1.1" 200 924
(0.002) SELECT "Qsee_assay"."id", "Qsee_assay"."assay_name", "Qsee_assay"."analyser_id" FROM "Qsee_assay" WHERE "Qsee_assay"."id" = 1 LIMIT 21; args=(1,)
(0.001) SELECT "Qsee_control"."id", "Qsee_control"."assay_id_id", "Qsee_control"."control_name", "Qsee_control"."lot_number", "Qsee_control"."date_added", "Qsee_control"."active" FROM "Qsee_control" WHERE "Qsee_control"."assay_id_id" = 1; args=(1,)
"GET /controls/1/ HTTP/1.1" 200 698
(0.000) SELECT "Qsee_control"."id", "Qsee_control"."assay_id_id", "Qsee_control"."control_name", "Qsee_control"."lot_number", "Qsee_control"."date_added", "Qsee_control"."active" FROM "Qsee_control" WHERE "Qsee_control"."id" = 1 LIMIT 21; args=(1,)
(0.002) SELECT "Qsee_test"."id", "Qsee_test"."result", "Qsee_test"."test_date", "Qsee_test"."control_id_id", "Qsee_test"."analyser_id_id", "Qsee_test"."operator", "Qsee_test"."note" FROM "Qsee_test" WHERE "Qsee_test"."control_id_id" = 1; args=(1,)
(0.000) SELECT "Qsee_analyser"."id", "Qsee_analyser"."analyser_name" FROM "Qsee_analyser" WHERE "Qsee_analyser"."id" = 12 LIMIT 21; args=(12,)
(0.000) SELECT "Qsee_analyser"."id", "Qsee_analyser"."analyser_name" FROM "Qsee_analyser" WHERE "Qsee_analyser"."id" = 12 LIMIT 21; args=(12,)
(0.000) SELECT "Qsee_analyser"."id", "Qsee_analyser"."analyser_name" FROM "Qsee_analyser" WHERE "Qsee_analyser"."id" = 12 LIMIT 21; args=(12,)
(0.000) SELECT "Qsee_analyser"."id", "Qsee_analyser"."analyser_name" FROM "Qsee_analyser" WHERE "Qsee_analyser"."id" = 12 LIMIT 21; args=(12,)
(0.000) SELECT "Qsee_analyser"."id", "Qsee_analyser"."analyser_name" FROM "Qsee_analyser" WHERE "Qsee_analyser"."id" = 12 LIMIT 21; args=(12,)
(0.000) SELECT "Qsee_analyser"."id", "Qsee_analyser"."analyser_name" FROM "Qsee_analyser" WHERE "Qsee_analyser"."id" = 12 LIMIT 21; args=(12,)
(0.000) SELECT "Qsee_analyser"."id", "Qsee_analyser"."analyser_name" FROM "Qsee_analyser" WHERE "Qsee_analyser"."id" = 12 LIMIT 21; args=(12,)
(0.000) SELECT "Qsee_analyser"."id", "Qsee_analyser"."analyser_name" FROM "Qsee_analyser" WHERE "Qsee_analyser"."id" = 12 LIMIT 21; args=(12,)
(0.000) SELECT "Qsee_analyser"."id", "Qsee_analyser"."analyser_name" FROM "Qsee_analyser" WHERE "Qsee_analyser"."id" = 12 LIMIT 21; args=(12,)
(0.000) SELECT "Qsee_analyser"."id", "Qsee_analyser"."analyser_name" FROM "Qsee_analyser" WHERE "Qsee_analyser"."id" = 12 LIMIT 21; args=(12,)
(0.000) SELECT "Qsee_analyser"."id", "Qsee_analyser"."analyser_name" FROM "Qsee_analyser" WHERE "Qsee_analyser"."id" = 12 LIMIT 21; args=(12,)
(0.000) SELECT "Qsee_analyser"."id", "Qsee_analyser"."analyser_name" FROM "Qsee_analyser" WHERE "Qsee_analyser"."id" = 12 LIMIT 21; args=(12,)
(0.000) SELECT "Qsee_analyser"."id", "Qsee_analyser"."analyser_name" FROM "Qsee_analyser" WHERE "Qsee_analyser"."id" = 12 LIMIT 21; args=(12,)
(0.000) SELECT "Qsee_analyser"."id", "Qsee_analyser"."analyser_name" FROM "Qsee_analyser" WHERE "Qsee_analyser"."id" = 12 LIMIT 21; args=(12,)
(0.000) SELECT "Qsee_analyser"."id", "Qsee_analyser"."analyser_name" FROM "Qsee_analyser" WHERE "Qsee_analyser"."id" = 12 LIMIT 21; args=(12,)
(0.000) SELECT "Qsee_analyser"."id", "Qsee_analyser"."analyser_name" FROM "Qsee_analyser" WHERE "Qsee_analyser"."id" = 12 LIMIT 21; args=(12,)
(0.000) SELECT "Qsee_analyser"."id", "Qsee_analyser"."analyser_name" FROM "Qsee_analyser" WHERE "Qsee_analyser"."id" = 12 LIMIT 21; args=(12,)
(0.000) SELECT "Qsee_analyser"."id", "Qsee_analyser"."analyser_name" FROM "Qsee_analyser" WHERE "Qsee_analyser"."id" = 12 LIMIT 21; args=(12,)
(0.000) SELECT "Qsee_analyser"."id", "Qsee_analyser"."analyser_name" FROM "Qsee_analyser" WHERE "Qsee_analyser"."id" = 12 LIMIT 21; args=(12,)
(0.000) SELECT "Qsee_analyser"."id", "Qsee_analyser"."analyser_name" FROM "Qsee_analyser" WHERE "Qsee_analyser"."id" = 12 LIMIT 21; args=(12,)
(0.000) SELECT "Qsee_analyser"."id", "Qsee_analyser"."analyser_name" FROM "Qsee_analyser" WHERE "Qsee_analyser"."id" = 12 LIMIT 21; args=(12,)
(0.000) SELECT "Qsee_analyser"."id", "Qsee_analyser"."analyser_name" FROM "Qsee_analyser" WHERE "Qsee_analyser"."id" = 12 LIMIT 21; args=(12,)
(0.000) SELECT "Qsee_analyser"."id", "Qsee_analyser"."analyser_name" FROM "Qsee_analyser" WHERE "Qsee_analyser"."id" = 12 LIMIT 21; args=(12,)
(0.000) SELECT "Qsee_test"."result" FROM "Qsee_test" WHERE "Qsee_test"."control_id_id" = 1 ORDER BY "Qsee_test"."id" ASC; args=(1,)
(0.000) SELECT "Qsee_test"."test_date" FROM "Qsee_test" WHERE "Qsee_test"."control_id_id" = 1 ORDER BY "Qsee_test"."id" ASC; args=(1,)
(0.000) SELECT "Qsee_control"."id", "Qsee_control"."assay_id_id", "Qsee_control"."control_name", "Qsee_control"."lot_number", "Qsee_control"."date_added", "Qsee_control"."active" FROM "Qsee_control" WHERE "Qsee_control"."id" = 1 LIMIT 21; args=(1,)
(0.000) SELECT "Qsee_test"."id", "Qsee_test"."result", "Qsee_test"."test_date", "Qsee_test"."control_id_id", "Qsee_test"."analyser_id_id", "Qsee_test"."operator", "Qsee_test"."note" FROM "Qsee_test" WHERE "Qsee_test"."control_id_id" = 1; args=(1,)
(0.000) SELECT "Qsee_analyser"."id", "Qsee_analyser"."analyser_name" FROM "Qsee_analyser" WHERE "Qsee_analyser"."id" = 12 LIMIT 21; args=(12,)
(0.000) SELECT "Qsee_analyser"."id", "Qsee_analyser"."analyser_name" FROM "Qsee_analyser" WHERE "Qsee_analyser"."id" = 12 LIMIT 21; args=(12,)
(0.000) SELECT "Qsee_analyser"."id", "Qsee_analyser"."analyser_name" FROM "Qsee_analyser" WHERE "Qsee_analyser"."id" = 12 LIMIT 21; args=(12,)
(0.000) SELECT "Qsee_analyser"."id", "Qsee_analyser"."analyser_name" FROM "Qsee_analyser" WHERE "Qsee_analyser"."id" = 12 LIMIT 21; args=(12,)
(0.000) SELECT "Qsee_analyser"."id", "Qsee_analyser"."analyser_name" FROM "Qsee_analyser" WHERE "Qsee_analyser"."id" = 12 LIMIT 21; args=(12,)
(0.000) SELECT "Qsee_analyser"."id", "Qsee_analyser"."analyser_name" FROM "Qsee_analyser" WHERE "Qsee_analyser"."id" = 12 LIMIT 21; args=(12,)
(0.000) SELECT "Qsee_analyser"."id", "Qsee_analyser"."analyser_name" FROM "Qsee_analyser" WHERE "Qsee_analyser"."id" = 12 LIMIT 21; args=(12,)
(0.000) SELECT "Qsee_analyser"."id", "Qsee_analyser"."analyser_name" FROM "Qsee_analyser" WHERE "Qsee_analyser"."id" = 12 LIMIT 21; args=(12,)
(0.000) SELECT "Qsee_analyser"."id", "Qsee_analyser"."analyser_name" FROM "Qsee_analyser" WHERE "Qsee_analyser"."id" = 12 LIMIT 21; args=(12,)
(0.000) SELECT "Qsee_analyser"."id", "Qsee_analyser"."analyser_name" FROM "Qsee_analyser" WHERE "Qsee_analyser"."id" = 12 LIMIT 21; args=(12,)
(0.000) SELECT "Qsee_analyser"."id", "Qsee_analyser"."analyser_name" FROM "Qsee_analyser" WHERE "Qsee_analyser"."id" = 12 LIMIT 21; args=(12,)
(0.000) SELECT "Qsee_analyser"."id", "Qsee_analyser"."analyser_name" FROM "Qsee_analyser" WHERE "Qsee_analyser"."id" = 12 LIMIT 21; args=(12,)
(0.000) SELECT "Qsee_analyser"."id", "Qsee_analyser"."analyser_name" FROM "Qsee_analyser" WHERE "Qsee_analyser"."id" = 12 LIMIT 21; args=(12,)
(0.000) SELECT "Qsee_analyser"."id", "Qsee_analyser"."analyser_name" FROM "Qsee_analyser" WHERE "Qsee_analyser"."id" = 12 LIMIT 21; args=(12,)
(0.000) SELECT "Qsee_analyser"."id", "Qsee_analyser"."analyser_name" FROM "Qsee_analyser" WHERE "Qsee_analyser"."id" = 12 LIMIT 21; args=(12,)
(0.000) SELECT "Qsee_analyser"."id", "Qsee_analyser"."analyser_name" FROM "Qsee_analyser" WHERE "Qsee_analyser"."id" = 12 LIMIT 21; args=(12,)
(0.000) SELECT "Qsee_analyser"."id", "Qsee_analyser"."analyser_name" FROM "Qsee_analyser" WHERE "Qsee_analyser"."id" = 12 LIMIT 21; args=(12,)
(0.000) SELECT "Qsee_analyser"."id", "Qsee_analyser"."analyser_name" FROM "Qsee_analyser" WHERE "Qsee_analyser"."id" = 12 LIMIT 21; args=(12,)
(0.000) SELECT "Qsee_analyser"."id", "Qsee_analyser"."analyser_name" FROM "Qsee_analyser" WHERE "Qsee_analyser"."id" = 12 LIMIT 21; args=(12,)
(0.000) SELECT "Qsee_analyser"."id", "Qsee_analyser"."analyser_name" FROM "Qsee_analyser" WHERE "Qsee_analyser"."id" = 12 LIMIT 21; args=(12,)
(0.000) SELECT "Qsee_analyser"."id", "Qsee_analyser"."analyser_name" FROM "Qsee_analyser" WHERE "Qsee_analyser"."id" = 12 LIMIT 21; args=(12,)
(0.000) SELECT "Qsee_analyser"."id", "Qsee_analyser"."analyser_name" FROM "Qsee_analyser" WHERE "Qsee_analyser"."id" = 12 LIMIT 21; args=(12,)
(0.000) SELECT "Qsee_analyser"."id", "Qsee_analyser"."analyser_name" FROM "Qsee_analyser" WHERE "Qsee_analyser"."id" = 12 LIMIT 21; args=(12,)
(0.000) SELECT "Qsee_assay"."id", "Qsee_assay"."assay_name", "Qsee_assay"."analyser_id" FROM "Qsee_assay" WHERE "Qsee_assay"."id" = 1 LIMIT 21; args=(1,)
(0.000) SELECT "Qsee_assay"."id", "Qsee_assay"."assay_name", "Qsee_assay"."analyser_id" FROM "Qsee_assay" WHERE "Qsee_assay"."id" = 1 LIMIT 21; args=(1,)
(0.000) SELECT "Qsee_test"."id", "Qsee_test"."result", "Qsee_test"."test_date", "Qsee_test"."control_id_id", "Qsee_test"."analyser_id_id", "Qsee_test"."operator", "Qsee_test"."note" FROM "Qsee_test" WHERE ("Qsee_test"."analyser_id_id" = 12 AND "Qsee_test"."control_id_id" = 1); args=(12, 1)
(0.000) SELECT "Qsee_analyser"."id", "Qsee_analyser"."analyser_name" FROM "Qsee_analyser"; args=()
"GET /tests/1/ HTTP/1.1" 200 2626
"GET /static/SARS_CoV_2%2C%2012%20n_gene_pos.svg HTTP/1.1" 200 63263
File /Users/apple/opt/anaconda3/lib/python3.9/site-packages/django/contrib/staticfiles/storage.py first seen with mtime 1644316130.4086938
File /Users/apple/opt/anaconda3/lib/python3.9/site-packages/matplotlib/backends/backend_mixed.py first seen with mtime 1634667355.0
File /Users/apple/opt/anaconda3/lib/python3.9/site-packages/matplotlib/backends/backend_svg.py first seen with mtime 1634667355.0
(0.000) SELECT "Qsee_control"."id", "Qsee_control"."assay_id_id", "Qsee_control"."control_name", "Qsee_control"."lot_number", "Qsee_control"."date_added", "Qsee_control"."active" FROM "Qsee_control" WHERE "Qsee_control"."id" = 1 LIMIT 21; args=(1,)
(0.000) SELECT "Qsee_assay"."id", "Qsee_assay"."assay_name", "Qsee_assay"."analyser_id" FROM "Qsee_assay" WHERE "Qsee_assay"."id" = 1 LIMIT 21; args=(1,)
(0.000) SELECT "Qsee_analyser"."id", "Qsee_analyser"."analyser_name" FROM "Qsee_analyser" WHERE "Qsee_analyser"."id" = 12 LIMIT 21; args=(12,)
"GET /test_input/1/12/ HTTP/1.1" 200 1295
Exception while resolving variable 'name' in template 'unknown'.
Traceback (most recent call last):
  File "/Users/apple/opt/anaconda3/lib/python3.9/site-packages/django/core/handlers/exception.py", line 47, in inner
    response = get_response(request)
  File "/Users/apple/opt/anaconda3/lib/python3.9/site-packages/django/core/handlers/base.py", line 167, in _get_response
    callback, callback_args, callback_kwargs = self.resolve_request(request)
  File "/Users/apple/opt/anaconda3/lib/python3.9/site-packages/django/core/handlers/base.py", line 290, in resolve_request
    resolver_match = resolver.resolve(request.path_info)
  File "/Users/apple/opt/anaconda3/lib/python3.9/site-packages/django/urls/resolvers.py", line 589, in resolve
    raise Resolver404({'tried': tried, 'path': new_path})
django.urls.exceptions.Resolver404: {'tried': [[<URLResolver <URLPattern list> (admin:admin) 'admin/'>], [<URLResolver <module 'Qsee.urls' from '/Users/apple/PycharmProjects/Qsee3/Qsee/urls.py'> (None:None) ''>, <URLPattern '' [name='index']>], [<URLResolver <module 'Qsee.urls' from '/Users/apple/PycharmProjects/Qsee3/Qsee/urls.py'> (None:None) ''>, <URLPattern '404Error/' [name='qsee_error']>], [<URLResolver <module 'Qsee.urls' from '/Users/apple/PycharmProjects/Qsee3/Qsee/urls.py'> (None:None) ''>, <URLPattern 'assays/' [name='assays']>], [<URLResolver <module 'Qsee.urls' from '/Users/apple/PycharmProjects/Qsee3/Qsee/urls.py'> (None:None) ''>, <URLPattern 'controls/<assay_id>/' [name='controls']>], [<URLResolver <module 'Qsee.urls' from '/Users/apple/PycharmProjects/Qsee3/Qsee/urls.py'> (None:None) ''>, <URLPattern 'tests/<control_id>/' [name='tests']>], [<URLResolver <module 'Qsee.urls' from '/Users/apple/PycharmProjects/Qsee3/Qsee/urls.py'> (None:None) ''>, <URLPattern 'test_input/<control_id>/<analyser_id>/' [name='test_input']>], [<URLResolver <module 'Qsee.urls' from '/Users/apple/PycharmProjects/Qsee3/Qsee/urls.py'> (None:None) ''>, <URLPattern 'settings/' [name='settings']>], [<URLResolver <module 'Qsee.urls' from '/Users/apple/PycharmProjects/Qsee3/Qsee/urls.py'> (None:None) ''>, <URLPattern 'settings/assay/' [name='settings_assay']>], [<URLResolver <module 'Qsee.urls' from '/Users/apple/PycharmProjects/Qsee3/Qsee/urls.py'> (None:None) ''>, <URLPattern 'settings/control/' [name='settings_control']>], [<URLResolver <module 'Qsee.urls' from '/Users/apple/PycharmProjects/Qsee3/Qsee/urls.py'> (None:None) ''>, <URLPattern 'settings/analyser/' [name='settings_analyser']>]], 'path': 'test_input'}

During handling of the above exception, another exception occurred:

Traceback (most recent call last):
  File "/Users/apple/opt/anaconda3/lib/python3.9/site-packages/django/template/base.py", line 829, in _resolve_lookup
    current = current[bit]
TypeError: 'URLResolver' object is not subscriptable

During handling of the above exception, another exception occurred:

Traceback (most recent call last):
  File "/Users/apple/opt/anaconda3/lib/python3.9/site-packages/django/template/base.py", line 837, in _resolve_lookup
    current = getattr(current, bit)
AttributeError: 'URLResolver' object has no attribute 'name'

During handling of the above exception, another exception occurred:

Traceback (most recent call last):
  File "/Users/apple/opt/anaconda3/lib/python3.9/site-packages/django/template/base.py", line 843, in _resolve_lookup
    current = current[int(bit)]
ValueError: invalid literal for int() with base 10: 'name'

During handling of the above exception, another exception occurred:

Traceback (most recent call last):
  File "/Users/apple/opt/anaconda3/lib/python3.9/site-packages/django/template/base.py", line 848, in _resolve_lookup
    raise VariableDoesNotExist("Failed lookup for key "
django.template.base.VariableDoesNotExist: Failed lookup for key [name] in <URLResolver <URLPattern list> (admin:admin) 'admin/'>
Not Found: /test_input
"GET /test_input HTTP/1.1" 404 3950
(0.000) SELECT "Qsee_assay"."id", "Qsee_assay"."assay_name", "Qsee_assay"."analyser_id" FROM "Qsee_assay"; args=()
"GET /assays/ HTTP/1.1" 200 924
(0.000) SELECT "Qsee_assay"."id", "Qsee_assay"."assay_name", "Qsee_assay"."analyser_id" FROM "Qsee_assay" WHERE "Qsee_assay"."id" = 11 LIMIT 21; args=(11,)
(0.000) SELECT "Qsee_control"."id", "Qsee_control"."assay_id_id", "Qsee_control"."control_name", "Qsee_control"."lot_number", "Qsee_control"."date_added", "Qsee_control"."active" FROM "Qsee_control" WHERE "Qsee_control"."assay_id_id" = 11; args=(11,)
"GET /controls/11/ HTTP/1.1" 200 583
(0.000) SELECT "Qsee_control"."id", "Qsee_control"."assay_id_id", "Qsee_control"."control_name", "Qsee_control"."lot_number", "Qsee_control"."date_added", "Qsee_control"."active" FROM "Qsee_control" WHERE "Qsee_control"."id" = 8 LIMIT 21; args=(8,)
(0.000) SELECT "Qsee_test"."id", "Qsee_test"."result", "Qsee_test"."test_date", "Qsee_test"."control_id_id", "Qsee_test"."analyser_id_id", "Qsee_test"."operator", "Qsee_test"."note" FROM "Qsee_test" WHERE "Qsee_test"."control_id_id" = 8; args=(8,)
(0.000) SELECT "Qsee_analyser"."id", "Qsee_analyser"."analyser_name" FROM "Qsee_analyser" WHERE "Qsee_analyser"."id" = 3 LIMIT 21; args=(3,)
(0.000) SELECT "Qsee_test"."result" FROM "Qsee_test" WHERE "Qsee_test"."control_id_id" = 8 ORDER BY "Qsee_test"."id" ASC; args=(8,)
(0.000) SELECT "Qsee_test"."test_date" FROM "Qsee_test" WHERE "Qsee_test"."control_id_id" = 8 ORDER BY "Qsee_test"."id" ASC; args=(8,)
(0.000) SELECT "Qsee_control"."id", "Qsee_control"."assay_id_id", "Qsee_control"."control_name", "Qsee_control"."lot_number", "Qsee_control"."date_added", "Qsee_control"."active" FROM "Qsee_control" WHERE "Qsee_control"."id" = 8 LIMIT 21; args=(8,)
(0.000) SELECT "Qsee_assay"."id", "Qsee_assay"."assay_name", "Qsee_assay"."analyser_id" FROM "Qsee_assay" WHERE "Qsee_assay"."id" = 11 LIMIT 21; args=(11,)
(0.000) SELECT "Qsee_assay"."id", "Qsee_assay"."assay_name", "Qsee_assay"."analyser_id" FROM "Qsee_assay" WHERE "Qsee_assay"."id" = 11 LIMIT 21; args=(11,)
(0.000) SELECT "Qsee_test"."id", "Qsee_test"."result", "Qsee_test"."test_date", "Qsee_test"."control_id_id", "Qsee_test"."analyser_id_id", "Qsee_test"."operator", "Qsee_test"."note" FROM "Qsee_test" WHERE ("Qsee_test"."analyser_id_id" = 3 AND "Qsee_test"."control_id_id" = 8); args=(3, 8)
(0.000) SELECT "Qsee_analyser"."id", "Qsee_analyser"."analyser_name" FROM "Qsee_analyser"; args=()
"GET /tests/8/ HTTP/1.1" 200 1357
"GET /static/Test%2C%20%20Test.svg HTTP/1.1" 200 181500
(0.000) SELECT "Qsee_control"."id", "Qsee_control"."assay_id_id", "Qsee_control"."control_name", "Qsee_control"."lot_number", "Qsee_control"."date_added", "Qsee_control"."active" FROM "Qsee_control" WHERE "Qsee_control"."id" = 8 LIMIT 21; args=(8,)
(0.000) SELECT "Qsee_assay"."id", "Qsee_assay"."assay_name", "Qsee_assay"."analyser_id" FROM "Qsee_assay" WHERE "Qsee_assay"."id" = 11 LIMIT 21; args=(11,)
(0.000) SELECT "Qsee_analyser"."id", "Qsee_analyser"."analyser_name" FROM "Qsee_analyser" WHERE "Qsee_analyser"."id" = 3 LIMIT 21; args=(3,)
"GET /test_input/8/3/ HTTP/1.1" 200 1274
File /Users/apple/PycharmProjects/Qsee3/Qsee/templates/Qsee previous mtime: 1645098946.2686357, current mtime: 1645099014.4670663
/Users/apple/PycharmProjects/Qsee3/Qsee/templates/Qsee notified as changed. Signal results: [(<function template_changed at 0x7fdc09e95b80>, True), (<function translation_file_changed at 0x7fdc0b7d80d0>, None)].
File /Users/apple/PycharmProjects/Qsee3/Qsee/templates/Qsee/test_frontend.py previous mtime: 1645098946.2684333, current mtime: 1645099014.4668562
/Users/apple/PycharmProjects/Qsee3/Qsee/templates/Qsee/test_frontend.py notified as changed. Signal results: [(<function template_changed at 0x7fdc09e95b80>, True), (<function translation_file_changed at 0x7fdc0b7d80d0>, None)].
File /Users/apple/PycharmProjects/Qsee3/Qsee/templates/Qsee previous mtime: 1645099014.4670663, current mtime: 1645099038.6900952
/Users/apple/PycharmProjects/Qsee3/Qsee/templates/Qsee notified as changed. Signal results: [(<function template_changed at 0x7fdc09e95b80>, True), (<function translation_file_changed at 0x7fdc0b7d80d0>, None)].
File /Users/apple/PycharmProjects/Qsee3/Qsee/templates/Qsee/test_frontend.py previous mtime: 1645099014.4668562, current mtime: 1645099038.6898224
/Users/apple/PycharmProjects/Qsee3/Qsee/templates/Qsee/test_frontend.py notified as changed. Signal results: [(<function template_changed at 0x7fdc09e95b80>, True), (<function translation_file_changed at 0x7fdc0b7d80d0>, None)].
(0.001) SELECT "Qsee_control"."id", "Qsee_control"."assay_id_id", "Qsee_control"."control_name", "Qsee_control"."lot_number", "Qsee_control"."date_added", "Qsee_control"."active" FROM "Qsee_control" WHERE "Qsee_control"."id" = 8 LIMIT 21; args=(8,)
(0.000) SELECT "Qsee_assay"."id", "Qsee_assay"."assay_name", "Qsee_assay"."analyser_id" FROM "Qsee_assay" WHERE "Qsee_assay"."id" = 11 LIMIT 21; args=(11,)
(0.000) SELECT "Qsee_analyser"."id", "Qsee_analyser"."analyser_name" FROM "Qsee_analyser" WHERE "Qsee_analyser"."id" = 3 LIMIT 21; args=(3,)
"GET /test_input/8/3/ HTTP/1.1" 200 1274
Exception while resolving variable 'name' in template 'unknown'.
Traceback (most recent call last):
  File "/Users/apple/opt/anaconda3/lib/python3.9/site-packages/django/core/handlers/exception.py", line 47, in inner
    response = get_response(request)
  File "/Users/apple/opt/anaconda3/lib/python3.9/site-packages/django/core/handlers/base.py", line 167, in _get_response
    callback, callback_args, callback_kwargs = self.resolve_request(request)
  File "/Users/apple/opt/anaconda3/lib/python3.9/site-packages/django/core/handlers/base.py", line 290, in resolve_request
    resolver_match = resolver.resolve(request.path_info)
  File "/Users/apple/opt/anaconda3/lib/python3.9/site-packages/django/urls/resolvers.py", line 589, in resolve
    raise Resolver404({'tried': tried, 'path': new_path})
django.urls.exceptions.Resolver404: {'tried': [[<URLResolver <URLPattern list> (admin:admin) 'admin/'>], [<URLResolver <module 'Qsee.urls' from '/Users/apple/PycharmProjects/Qsee3/Qsee/urls.py'> (None:None) ''>, <URLPattern '' [name='index']>], [<URLResolver <module 'Qsee.urls' from '/Users/apple/PycharmProjects/Qsee3/Qsee/urls.py'> (None:None) ''>, <URLPattern '404Error/' [name='qsee_error']>], [<URLResolver <module 'Qsee.urls' from '/Users/apple/PycharmProjects/Qsee3/Qsee/urls.py'> (None:None) ''>, <URLPattern 'assays/' [name='assays']>], [<URLResolver <module 'Qsee.urls' from '/Users/apple/PycharmProjects/Qsee3/Qsee/urls.py'> (None:None) ''>, <URLPattern 'controls/<assay_id>/' [name='controls']>], [<URLResolver <module 'Qsee.urls' from '/Users/apple/PycharmProjects/Qsee3/Qsee/urls.py'> (None:None) ''>, <URLPattern 'tests/<control_id>/' [name='tests']>], [<URLResolver <module 'Qsee.urls' from '/Users/apple/PycharmProjects/Qsee3/Qsee/urls.py'> (None:None) ''>, <URLPattern 'test_input/<control_id>/<analyser_id>/' [name='test_input']>], [<URLResolver <module 'Qsee.urls' from '/Users/apple/PycharmProjects/Qsee3/Qsee/urls.py'> (None:None) ''>, <URLPattern 'settings/' [name='settings']>], [<URLResolver <module 'Qsee.urls' from '/Users/apple/PycharmProjects/Qsee3/Qsee/urls.py'> (None:None) ''>, <URLPattern 'settings/assay/' [name='settings_assay']>], [<URLResolver <module 'Qsee.urls' from '/Users/apple/PycharmProjects/Qsee3/Qsee/urls.py'> (None:None) ''>, <URLPattern 'settings/control/' [name='settings_control']>], [<URLResolver <module 'Qsee.urls' from '/Users/apple/PycharmProjects/Qsee3/Qsee/urls.py'> (None:None) ''>, <URLPattern 'settings/analyser/' [name='settings_analyser']>]], 'path': 'favicon.ico'}

During handling of the above exception, another exception occurred:

Traceback (most recent call last):
  File "/Users/apple/opt/anaconda3/lib/python3.9/site-packages/django/template/base.py", line 829, in _resolve_lookup
    current = current[bit]
TypeError: 'URLResolver' object is not subscriptable

During handling of the above exception, another exception occurred:

Traceback (most recent call last):
  File "/Users/apple/opt/anaconda3/lib/python3.9/site-packages/django/template/base.py", line 837, in _resolve_lookup
    current = getattr(current, bit)
AttributeError: 'URLResolver' object has no attribute 'name'

During handling of the above exception, another exception occurred:

Traceback (most recent call last):
  File "/Users/apple/opt/anaconda3/lib/python3.9/site-packages/django/template/base.py", line 843, in _resolve_lookup
    current = current[int(bit)]
ValueError: invalid literal for int() with base 10: 'name'

During handling of the above exception, another exception occurred:

Traceback (most recent call last):
  File "/Users/apple/opt/anaconda3/lib/python3.9/site-packages/django/template/base.py", line 848, in _resolve_lookup
    raise VariableDoesNotExist("Failed lookup for key "
django.template.base.VariableDoesNotExist: Failed lookup for key [name] in <URLResolver <URLPattern list> (admin:admin) 'admin/'>
Not Found: /favicon.ico
"GET /favicon.ico HTTP/1.1" 404 3953
File /Users/apple/PycharmProjects/Qsee3/Qsee/templates/Qsee previous mtime: 1645099038.6900952, current mtime: 1645099097.89961
/Users/apple/PycharmProjects/Qsee3/Qsee/templates/Qsee notified as changed. Signal results: [(<function template_changed at 0x7fdc09e95b80>, True), (<function translation_file_changed at 0x7fdc0b7d80d0>, None)].
File /Users/apple/PycharmProjects/Qsee3/Qsee/templates/Qsee/test_frontend.py previous mtime: 1645099038.6898224, current mtime: 1645099097.8994217
/Users/apple/PycharmProjects/Qsee3/Qsee/templates/Qsee/test_frontend.py notified as changed. Signal results: [(<function template_changed at 0x7fdc09e95b80>, True), (<function translation_file_changed at 0x7fdc0b7d80d0>, None)].
(0.000) SELECT "Qsee_control"."id", "Qsee_control"."assay_id_id", "Qsee_control"."control_name", "Qsee_control"."lot_number", "Qsee_control"."date_added", "Qsee_control"."active" FROM "Qsee_control" WHERE "Qsee_control"."id" = 8 LIMIT 21; args=(8,)
(0.000) SELECT "Qsee_assay"."id", "Qsee_assay"."assay_name", "Qsee_assay"."analyser_id" FROM "Qsee_assay" WHERE "Qsee_assay"."id" = 11 LIMIT 21; args=(11,)
(0.000) SELECT "Qsee_analyser"."id", "Qsee_analyser"."analyser_name" FROM "Qsee_analyser" WHERE "Qsee_analyser"."id" = 3 LIMIT 21; args=(3,)
"GET /test_input/8/3/ HTTP/1.1" 200 1274
Exception while resolving variable 'name' in template 'unknown'.
Traceback (most recent call last):
  File "/Users/apple/opt/anaconda3/lib/python3.9/site-packages/django/core/handlers/exception.py", line 47, in inner
    response = get_response(request)
  File "/Users/apple/opt/anaconda3/lib/python3.9/site-packages/django/core/handlers/base.py", line 167, in _get_response
    callback, callback_args, callback_kwargs = self.resolve_request(request)
  File "/Users/apple/opt/anaconda3/lib/python3.9/site-packages/django/core/handlers/base.py", line 290, in resolve_request
    resolver_match = resolver.resolve(request.path_info)
  File "/Users/apple/opt/anaconda3/lib/python3.9/site-packages/django/urls/resolvers.py", line 589, in resolve
    raise Resolver404({'tried': tried, 'path': new_path})
django.urls.exceptions.Resolver404: {'tried': [[<URLResolver <URLPattern list> (admin:admin) 'admin/'>], [<URLResolver <module 'Qsee.urls' from '/Users/apple/PycharmProjects/Qsee3/Qsee/urls.py'> (None:None) ''>, <URLPattern '' [name='index']>], [<URLResolver <module 'Qsee.urls' from '/Users/apple/PycharmProjects/Qsee3/Qsee/urls.py'> (None:None) ''>, <URLPattern '404Error/' [name='qsee_error']>], [<URLResolver <module 'Qsee.urls' from '/Users/apple/PycharmProjects/Qsee3/Qsee/urls.py'> (None:None) ''>, <URLPattern 'assays/' [name='assays']>], [<URLResolver <module 'Qsee.urls' from '/Users/apple/PycharmProjects/Qsee3/Qsee/urls.py'> (None:None) ''>, <URLPattern 'controls/<assay_id>/' [name='controls']>], [<URLResolver <module 'Qsee.urls' from '/Users/apple/PycharmProjects/Qsee3/Qsee/urls.py'> (None:None) ''>, <URLPattern 'tests/<control_id>/' [name='tests']>], [<URLResolver <module 'Qsee.urls' from '/Users/apple/PycharmProjects/Qsee3/Qsee/urls.py'> (None:None) ''>, <URLPattern 'test_input/<control_id>/<analyser_id>/' [name='test_input']>], [<URLResolver <module 'Qsee.urls' from '/Users/apple/PycharmProjects/Qsee3/Qsee/urls.py'> (None:None) ''>, <URLPattern 'settings/' [name='settings']>], [<URLResolver <module 'Qsee.urls' from '/Users/apple/PycharmProjects/Qsee3/Qsee/urls.py'> (None:None) ''>, <URLPattern 'settings/assay/' [name='settings_assay']>], [<URLResolver <module 'Qsee.urls' from '/Users/apple/PycharmProjects/Qsee3/Qsee/urls.py'> (None:None) ''>, <URLPattern 'settings/control/' [name='settings_control']>], [<URLResolver <module 'Qsee.urls' from '/Users/apple/PycharmProjects/Qsee3/Qsee/urls.py'> (None:None) ''>, <URLPattern 'settings/analyser/' [name='settings_analyser']>]], 'path': 'favicon.ico'}

During handling of the above exception, another exception occurred:

Traceback (most recent call last):
  File "/Users/apple/opt/anaconda3/lib/python3.9/site-packages/django/template/base.py", line 829, in _resolve_lookup
    current = current[bit]
TypeError: 'URLResolver' object is not subscriptable

During handling of the above exception, another exception occurred:

Traceback (most recent call last):
  File "/Users/apple/opt/anaconda3/lib/python3.9/site-packages/django/template/base.py", line 837, in _resolve_lookup
    current = getattr(current, bit)
AttributeError: 'URLResolver' object has no attribute 'name'

During handling of the above exception, another exception occurred:

Traceback (most recent call last):
  File "/Users/apple/opt/anaconda3/lib/python3.9/site-packages/django/template/base.py", line 843, in _resolve_lookup
    current = current[int(bit)]
ValueError: invalid literal for int() with base 10: 'name'

During handling of the above exception, another exception occurred:

Traceback (most recent call last):
  File "/Users/apple/opt/anaconda3/lib/python3.9/site-packages/django/template/base.py", line 848, in _resolve_lookup
    raise VariableDoesNotExist("Failed lookup for key "
django.template.base.VariableDoesNotExist: Failed lookup for key [name] in <URLResolver <URLPattern list> (admin:admin) 'admin/'>
Not Found: /favicon.ico
"GET /favicon.ico HTTP/1.1" 404 3953
File /Users/apple/PycharmProjects/Qsee3/Qsee/templates/Qsee previous mtime: 1645099097.89961, current mtime: 1645099129.1225781
/Users/apple/PycharmProjects/Qsee3/Qsee/templates/Qsee notified as changed. Signal results: [(<function template_changed at 0x7fdc09e95b80>, True), (<function translation_file_changed at 0x7fdc0b7d80d0>, None)].
File /Users/apple/PycharmProjects/Qsee3/Qsee/templates/Qsee/test_frontend.py previous mtime: 1645099097.8994217, current mtime: 1645099129.1224535
/Users/apple/PycharmProjects/Qsee3/Qsee/templates/Qsee/test_frontend.py notified as changed. Signal results: [(<function template_changed at 0x7fdc09e95b80>, True), (<function translation_file_changed at 0x7fdc0b7d80d0>, None)].
File /Users/apple/PycharmProjects/Qsee3/Qsee/templates/Qsee previous mtime: 1645099129.1225781, current mtime: 1645099224.75759
/Users/apple/PycharmProjects/Qsee3/Qsee/templates/Qsee notified as changed. Signal results: [(<function template_changed at 0x7fdc09e95b80>, True), (<function translation_file_changed at 0x7fdc0b7d80d0>, None)].
File /Users/apple/PycharmProjects/Qsee3/Qsee/templates/Qsee/test_frontend.py previous mtime: 1645099129.1224535, current mtime: 1645099224.7574527
/Users/apple/PycharmProjects/Qsee3/Qsee/templates/Qsee/test_frontend.py notified as changed. Signal results: [(<function template_changed at 0x7fdc09e95b80>, True), (<function translation_file_changed at 0x7fdc0b7d80d0>, None)].
File /Users/apple/PycharmProjects/Qsee3/Qsee/templates/Qsee previous mtime: 1645099224.75759, current mtime: 1645099250.32919
/Users/apple/PycharmProjects/Qsee3/Qsee/templates/Qsee notified as changed. Signal results: [(<function template_changed at 0x7fdc09e95b80>, True), (<function translation_file_changed at 0x7fdc0b7d80d0>, None)].
File /Users/apple/PycharmProjects/Qsee3/Qsee/templates/Qsee/test_frontend.py previous mtime: 1645099224.7574527, current mtime: 1645099250.3290298
/Users/apple/PycharmProjects/Qsee3/Qsee/templates/Qsee/test_frontend.py notified as changed. Signal results: [(<function template_changed at 0x7fdc09e95b80>, True), (<function translation_file_changed at 0x7fdc0b7d80d0>, None)].
File /Users/apple/PycharmProjects/Qsee3/Qsee/templates/Qsee previous mtime: 1645099250.32919, current mtime: 1645099262.9000697
/Users/apple/PycharmProjects/Qsee3/Qsee/templates/Qsee notified as changed. Signal results: [(<function template_changed at 0x7fdc09e95b80>, True), (<function translation_file_changed at 0x7fdc0b7d80d0>, None)].
File /Users/apple/PycharmProjects/Qsee3/Qsee/templates/Qsee/test_frontend.py previous mtime: 1645099250.3290298, current mtime: 1645099262.8999186
/Users/apple/PycharmProjects/Qsee3/Qsee/templates/Qsee/test_frontend.py notified as changed. Signal results: [(<function template_changed at 0x7fdc09e95b80>, True), (<function translation_file_changed at 0x7fdc0b7d80d0>, None)].
File /Users/apple/PycharmProjects/Qsee3/Qsee/templates/Qsee previous mtime: 1645099262.9000697, current mtime: 1645099321.6907153
/Users/apple/PycharmProjects/Qsee3/Qsee/templates/Qsee notified as changed. Signal results: [(<function template_changed at 0x7fdc09e95b80>, True), (<function translation_file_changed at 0x7fdc0b7d80d0>, None)].
File /Users/apple/PycharmProjects/Qsee3/Qsee/templates/Qsee/test_frontend.py previous mtime: 1645099262.8999186, current mtime: 1645099321.690567
/Users/apple/PycharmProjects/Qsee3/Qsee/templates/Qsee/test_frontend.py notified as changed. Signal results: [(<function template_changed at 0x7fdc09e95b80>, True), (<function translation_file_changed at 0x7fdc0b7d80d0>, None)].
File /Users/apple/PycharmProjects/Qsee3/Qsee/templates/Qsee previous mtime: 1645099321.6907153, current mtime: 1645099398.0185266
/Users/apple/PycharmProjects/Qsee3/Qsee/templates/Qsee notified as changed. Signal results: [(<function template_changed at 0x7fdc09e95b80>, True), (<function translation_file_changed at 0x7fdc0b7d80d0>, None)].
File /Users/apple/PycharmProjects/Qsee3/Qsee/templates/Qsee/test_frontend.py previous mtime: 1645099321.690567, current mtime: 1645099398.018402
/Users/apple/PycharmProjects/Qsee3/Qsee/templates/Qsee/test_frontend.py notified as changed. Signal results: [(<function template_changed at 0x7fdc09e95b80>, True), (<function translation_file_changed at 0x7fdc0b7d80d0>, None)].
File /Users/apple/PycharmProjects/Qsee3/Qsee/templates/Qsee previous mtime: 1645099398.0185266, current mtime: 1645099449.9384227
/Users/apple/PycharmProjects/Qsee3/Qsee/templates/Qsee notified as changed. Signal results: [(<function template_changed at 0x7fdc09e95b80>, True), (<function translation_file_changed at 0x7fdc0b7d80d0>, None)].
File /Users/apple/PycharmProjects/Qsee3/Qsee/templates/Qsee/test_frontend.py previous mtime: 1645099398.018402, current mtime: 1645099449.9381137
/Users/apple/PycharmProjects/Qsee3/Qsee/templates/Qsee/test_frontend.py notified as changed. Signal results: [(<function template_changed at 0x7fdc09e95b80>, True), (<function translation_file_changed at 0x7fdc0b7d80d0>, None)].
File /Users/apple/PycharmProjects/Qsee3/Qsee/templates/Qsee previous mtime: 1645099449.9384227, current mtime: 1645099470.524125
/Users/apple/PycharmProjects/Qsee3/Qsee/templates/Qsee notified as changed. Signal results: [(<function template_changed at 0x7fdc09e95b80>, True), (<function translation_file_changed at 0x7fdc0b7d80d0>, None)].
File /Users/apple/PycharmProjects/Qsee3/Qsee/templates/Qsee/test_frontend.py previous mtime: 1645099449.9381137, current mtime: 1645099470.5236151
/Users/apple/PycharmProjects/Qsee3/Qsee/templates/Qsee/test_frontend.py notified as changed. Signal results: [(<function template_changed at 0x7fdc09e95b80>, True), (<function translation_file_changed at 0x7fdc0b7d80d0>, None)].
(0.000) SELECT "Qsee_control"."id", "Qsee_control"."assay_id_id", "Qsee_control"."control_name", "Qsee_control"."lot_number", "Qsee_control"."date_added", "Qsee_control"."active" FROM "Qsee_control" WHERE "Qsee_control"."id" = 8 LIMIT 21; args=(8,)
(0.000) SELECT "Qsee_assay"."id", "Qsee_assay"."assay_name", "Qsee_assay"."analyser_id" FROM "Qsee_assay" WHERE "Qsee_assay"."id" = 11 LIMIT 21; args=(11,)
(0.000) SELECT "Qsee_analyser"."id", "Qsee_analyser"."analyser_name" FROM "Qsee_analyser" WHERE "Qsee_analyser"."id" = 3 LIMIT 21; args=(3,)
"GET /test_input/8/3/ HTTP/1.1" 200 1274
Exception while resolving variable 'name' in template 'unknown'.
Traceback (most recent call last):
  File "/Users/apple/opt/anaconda3/lib/python3.9/site-packages/django/core/handlers/exception.py", line 47, in inner
    response = get_response(request)
  File "/Users/apple/opt/anaconda3/lib/python3.9/site-packages/django/core/handlers/base.py", line 167, in _get_response
    callback, callback_args, callback_kwargs = self.resolve_request(request)
  File "/Users/apple/opt/anaconda3/lib/python3.9/site-packages/django/core/handlers/base.py", line 290, in resolve_request
    resolver_match = resolver.resolve(request.path_info)
  File "/Users/apple/opt/anaconda3/lib/python3.9/site-packages/django/urls/resolvers.py", line 589, in resolve
    raise Resolver404({'tried': tried, 'path': new_path})
django.urls.exceptions.Resolver404: {'tried': [[<URLResolver <URLPattern list> (admin:admin) 'admin/'>], [<URLResolver <module 'Qsee.urls' from '/Users/apple/PycharmProjects/Qsee3/Qsee/urls.py'> (None:None) ''>, <URLPattern '' [name='index']>], [<URLResolver <module 'Qsee.urls' from '/Users/apple/PycharmProjects/Qsee3/Qsee/urls.py'> (None:None) ''>, <URLPattern '404Error/' [name='qsee_error']>], [<URLResolver <module 'Qsee.urls' from '/Users/apple/PycharmProjects/Qsee3/Qsee/urls.py'> (None:None) ''>, <URLPattern 'assays/' [name='assays']>], [<URLResolver <module 'Qsee.urls' from '/Users/apple/PycharmProjects/Qsee3/Qsee/urls.py'> (None:None) ''>, <URLPattern 'controls/<assay_id>/' [name='controls']>], [<URLResolver <module 'Qsee.urls' from '/Users/apple/PycharmProjects/Qsee3/Qsee/urls.py'> (None:None) ''>, <URLPattern 'tests/<control_id>/' [name='tests']>], [<URLResolver <module 'Qsee.urls' from '/Users/apple/PycharmProjects/Qsee3/Qsee/urls.py'> (None:None) ''>, <URLPattern 'test_input/<control_id>/<analyser_id>/' [name='test_input']>], [<URLResolver <module 'Qsee.urls' from '/Users/apple/PycharmProjects/Qsee3/Qsee/urls.py'> (None:None) ''>, <URLPattern 'settings/' [name='settings']>], [<URLResolver <module 'Qsee.urls' from '/Users/apple/PycharmProjects/Qsee3/Qsee/urls.py'> (None:None) ''>, <URLPattern 'settings/assay/' [name='settings_assay']>], [<URLResolver <module 'Qsee.urls' from '/Users/apple/PycharmProjects/Qsee3/Qsee/urls.py'> (None:None) ''>, <URLPattern 'settings/control/' [name='settings_control']>], [<URLResolver <module 'Qsee.urls' from '/Users/apple/PycharmProjects/Qsee3/Qsee/urls.py'> (None:None) ''>, <URLPattern 'settings/analyser/' [name='settings_analyser']>]], 'path': 'favicon.ico'}

During handling of the above exception, another exception occurred:

Traceback (most recent call last):
  File "/Users/apple/opt/anaconda3/lib/python3.9/site-packages/django/template/base.py", line 829, in _resolve_lookup
    current = current[bit]
TypeError: 'URLResolver' object is not subscriptable

During handling of the above exception, another exception occurred:

Traceback (most recent call last):
  File "/Users/apple/opt/anaconda3/lib/python3.9/site-packages/django/template/base.py", line 837, in _resolve_lookup
    current = getattr(current, bit)
AttributeError: 'URLResolver' object has no attribute 'name'

During handling of the above exception, another exception occurred:

Traceback (most recent call last):
  File "/Users/apple/opt/anaconda3/lib/python3.9/site-packages/django/template/base.py", line 843, in _resolve_lookup
    current = current[int(bit)]
ValueError: invalid literal for int() with base 10: 'name'

During handling of the above exception, another exception occurred:

Traceback (most recent call last):
  File "/Users/apple/opt/anaconda3/lib/python3.9/site-packages/django/template/base.py", line 848, in _resolve_lookup
    raise VariableDoesNotExist("Failed lookup for key "
django.template.base.VariableDoesNotExist: Failed lookup for key [name] in <URLResolver <URLPattern list> (admin:admin) 'admin/'>
Not Found: /favicon.ico
"GET /favicon.ico HTTP/1.1" 404 3953
File /Users/apple/PycharmProjects/Qsee3/Qsee/templates/Qsee previous mtime: 1645099470.524125, current mtime: 1645099489.739393
/Users/apple/PycharmProjects/Qsee3/Qsee/templates/Qsee notified as changed. Signal results: [(<function template_changed at 0x7fdc09e95b80>, True), (<function translation_file_changed at 0x7fdc0b7d80d0>, None)].
File /Users/apple/PycharmProjects/Qsee3/Qsee/templates/Qsee/test_frontend.py previous mtime: 1645099470.5236151, current mtime: 1645099489.739217
/Users/apple/PycharmProjects/Qsee3/Qsee/templates/Qsee/test_frontend.py notified as changed. Signal results: [(<function template_changed at 0x7fdc09e95b80>, True), (<function translation_file_changed at 0x7fdc0b7d80d0>, None)].
(0.000) SELECT "Qsee_control"."id", "Qsee_control"."assay_id_id", "Qsee_control"."control_name", "Qsee_control"."lot_number", "Qsee_control"."date_added", "Qsee_control"."active" FROM "Qsee_control" WHERE "Qsee_control"."id" = 8 LIMIT 21; args=(8,)
(0.000) SELECT "Qsee_assay"."id", "Qsee_assay"."assay_name", "Qsee_assay"."analyser_id" FROM "Qsee_assay" WHERE "Qsee_assay"."id" = 11 LIMIT 21; args=(11,)
(0.000) SELECT "Qsee_analyser"."id", "Qsee_analyser"."analyser_name" FROM "Qsee_analyser" WHERE "Qsee_analyser"."id" = 3 LIMIT 21; args=(3,)
"GET /test_input/8/3/ HTTP/1.1" 200 1274
Exception while resolving variable 'name' in template 'unknown'.
Traceback (most recent call last):
  File "/Users/apple/opt/anaconda3/lib/python3.9/site-packages/django/core/handlers/exception.py", line 47, in inner
    response = get_response(request)
  File "/Users/apple/opt/anaconda3/lib/python3.9/site-packages/django/core/handlers/base.py", line 167, in _get_response
    callback, callback_args, callback_kwargs = self.resolve_request(request)
  File "/Users/apple/opt/anaconda3/lib/python3.9/site-packages/django/core/handlers/base.py", line 290, in resolve_request
    resolver_match = resolver.resolve(request.path_info)
  File "/Users/apple/opt/anaconda3/lib/python3.9/site-packages/django/urls/resolvers.py", line 589, in resolve
    raise Resolver404({'tried': tried, 'path': new_path})
django.urls.exceptions.Resolver404: {'tried': [[<URLResolver <URLPattern list> (admin:admin) 'admin/'>], [<URLResolver <module 'Qsee.urls' from '/Users/apple/PycharmProjects/Qsee3/Qsee/urls.py'> (None:None) ''>, <URLPattern '' [name='index']>], [<URLResolver <module 'Qsee.urls' from '/Users/apple/PycharmProjects/Qsee3/Qsee/urls.py'> (None:None) ''>, <URLPattern '404Error/' [name='qsee_error']>], [<URLResolver <module 'Qsee.urls' from '/Users/apple/PycharmProjects/Qsee3/Qsee/urls.py'> (None:None) ''>, <URLPattern 'assays/' [name='assays']>], [<URLResolver <module 'Qsee.urls' from '/Users/apple/PycharmProjects/Qsee3/Qsee/urls.py'> (None:None) ''>, <URLPattern 'controls/<assay_id>/' [name='controls']>], [<URLResolver <module 'Qsee.urls' from '/Users/apple/PycharmProjects/Qsee3/Qsee/urls.py'> (None:None) ''>, <URLPattern 'tests/<control_id>/' [name='tests']>], [<URLResolver <module 'Qsee.urls' from '/Users/apple/PycharmProjects/Qsee3/Qsee/urls.py'> (None:None) ''>, <URLPattern 'test_input/<control_id>/<analyser_id>/' [name='test_input']>], [<URLResolver <module 'Qsee.urls' from '/Users/apple/PycharmProjects/Qsee3/Qsee/urls.py'> (None:None) ''>, <URLPattern 'settings/' [name='settings']>], [<URLResolver <module 'Qsee.urls' from '/Users/apple/PycharmProjects/Qsee3/Qsee/urls.py'> (None:None) ''>, <URLPattern 'settings/assay/' [name='settings_assay']>], [<URLResolver <module 'Qsee.urls' from '/Users/apple/PycharmProjects/Qsee3/Qsee/urls.py'> (None:None) ''>, <URLPattern 'settings/control/' [name='settings_control']>], [<URLResolver <module 'Qsee.urls' from '/Users/apple/PycharmProjects/Qsee3/Qsee/urls.py'> (None:None) ''>, <URLPattern 'settings/analyser/' [name='settings_analyser']>]], 'path': 'favicon.ico'}

During handling of the above exception, another exception occurred:

Traceback (most recent call last):
  File "/Users/apple/opt/anaconda3/lib/python3.9/site-packages/django/template/base.py", line 829, in _resolve_lookup
    current = current[bit]
TypeError: 'URLResolver' object is not subscriptable

During handling of the above exception, another exception occurred:

Traceback (most recent call last):
  File "/Users/apple/opt/anaconda3/lib/python3.9/site-packages/django/template/base.py", line 837, in _resolve_lookup
    current = getattr(current, bit)
AttributeError: 'URLResolver' object has no attribute 'name'

During handling of the above exception, another exception occurred:

Traceback (most recent call last):
  File "/Users/apple/opt/anaconda3/lib/python3.9/site-packages/django/template/base.py", line 843, in _resolve_lookup
    current = current[int(bit)]
ValueError: invalid literal for int() with base 10: 'name'

During handling of the above exception, another exception occurred:

Traceback (most recent call last):
  File "/Users/apple/opt/anaconda3/lib/python3.9/site-packages/django/template/base.py", line 848, in _resolve_lookup
    raise VariableDoesNotExist("Failed lookup for key "
django.template.base.VariableDoesNotExist: Failed lookup for key [name] in <URLResolver <URLPattern list> (admin:admin) 'admin/'>
Not Found: /favicon.ico
"GET /favicon.ico HTTP/1.1" 404 3953
File /Users/apple/PycharmProjects/Qsee3/Qsee/templates/Qsee previous mtime: 1645099489.739393, current mtime: 1645099521.6613512
/Users/apple/PycharmProjects/Qsee3/Qsee/templates/Qsee notified as changed. Signal results: [(<function template_changed at 0x7fdc09e95b80>, True), (<function translation_file_changed at 0x7fdc0b7d80d0>, None)].
File /Users/apple/PycharmProjects/Qsee3/Qsee/templates/Qsee/test_frontend.py previous mtime: 1645099489.739217, current mtime: 1645099521.6611314
/Users/apple/PycharmProjects/Qsee3/Qsee/templates/Qsee/test_frontend.py notified as changed. Signal results: [(<function template_changed at 0x7fdc09e95b80>, True), (<function translation_file_changed at 0x7fdc0b7d80d0>, None)].
(0.000) SELECT "Qsee_control"."id", "Qsee_control"."assay_id_id", "Qsee_control"."control_name", "Qsee_control"."lot_number", "Qsee_control"."date_added", "Qsee_control"."active" FROM "Qsee_control" WHERE "Qsee_control"."id" = 8 LIMIT 21; args=(8,)
(0.000) SELECT "Qsee_assay"."id", "Qsee_assay"."assay_name", "Qsee_assay"."analyser_id" FROM "Qsee_assay" WHERE "Qsee_assay"."id" = 11 LIMIT 21; args=(11,)
(0.000) SELECT "Qsee_analyser"."id", "Qsee_analyser"."analyser_name" FROM "Qsee_analyser" WHERE "Qsee_analyser"."id" = 3 LIMIT 21; args=(3,)
"GET /test_input/8/3/ HTTP/1.1" 200 1274
Exception while resolving variable 'name' in template 'unknown'.
Traceback (most recent call last):
  File "/Users/apple/opt/anaconda3/lib/python3.9/site-packages/django/core/handlers/exception.py", line 47, in inner
    response = get_response(request)
  File "/Users/apple/opt/anaconda3/lib/python3.9/site-packages/django/core/handlers/base.py", line 167, in _get_response
    callback, callback_args, callback_kwargs = self.resolve_request(request)
  File "/Users/apple/opt/anaconda3/lib/python3.9/site-packages/django/core/handlers/base.py", line 290, in resolve_request
    resolver_match = resolver.resolve(request.path_info)
  File "/Users/apple/opt/anaconda3/lib/python3.9/site-packages/django/urls/resolvers.py", line 589, in resolve
    raise Resolver404({'tried': tried, 'path': new_path})
django.urls.exceptions.Resolver404: {'tried': [[<URLResolver <URLPattern list> (admin:admin) 'admin/'>], [<URLResolver <module 'Qsee.urls' from '/Users/apple/PycharmProjects/Qsee3/Qsee/urls.py'> (None:None) ''>, <URLPattern '' [name='index']>], [<URLResolver <module 'Qsee.urls' from '/Users/apple/PycharmProjects/Qsee3/Qsee/urls.py'> (None:None) ''>, <URLPattern '404Error/' [name='qsee_error']>], [<URLResolver <module 'Qsee.urls' from '/Users/apple/PycharmProjects/Qsee3/Qsee/urls.py'> (None:None) ''>, <URLPattern 'assays/' [name='assays']>], [<URLResolver <module 'Qsee.urls' from '/Users/apple/PycharmProjects/Qsee3/Qsee/urls.py'> (None:None) ''>, <URLPattern 'controls/<assay_id>/' [name='controls']>], [<URLResolver <module 'Qsee.urls' from '/Users/apple/PycharmProjects/Qsee3/Qsee/urls.py'> (None:None) ''>, <URLPattern 'tests/<control_id>/' [name='tests']>], [<URLResolver <module 'Qsee.urls' from '/Users/apple/PycharmProjects/Qsee3/Qsee/urls.py'> (None:None) ''>, <URLPattern 'test_input/<control_id>/<analyser_id>/' [name='test_input']>], [<URLResolver <module 'Qsee.urls' from '/Users/apple/PycharmProjects/Qsee3/Qsee/urls.py'> (None:None) ''>, <URLPattern 'settings/' [name='settings']>], [<URLResolver <module 'Qsee.urls' from '/Users/apple/PycharmProjects/Qsee3/Qsee/urls.py'> (None:None) ''>, <URLPattern 'settings/assay/' [name='settings_assay']>], [<URLResolver <module 'Qsee.urls' from '/Users/apple/PycharmProjects/Qsee3/Qsee/urls.py'> (None:None) ''>, <URLPattern 'settings/control/' [name='settings_control']>], [<URLResolver <module 'Qsee.urls' from '/Users/apple/PycharmProjects/Qsee3/Qsee/urls.py'> (None:None) ''>, <URLPattern 'settings/analyser/' [name='settings_analyser']>]], 'path': 'favicon.ico'}

During handling of the above exception, another exception occurred:

Traceback (most recent call last):
  File "/Users/apple/opt/anaconda3/lib/python3.9/site-packages/django/template/base.py", line 829, in _resolve_lookup
    current = current[bit]
TypeError: 'URLResolver' object is not subscriptable

During handling of the above exception, another exception occurred:

Traceback (most recent call last):
  File "/Users/apple/opt/anaconda3/lib/python3.9/site-packages/django/template/base.py", line 837, in _resolve_lookup
    current = getattr(current, bit)
AttributeError: 'URLResolver' object has no attribute 'name'

During handling of the above exception, another exception occurred:

Traceback (most recent call last):
  File "/Users/apple/opt/anaconda3/lib/python3.9/site-packages/django/template/base.py", line 843, in _resolve_lookup
    current = current[int(bit)]
ValueError: invalid literal for int() with base 10: 'name'

During handling of the above exception, another exception occurred:

Traceback (most recent call last):
  File "/Users/apple/opt/anaconda3/lib/python3.9/site-packages/django/template/base.py", line 848, in _resolve_lookup
    raise VariableDoesNotExist("Failed lookup for key "
django.template.base.VariableDoesNotExist: Failed lookup for key [name] in <URLResolver <URLPattern list> (admin:admin) 'admin/'>
Not Found: /favicon.ico
"GET /favicon.ico HTTP/1.1" 404 3953
File /Users/apple/PycharmProjects/Qsee3/Qsee/templates/Qsee previous mtime: 1645099521.6613512, current mtime: 1645099572.6439233
/Users/apple/PycharmProjects/Qsee3/Qsee/templates/Qsee notified as changed. Signal results: [(<function template_changed at 0x7fdc09e95b80>, True), (<function translation_file_changed at 0x7fdc0b7d80d0>, None)].
File /Users/apple/PycharmProjects/Qsee3/Qsee/templates/Qsee/test_frontend.py previous mtime: 1645099521.6611314, current mtime: 1645099572.6436696
/Users/apple/PycharmProjects/Qsee3/Qsee/templates/Qsee/test_frontend.py notified as changed. Signal results: [(<function template_changed at 0x7fdc09e95b80>, True), (<function translation_file_changed at 0x7fdc0b7d80d0>, None)].
(0.001) SELECT "Qsee_control"."id", "Qsee_control"."assay_id_id", "Qsee_control"."control_name", "Qsee_control"."lot_number", "Qsee_control"."date_added", "Qsee_control"."active" FROM "Qsee_control" WHERE "Qsee_control"."id" = 8 LIMIT 21; args=(8,)
(0.000) SELECT "Qsee_assay"."id", "Qsee_assay"."assay_name", "Qsee_assay"."analyser_id" FROM "Qsee_assay" WHERE "Qsee_assay"."id" = 11 LIMIT 21; args=(11,)
(0.000) SELECT "Qsee_analyser"."id", "Qsee_analyser"."analyser_name" FROM "Qsee_analyser" WHERE "Qsee_analyser"."id" = 3 LIMIT 21; args=(3,)
"GET /test_input/8/3/ HTTP/1.1" 200 1274
Exception while resolving variable 'name' in template 'unknown'.
Traceback (most recent call last):
  File "/Users/apple/opt/anaconda3/lib/python3.9/site-packages/django/core/handlers/exception.py", line 47, in inner
    response = get_response(request)
  File "/Users/apple/opt/anaconda3/lib/python3.9/site-packages/django/core/handlers/base.py", line 167, in _get_response
    callback, callback_args, callback_kwargs = self.resolve_request(request)
  File "/Users/apple/opt/anaconda3/lib/python3.9/site-packages/django/core/handlers/base.py", line 290, in resolve_request
    resolver_match = resolver.resolve(request.path_info)
  File "/Users/apple/opt/anaconda3/lib/python3.9/site-packages/django/urls/resolvers.py", line 589, in resolve
    raise Resolver404({'tried': tried, 'path': new_path})
django.urls.exceptions.Resolver404: {'tried': [[<URLResolver <URLPattern list> (admin:admin) 'admin/'>], [<URLResolver <module 'Qsee.urls' from '/Users/apple/PycharmProjects/Qsee3/Qsee/urls.py'> (None:None) ''>, <URLPattern '' [name='index']>], [<URLResolver <module 'Qsee.urls' from '/Users/apple/PycharmProjects/Qsee3/Qsee/urls.py'> (None:None) ''>, <URLPattern '404Error/' [name='qsee_error']>], [<URLResolver <module 'Qsee.urls' from '/Users/apple/PycharmProjects/Qsee3/Qsee/urls.py'> (None:None) ''>, <URLPattern 'assays/' [name='assays']>], [<URLResolver <module 'Qsee.urls' from '/Users/apple/PycharmProjects/Qsee3/Qsee/urls.py'> (None:None) ''>, <URLPattern 'controls/<assay_id>/' [name='controls']>], [<URLResolver <module 'Qsee.urls' from '/Users/apple/PycharmProjects/Qsee3/Qsee/urls.py'> (None:None) ''>, <URLPattern 'tests/<control_id>/' [name='tests']>], [<URLResolver <module 'Qsee.urls' from '/Users/apple/PycharmProjects/Qsee3/Qsee/urls.py'> (None:None) ''>, <URLPattern 'test_input/<control_id>/<analyser_id>/' [name='test_input']>], [<URLResolver <module 'Qsee.urls' from '/Users/apple/PycharmProjects/Qsee3/Qsee/urls.py'> (None:None) ''>, <URLPattern 'settings/' [name='settings']>], [<URLResolver <module 'Qsee.urls' from '/Users/apple/PycharmProjects/Qsee3/Qsee/urls.py'> (None:None) ''>, <URLPattern 'settings/assay/' [name='settings_assay']>], [<URLResolver <module 'Qsee.urls' from '/Users/apple/PycharmProjects/Qsee3/Qsee/urls.py'> (None:None) ''>, <URLPattern 'settings/control/' [name='settings_control']>], [<URLResolver <module 'Qsee.urls' from '/Users/apple/PycharmProjects/Qsee3/Qsee/urls.py'> (None:None) ''>, <URLPattern 'settings/analyser/' [name='settings_analyser']>]], 'path': 'favicon.ico'}

During handling of the above exception, another exception occurred:

Traceback (most recent call last):
  File "/Users/apple/opt/anaconda3/lib/python3.9/site-packages/django/template/base.py", line 829, in _resolve_lookup
    current = current[bit]
TypeError: 'URLResolver' object is not subscriptable

During handling of the above exception, another exception occurred:

Traceback (most recent call last):
  File "/Users/apple/opt/anaconda3/lib/python3.9/site-packages/django/template/base.py", line 837, in _resolve_lookup
    current = getattr(current, bit)
AttributeError: 'URLResolver' object has no attribute 'name'

During handling of the above exception, another exception occurred:

Traceback (most recent call last):
  File "/Users/apple/opt/anaconda3/lib/python3.9/site-packages/django/template/base.py", line 843, in _resolve_lookup
    current = current[int(bit)]
ValueError: invalid literal for int() with base 10: 'name'

During handling of the above exception, another exception occurred:

Traceback (most recent call last):
  File "/Users/apple/opt/anaconda3/lib/python3.9/site-packages/django/template/base.py", line 848, in _resolve_lookup
    raise VariableDoesNotExist("Failed lookup for key "
django.template.base.VariableDoesNotExist: Failed lookup for key [name] in <URLResolver <URLPattern list> (admin:admin) 'admin/'>
Not Found: /favicon.ico
"GET /favicon.ico HTTP/1.1" 404 3953
(0.001) SELECT "Qsee_control"."id", "Qsee_control"."assay_id_id", "Qsee_control"."control_name", "Qsee_control"."lot_number", "Qsee_control"."date_added", "Qsee_control"."active" FROM "Qsee_control" WHERE "Qsee_control"."id" = 8 LIMIT 21; args=(8,)
(0.000) SELECT "Qsee_assay"."id", "Qsee_assay"."assay_name", "Qsee_assay"."analyser_id" FROM "Qsee_assay" WHERE "Qsee_assay"."id" = 11 LIMIT 21; args=(11,)
(0.000) SELECT "Qsee_analyser"."id", "Qsee_analyser"."analyser_name" FROM "Qsee_analyser" WHERE "Qsee_analyser"."id" = 3 LIMIT 21; args=(3,)
(0.000) SELECT "Qsee_test"."result" FROM "Qsee_test" WHERE "Qsee_test"."control_id_id" = 8 ORDER BY "Qsee_test"."id" ASC; args=(8,)
(0.000) SELECT "Qsee_control"."id", "Qsee_control"."assay_id_id", "Qsee_control"."control_name", "Qsee_control"."lot_number", "Qsee_control"."date_added", "Qsee_control"."active" FROM "Qsee_control" WHERE "Qsee_control"."id" = 8 LIMIT 21; args=(8,)
(0.000) SELECT "Qsee_analyser"."id", "Qsee_analyser"."analyser_name" FROM "Qsee_analyser" WHERE "Qsee_analyser"."id" = 3 LIMIT 21; args=(3,)
(0.003) INSERT INTO "Qsee_test" ("result", "test_date", "control_id_id", "analyser_id_id", "operator", "note") VALUES (30.0, '20/01/2023', 8, 3, 'GD', '11403'); args=[30.0, '20/01/2023', 8, 3, 'GD', '11403']
"POST /test_input/8/3/ HTTP/1.1" 302 0
"GET /tests/8 HTTP/1.1" 301 0
(0.000) SELECT "Qsee_control"."id", "Qsee_control"."assay_id_id", "Qsee_control"."control_name", "Qsee_control"."lot_number", "Qsee_control"."date_added", "Qsee_control"."active" FROM "Qsee_control" WHERE "Qsee_control"."id" = 8 LIMIT 21; args=(8,)
(0.000) SELECT "Qsee_test"."id", "Qsee_test"."result", "Qsee_test"."test_date", "Qsee_test"."control_id_id", "Qsee_test"."analyser_id_id", "Qsee_test"."operator", "Qsee_test"."note" FROM "Qsee_test" WHERE "Qsee_test"."control_id_id" = 8; args=(8,)
(0.000) SELECT "Qsee_analyser"."id", "Qsee_analyser"."analyser_name" FROM "Qsee_analyser" WHERE "Qsee_analyser"."id" = 3 LIMIT 21; args=(3,)
(0.000) SELECT "Qsee_analyser"."id", "Qsee_analyser"."analyser_name" FROM "Qsee_analyser" WHERE "Qsee_analyser"."id" = 3 LIMIT 21; args=(3,)
(0.000) SELECT "Qsee_test"."result" FROM "Qsee_test" WHERE "Qsee_test"."control_id_id" = 8 ORDER BY "Qsee_test"."id" ASC; args=(8,)
(0.000) SELECT "Qsee_test"."test_date" FROM "Qsee_test" WHERE "Qsee_test"."control_id_id" = 8 ORDER BY "Qsee_test"."id" ASC; args=(8,)
(0.000) SELECT "Qsee_control"."id", "Qsee_control"."assay_id_id", "Qsee_control"."control_name", "Qsee_control"."lot_number", "Qsee_control"."date_added", "Qsee_control"."active" FROM "Qsee_control" WHERE "Qsee_control"."id" = 8 LIMIT 21; args=(8,)
(0.000) SELECT "Qsee_assay"."id", "Qsee_assay"."assay_name", "Qsee_assay"."analyser_id" FROM "Qsee_assay" WHERE "Qsee_assay"."id" = 11 LIMIT 21; args=(11,)
(0.000) SELECT "Qsee_assay"."id", "Qsee_assay"."assay_name", "Qsee_assay"."analyser_id" FROM "Qsee_assay" WHERE "Qsee_assay"."id" = 11 LIMIT 21; args=(11,)
(0.000) SELECT "Qsee_test"."id", "Qsee_test"."result", "Qsee_test"."test_date", "Qsee_test"."control_id_id", "Qsee_test"."analyser_id_id", "Qsee_test"."operator", "Qsee_test"."note" FROM "Qsee_test" WHERE ("Qsee_test"."analyser_id_id" = 3 AND "Qsee_test"."control_id_id" = 8); args=(3, 8)
(0.000) SELECT "Qsee_analyser"."id", "Qsee_analyser"."analyser_name" FROM "Qsee_analyser"; args=()
"GET /tests/8/ HTTP/1.1" 200 1413
"GET /static/Test%2C%20%20Test.svg HTTP/1.1" 200 181500
(0.000) SELECT "Qsee_control"."id", "Qsee_control"."assay_id_id", "Qsee_control"."control_name", "Qsee_control"."lot_number", "Qsee_control"."date_added", "Qsee_control"."active" FROM "Qsee_control" WHERE "Qsee_control"."id" = 8 LIMIT 21; args=(8,)
(0.000) SELECT "Qsee_test"."id", "Qsee_test"."result", "Qsee_test"."test_date", "Qsee_test"."control_id_id", "Qsee_test"."analyser_id_id", "Qsee_test"."operator", "Qsee_test"."note" FROM "Qsee_test" WHERE "Qsee_test"."control_id_id" = 8; args=(8,)
(0.000) SELECT "Qsee_analyser"."id", "Qsee_analyser"."analyser_name" FROM "Qsee_analyser" WHERE "Qsee_analyser"."id" = 3 LIMIT 21; args=(3,)
(0.000) SELECT "Qsee_analyser"."id", "Qsee_analyser"."analyser_name" FROM "Qsee_analyser" WHERE "Qsee_analyser"."id" = 3 LIMIT 21; args=(3,)
(0.000) SELECT "Qsee_test"."result" FROM "Qsee_test" WHERE "Qsee_test"."control_id_id" = 8 ORDER BY "Qsee_test"."id" ASC; args=(8,)
(0.000) SELECT "Qsee_test"."test_date" FROM "Qsee_test" WHERE "Qsee_test"."control_id_id" = 8 ORDER BY "Qsee_test"."id" ASC; args=(8,)
(0.000) SELECT "Qsee_control"."id", "Qsee_control"."assay_id_id", "Qsee_control"."control_name", "Qsee_control"."lot_number", "Qsee_control"."date_added", "Qsee_control"."active" FROM "Qsee_control" WHERE "Qsee_control"."id" = 8 LIMIT 21; args=(8,)
(0.000) SELECT "Qsee_assay"."id", "Qsee_assay"."assay_name", "Qsee_assay"."analyser_id" FROM "Qsee_assay" WHERE "Qsee_assay"."id" = 11 LIMIT 21; args=(11,)
(0.000) SELECT "Qsee_assay"."id", "Qsee_assay"."assay_name", "Qsee_assay"."analyser_id" FROM "Qsee_assay" WHERE "Qsee_assay"."id" = 11 LIMIT 21; args=(11,)
(0.000) SELECT "Qsee_test"."id", "Qsee_test"."result", "Qsee_test"."test_date", "Qsee_test"."control_id_id", "Qsee_test"."analyser_id_id", "Qsee_test"."operator", "Qsee_test"."note" FROM "Qsee_test" WHERE ("Qsee_test"."analyser_id_id" = 3 AND "Qsee_test"."control_id_id" = 8); args=(3, 8)
(0.000) SELECT "Qsee_analyser"."id", "Qsee_analyser"."analyser_name" FROM "Qsee_analyser"; args=()
"GET /tests/8/ HTTP/1.1" 200 1413
"GET /static/Test%2C%20%20Test.svg HTTP/1.1" 304 0
(0.000) SELECT "Qsee_control"."id", "Qsee_control"."assay_id_id", "Qsee_control"."control_name", "Qsee_control"."lot_number", "Qsee_control"."date_added", "Qsee_control"."active" FROM "Qsee_control" WHERE "Qsee_control"."id" = 8 LIMIT 21; args=(8,)
(0.000) SELECT "Qsee_test"."id", "Qsee_test"."result", "Qsee_test"."test_date", "Qsee_test"."control_id_id", "Qsee_test"."analyser_id_id", "Qsee_test"."operator", "Qsee_test"."note" FROM "Qsee_test" WHERE "Qsee_test"."control_id_id" = 8; args=(8,)
(0.000) SELECT "Qsee_analyser"."id", "Qsee_analyser"."analyser_name" FROM "Qsee_analyser" WHERE "Qsee_analyser"."id" = 3 LIMIT 21; args=(3,)
(0.000) SELECT "Qsee_analyser"."id", "Qsee_analyser"."analyser_name" FROM "Qsee_analyser" WHERE "Qsee_analyser"."id" = 3 LIMIT 21; args=(3,)
(0.000) SELECT "Qsee_test"."result" FROM "Qsee_test" WHERE "Qsee_test"."control_id_id" = 8 ORDER BY "Qsee_test"."id" ASC; args=(8,)
(0.000) SELECT "Qsee_test"."test_date" FROM "Qsee_test" WHERE "Qsee_test"."control_id_id" = 8 ORDER BY "Qsee_test"."id" ASC; args=(8,)
(0.000) SELECT "Qsee_control"."id", "Qsee_control"."assay_id_id", "Qsee_control"."control_name", "Qsee_control"."lot_number", "Qsee_control"."date_added", "Qsee_control"."active" FROM "Qsee_control" WHERE "Qsee_control"."id" = 8 LIMIT 21; args=(8,)
(0.000) SELECT "Qsee_assay"."id", "Qsee_assay"."assay_name", "Qsee_assay"."analyser_id" FROM "Qsee_assay" WHERE "Qsee_assay"."id" = 11 LIMIT 21; args=(11,)
(0.000) SELECT "Qsee_assay"."id", "Qsee_assay"."assay_name", "Qsee_assay"."analyser_id" FROM "Qsee_assay" WHERE "Qsee_assay"."id" = 11 LIMIT 21; args=(11,)
(0.000) SELECT "Qsee_test"."id", "Qsee_test"."result", "Qsee_test"."test_date", "Qsee_test"."control_id_id", "Qsee_test"."analyser_id_id", "Qsee_test"."operator", "Qsee_test"."note" FROM "Qsee_test" WHERE ("Qsee_test"."analyser_id_id" = 3 AND "Qsee_test"."control_id_id" = 8); args=(3, 8)
(0.000) SELECT "Qsee_analyser"."id", "Qsee_analyser"."analyser_name" FROM "Qsee_analyser"; args=()
"GET /tests/8/ HTTP/1.1" 200 1413
"GET /static/Test%2C%20%20Test.svg HTTP/1.1" 304 0
(0.000) SELECT "Qsee_control"."id", "Qsee_control"."assay_id_id", "Qsee_control"."control_name", "Qsee_control"."lot_number", "Qsee_control"."date_added", "Qsee_control"."active" FROM "Qsee_control" WHERE "Qsee_control"."id" = 8 LIMIT 21; args=(8,)
(0.000) SELECT "Qsee_test"."id", "Qsee_test"."result", "Qsee_test"."test_date", "Qsee_test"."control_id_id", "Qsee_test"."analyser_id_id", "Qsee_test"."operator", "Qsee_test"."note" FROM "Qsee_test" WHERE "Qsee_test"."control_id_id" = 8; args=(8,)
(0.000) SELECT "Qsee_analyser"."id", "Qsee_analyser"."analyser_name" FROM "Qsee_analyser" WHERE "Qsee_analyser"."id" = 3 LIMIT 21; args=(3,)
(0.000) SELECT "Qsee_analyser"."id", "Qsee_analyser"."analyser_name" FROM "Qsee_analyser" WHERE "Qsee_analyser"."id" = 3 LIMIT 21; args=(3,)
(0.000) SELECT "Qsee_test"."result" FROM "Qsee_test" WHERE "Qsee_test"."control_id_id" = 8 ORDER BY "Qsee_test"."id" ASC; args=(8,)
(0.000) SELECT "Qsee_test"."test_date" FROM "Qsee_test" WHERE "Qsee_test"."control_id_id" = 8 ORDER BY "Qsee_test"."id" ASC; args=(8,)
(0.000) SELECT "Qsee_control"."id", "Qsee_control"."assay_id_id", "Qsee_control"."control_name", "Qsee_control"."lot_number", "Qsee_control"."date_added", "Qsee_control"."active" FROM "Qsee_control" WHERE "Qsee_control"."id" = 8 LIMIT 21; args=(8,)
(0.000) SELECT "Qsee_assay"."id", "Qsee_assay"."assay_name", "Qsee_assay"."analyser_id" FROM "Qsee_assay" WHERE "Qsee_assay"."id" = 11 LIMIT 21; args=(11,)
(0.000) SELECT "Qsee_assay"."id", "Qsee_assay"."assay_name", "Qsee_assay"."analyser_id" FROM "Qsee_assay" WHERE "Qsee_assay"."id" = 11 LIMIT 21; args=(11,)
(0.000) SELECT "Qsee_test"."id", "Qsee_test"."result", "Qsee_test"."test_date", "Qsee_test"."control_id_id", "Qsee_test"."analyser_id_id", "Qsee_test"."operator", "Qsee_test"."note" FROM "Qsee_test" WHERE ("Qsee_test"."analyser_id_id" = 3 AND "Qsee_test"."control_id_id" = 8); args=(3, 8)
(0.000) SELECT "Qsee_analyser"."id", "Qsee_analyser"."analyser_name" FROM "Qsee_analyser"; args=()
"GET /tests/8/ HTTP/1.1" 200 1413
"GET /static/Test%2C%20%20Test.svg HTTP/1.1" 304 0
(0.001) SELECT "Qsee_control"."id", "Qsee_control"."assay_id_id", "Qsee_control"."control_name", "Qsee_control"."lot_number", "Qsee_control"."date_added", "Qsee_control"."active" FROM "Qsee_control" WHERE "Qsee_control"."id" = 8 LIMIT 21; args=(8,)
(0.001) SELECT "Qsee_test"."id", "Qsee_test"."result", "Qsee_test"."test_date", "Qsee_test"."control_id_id", "Qsee_test"."analyser_id_id", "Qsee_test"."operator", "Qsee_test"."note" FROM "Qsee_test" WHERE "Qsee_test"."control_id_id" = 8; args=(8,)
(0.000) SELECT "Qsee_analyser"."id", "Qsee_analyser"."analyser_name" FROM "Qsee_analyser" WHERE "Qsee_analyser"."id" = 3 LIMIT 21; args=(3,)
(0.000) SELECT "Qsee_analyser"."id", "Qsee_analyser"."analyser_name" FROM "Qsee_analyser" WHERE "Qsee_analyser"."id" = 3 LIMIT 21; args=(3,)
(0.000) SELECT "Qsee_test"."result" FROM "Qsee_test" WHERE "Qsee_test"."control_id_id" = 8 ORDER BY "Qsee_test"."id" ASC; args=(8,)
(0.001) SELECT "Qsee_test"."test_date" FROM "Qsee_test" WHERE "Qsee_test"."control_id_id" = 8 ORDER BY "Qsee_test"."id" ASC; args=(8,)
(0.000) SELECT "Qsee_control"."id", "Qsee_control"."assay_id_id", "Qsee_control"."control_name", "Qsee_control"."lot_number", "Qsee_control"."date_added", "Qsee_control"."active" FROM "Qsee_control" WHERE "Qsee_control"."id" = 8 LIMIT 21; args=(8,)
(0.000) SELECT "Qsee_assay"."id", "Qsee_assay"."assay_name", "Qsee_assay"."analyser_id" FROM "Qsee_assay" WHERE "Qsee_assay"."id" = 11 LIMIT 21; args=(11,)
(0.000) SELECT "Qsee_assay"."id", "Qsee_assay"."assay_name", "Qsee_assay"."analyser_id" FROM "Qsee_assay" WHERE "Qsee_assay"."id" = 11 LIMIT 21; args=(11,)
(0.000) SELECT "Qsee_test"."id", "Qsee_test"."result", "Qsee_test"."test_date", "Qsee_test"."control_id_id", "Qsee_test"."analyser_id_id", "Qsee_test"."operator", "Qsee_test"."note" FROM "Qsee_test" WHERE ("Qsee_test"."analyser_id_id" = 3 AND "Qsee_test"."control_id_id" = 8); args=(3, 8)
(0.000) SELECT "Qsee_analyser"."id", "Qsee_analyser"."analyser_name" FROM "Qsee_analyser"; args=()
"GET /tests/8/ HTTP/1.1" 200 1413
"GET /static/Test%2C%20%20Test.svg HTTP/1.1" 304 0
(0.001) SELECT "Qsee_control"."id", "Qsee_control"."assay_id_id", "Qsee_control"."control_name", "Qsee_control"."lot_number", "Qsee_control"."date_added", "Qsee_control"."active" FROM "Qsee_control" WHERE "Qsee_control"."id" = 8 LIMIT 21; args=(8,)
(0.000) SELECT "Qsee_test"."id", "Qsee_test"."result", "Qsee_test"."test_date", "Qsee_test"."control_id_id", "Qsee_test"."analyser_id_id", "Qsee_test"."operator", "Qsee_test"."note" FROM "Qsee_test" WHERE "Qsee_test"."control_id_id" = 8; args=(8,)
(0.000) SELECT "Qsee_analyser"."id", "Qsee_analyser"."analyser_name" FROM "Qsee_analyser" WHERE "Qsee_analyser"."id" = 3 LIMIT 21; args=(3,)
(0.000) SELECT "Qsee_analyser"."id", "Qsee_analyser"."analyser_name" FROM "Qsee_analyser" WHERE "Qsee_analyser"."id" = 3 LIMIT 21; args=(3,)
(0.000) SELECT "Qsee_test"."result" FROM "Qsee_test" WHERE "Qsee_test"."control_id_id" = 8 ORDER BY "Qsee_test"."id" ASC; args=(8,)
(0.000) SELECT "Qsee_test"."test_date" FROM "Qsee_test" WHERE "Qsee_test"."control_id_id" = 8 ORDER BY "Qsee_test"."id" ASC; args=(8,)
(0.000) SELECT "Qsee_control"."id", "Qsee_control"."assay_id_id", "Qsee_control"."control_name", "Qsee_control"."lot_number", "Qsee_control"."date_added", "Qsee_control"."active" FROM "Qsee_control" WHERE "Qsee_control"."id" = 8 LIMIT 21; args=(8,)
(0.000) SELECT "Qsee_assay"."id", "Qsee_assay"."assay_name", "Qsee_assay"."analyser_id" FROM "Qsee_assay" WHERE "Qsee_assay"."id" = 11 LIMIT 21; args=(11,)
(0.000) SELECT "Qsee_assay"."id", "Qsee_assay"."assay_name", "Qsee_assay"."analyser_id" FROM "Qsee_assay" WHERE "Qsee_assay"."id" = 11 LIMIT 21; args=(11,)
(0.000) SELECT "Qsee_test"."id", "Qsee_test"."result", "Qsee_test"."test_date", "Qsee_test"."control_id_id", "Qsee_test"."analyser_id_id", "Qsee_test"."operator", "Qsee_test"."note" FROM "Qsee_test" WHERE ("Qsee_test"."analyser_id_id" = 3 AND "Qsee_test"."control_id_id" = 8); args=(3, 8)
(0.000) SELECT "Qsee_analyser"."id", "Qsee_analyser"."analyser_name" FROM "Qsee_analyser"; args=()
"GET /tests/8/ HTTP/1.1" 200 1413
"GET /static/Test%2C%20%20Test.svg HTTP/1.1" 304 0
(0.000) SELECT "Qsee_control"."id", "Qsee_control"."assay_id_id", "Qsee_control"."control_name", "Qsee_control"."lot_number", "Qsee_control"."date_added", "Qsee_control"."active" FROM "Qsee_control" WHERE "Qsee_control"."id" = 8 LIMIT 21; args=(8,)
(0.000) SELECT "Qsee_test"."id", "Qsee_test"."result", "Qsee_test"."test_date", "Qsee_test"."control_id_id", "Qsee_test"."analyser_id_id", "Qsee_test"."operator", "Qsee_test"."note" FROM "Qsee_test" WHERE "Qsee_test"."control_id_id" = 8; args=(8,)
(0.000) SELECT "Qsee_analyser"."id", "Qsee_analyser"."analyser_name" FROM "Qsee_analyser" WHERE "Qsee_analyser"."id" = 3 LIMIT 21; args=(3,)
(0.000) SELECT "Qsee_analyser"."id", "Qsee_analyser"."analyser_name" FROM "Qsee_analyser" WHERE "Qsee_analyser"."id" = 3 LIMIT 21; args=(3,)
(0.000) SELECT "Qsee_test"."result" FROM "Qsee_test" WHERE "Qsee_test"."control_id_id" = 8 ORDER BY "Qsee_test"."id" ASC; args=(8,)
(0.000) SELECT "Qsee_test"."test_date" FROM "Qsee_test" WHERE "Qsee_test"."control_id_id" = 8 ORDER BY "Qsee_test"."id" ASC; args=(8,)
(0.000) SELECT "Qsee_control"."id", "Qsee_control"."assay_id_id", "Qsee_control"."control_name", "Qsee_control"."lot_number", "Qsee_control"."date_added", "Qsee_control"."active" FROM "Qsee_control" WHERE "Qsee_control"."id" = 8 LIMIT 21; args=(8,)
(0.000) SELECT "Qsee_assay"."id", "Qsee_assay"."assay_name", "Qsee_assay"."analyser_id" FROM "Qsee_assay" WHERE "Qsee_assay"."id" = 11 LIMIT 21; args=(11,)
(0.000) SELECT "Qsee_assay"."id", "Qsee_assay"."assay_name", "Qsee_assay"."analyser_id" FROM "Qsee_assay" WHERE "Qsee_assay"."id" = 11 LIMIT 21; args=(11,)
(0.000) SELECT "Qsee_test"."id", "Qsee_test"."result", "Qsee_test"."test_date", "Qsee_test"."control_id_id", "Qsee_test"."analyser_id_id", "Qsee_test"."operator", "Qsee_test"."note" FROM "Qsee_test" WHERE ("Qsee_test"."analyser_id_id" = 3 AND "Qsee_test"."control_id_id" = 8); args=(3, 8)
(0.000) SELECT "Qsee_analyser"."id", "Qsee_analyser"."analyser_name" FROM "Qsee_analyser"; args=()
"GET /tests/8/ HTTP/1.1" 200 1413
"GET /static/Test%2C%20%20Test.svg HTTP/1.1" 304 0
(0.000) SELECT "Qsee_control"."id", "Qsee_control"."assay_id_id", "Qsee_control"."control_name", "Qsee_control"."lot_number", "Qsee_control"."date_added", "Qsee_control"."active" FROM "Qsee_control" WHERE "Qsee_control"."id" = 8 LIMIT 21; args=(8,)
(0.000) SELECT "Qsee_test"."id", "Qsee_test"."result", "Qsee_test"."test_date", "Qsee_test"."control_id_id", "Qsee_test"."analyser_id_id", "Qsee_test"."operator", "Qsee_test"."note" FROM "Qsee_test" WHERE "Qsee_test"."control_id_id" = 8; args=(8,)
(0.000) SELECT "Qsee_analyser"."id", "Qsee_analyser"."analyser_name" FROM "Qsee_analyser" WHERE "Qsee_analyser"."id" = 3 LIMIT 21; args=(3,)
(0.000) SELECT "Qsee_analyser"."id", "Qsee_analyser"."analyser_name" FROM "Qsee_analyser" WHERE "Qsee_analyser"."id" = 3 LIMIT 21; args=(3,)
(0.000) SELECT "Qsee_test"."result" FROM "Qsee_test" WHERE "Qsee_test"."control_id_id" = 8 ORDER BY "Qsee_test"."id" ASC; args=(8,)
(0.000) SELECT "Qsee_test"."test_date" FROM "Qsee_test" WHERE "Qsee_test"."control_id_id" = 8 ORDER BY "Qsee_test"."id" ASC; args=(8,)
(0.000) SELECT "Qsee_control"."id", "Qsee_control"."assay_id_id", "Qsee_control"."control_name", "Qsee_control"."lot_number", "Qsee_control"."date_added", "Qsee_control"."active" FROM "Qsee_control" WHERE "Qsee_control"."id" = 8 LIMIT 21; args=(8,)
(0.000) SELECT "Qsee_assay"."id", "Qsee_assay"."assay_name", "Qsee_assay"."analyser_id" FROM "Qsee_assay" WHERE "Qsee_assay"."id" = 11 LIMIT 21; args=(11,)
(0.000) SELECT "Qsee_assay"."id", "Qsee_assay"."assay_name", "Qsee_assay"."analyser_id" FROM "Qsee_assay" WHERE "Qsee_assay"."id" = 11 LIMIT 21; args=(11,)
(0.000) SELECT "Qsee_test"."id", "Qsee_test"."result", "Qsee_test"."test_date", "Qsee_test"."control_id_id", "Qsee_test"."analyser_id_id", "Qsee_test"."operator", "Qsee_test"."note" FROM "Qsee_test" WHERE ("Qsee_test"."analyser_id_id" = 3 AND "Qsee_test"."control_id_id" = 8); args=(3, 8)
(0.000) SELECT "Qsee_analyser"."id", "Qsee_analyser"."analyser_name" FROM "Qsee_analyser"; args=()
"GET /tests/8/ HTTP/1.1" 200 1413
"GET /static/Test%2C%20%20Test.svg HTTP/1.1" 304 0
(0.001) SELECT "Qsee_control"."id", "Qsee_control"."assay_id_id", "Qsee_control"."control_name", "Qsee_control"."lot_number", "Qsee_control"."date_added", "Qsee_control"."active" FROM "Qsee_control" WHERE "Qsee_control"."id" = 8 LIMIT 21; args=(8,)
(0.000) SELECT "Qsee_test"."id", "Qsee_test"."result", "Qsee_test"."test_date", "Qsee_test"."control_id_id", "Qsee_test"."analyser_id_id", "Qsee_test"."operator", "Qsee_test"."note" FROM "Qsee_test" WHERE "Qsee_test"."control_id_id" = 8; args=(8,)
(0.000) SELECT "Qsee_analyser"."id", "Qsee_analyser"."analyser_name" FROM "Qsee_analyser" WHERE "Qsee_analyser"."id" = 3 LIMIT 21; args=(3,)
(0.000) SELECT "Qsee_analyser"."id", "Qsee_analyser"."analyser_name" FROM "Qsee_analyser" WHERE "Qsee_analyser"."id" = 3 LIMIT 21; args=(3,)
(0.000) SELECT "Qsee_test"."result" FROM "Qsee_test" WHERE "Qsee_test"."control_id_id" = 8 ORDER BY "Qsee_test"."id" ASC; args=(8,)
(0.000) SELECT "Qsee_test"."test_date" FROM "Qsee_test" WHERE "Qsee_test"."control_id_id" = 8 ORDER BY "Qsee_test"."id" ASC; args=(8,)
(0.000) SELECT "Qsee_control"."id", "Qsee_control"."assay_id_id", "Qsee_control"."control_name", "Qsee_control"."lot_number", "Qsee_control"."date_added", "Qsee_control"."active" FROM "Qsee_control" WHERE "Qsee_control"."id" = 8 LIMIT 21; args=(8,)
(0.000) SELECT "Qsee_assay"."id", "Qsee_assay"."assay_name", "Qsee_assay"."analyser_id" FROM "Qsee_assay" WHERE "Qsee_assay"."id" = 11 LIMIT 21; args=(11,)
(0.000) SELECT "Qsee_assay"."id", "Qsee_assay"."assay_name", "Qsee_assay"."analyser_id" FROM "Qsee_assay" WHERE "Qsee_assay"."id" = 11 LIMIT 21; args=(11,)
(0.000) SELECT "Qsee_test"."id", "Qsee_test"."result", "Qsee_test"."test_date", "Qsee_test"."control_id_id", "Qsee_test"."analyser_id_id", "Qsee_test"."operator", "Qsee_test"."note" FROM "Qsee_test" WHERE ("Qsee_test"."analyser_id_id" = 3 AND "Qsee_test"."control_id_id" = 8); args=(3, 8)
(0.000) SELECT "Qsee_analyser"."id", "Qsee_analyser"."analyser_name" FROM "Qsee_analyser"; args=()
"GET /tests/8/ HTTP/1.1" 200 1413
"GET /static/Test%2C%20%20Test.svg HTTP/1.1" 304 0
File /Users/apple/opt/anaconda3/lib/python3.9/_strptime.py first seen with mtime 1631807710.0
File /Users/apple/PycharmProjects/Qsee3/Qsee/templates/Qsee previous mtime: 1645099572.6439233, current mtime: 1645099599.0150635
/Users/apple/PycharmProjects/Qsee3/Qsee/templates/Qsee notified as changed. Signal results: [(<function template_changed at 0x7fdc09e95b80>, True), (<function translation_file_changed at 0x7fdc0b7d80d0>, None)].
File /Users/apple/PycharmProjects/Qsee3/Qsee/templates/Qsee/test_frontend.py previous mtime: 1645099572.6436696, current mtime: 1645099599.0148356
/Users/apple/PycharmProjects/Qsee3/Qsee/templates/Qsee/test_frontend.py notified as changed. Signal results: [(<function template_changed at 0x7fdc09e95b80>, True), (<function translation_file_changed at 0x7fdc0b7d80d0>, None)].
(0.000) SELECT "Qsee_control"."id", "Qsee_control"."assay_id_id", "Qsee_control"."control_name", "Qsee_control"."lot_number", "Qsee_control"."date_added", "Qsee_control"."active" FROM "Qsee_control" WHERE "Qsee_control"."id" = 8 LIMIT 21; args=(8,)
(0.000) SELECT "Qsee_assay"."id", "Qsee_assay"."assay_name", "Qsee_assay"."analyser_id" FROM "Qsee_assay" WHERE "Qsee_assay"."id" = 11 LIMIT 21; args=(11,)
(0.000) SELECT "Qsee_analyser"."id", "Qsee_analyser"."analyser_name" FROM "Qsee_analyser" WHERE "Qsee_analyser"."id" = 3 LIMIT 21; args=(3,)
"GET /test_input/8/3/ HTTP/1.1" 200 1274
Exception while resolving variable 'name' in template 'unknown'.
Traceback (most recent call last):
  File "/Users/apple/opt/anaconda3/lib/python3.9/site-packages/django/core/handlers/exception.py", line 47, in inner
    response = get_response(request)
  File "/Users/apple/opt/anaconda3/lib/python3.9/site-packages/django/core/handlers/base.py", line 167, in _get_response
    callback, callback_args, callback_kwargs = self.resolve_request(request)
  File "/Users/apple/opt/anaconda3/lib/python3.9/site-packages/django/core/handlers/base.py", line 290, in resolve_request
    resolver_match = resolver.resolve(request.path_info)
  File "/Users/apple/opt/anaconda3/lib/python3.9/site-packages/django/urls/resolvers.py", line 589, in resolve
    raise Resolver404({'tried': tried, 'path': new_path})
django.urls.exceptions.Resolver404: {'tried': [[<URLResolver <URLPattern list> (admin:admin) 'admin/'>], [<URLResolver <module 'Qsee.urls' from '/Users/apple/PycharmProjects/Qsee3/Qsee/urls.py'> (None:None) ''>, <URLPattern '' [name='index']>], [<URLResolver <module 'Qsee.urls' from '/Users/apple/PycharmProjects/Qsee3/Qsee/urls.py'> (None:None) ''>, <URLPattern '404Error/' [name='qsee_error']>], [<URLResolver <module 'Qsee.urls' from '/Users/apple/PycharmProjects/Qsee3/Qsee/urls.py'> (None:None) ''>, <URLPattern 'assays/' [name='assays']>], [<URLResolver <module 'Qsee.urls' from '/Users/apple/PycharmProjects/Qsee3/Qsee/urls.py'> (None:None) ''>, <URLPattern 'controls/<assay_id>/' [name='controls']>], [<URLResolver <module 'Qsee.urls' from '/Users/apple/PycharmProjects/Qsee3/Qsee/urls.py'> (None:None) ''>, <URLPattern 'tests/<control_id>/' [name='tests']>], [<URLResolver <module 'Qsee.urls' from '/Users/apple/PycharmProjects/Qsee3/Qsee/urls.py'> (None:None) ''>, <URLPattern 'test_input/<control_id>/<analyser_id>/' [name='test_input']>], [<URLResolver <module 'Qsee.urls' from '/Users/apple/PycharmProjects/Qsee3/Qsee/urls.py'> (None:None) ''>, <URLPattern 'settings/' [name='settings']>], [<URLResolver <module 'Qsee.urls' from '/Users/apple/PycharmProjects/Qsee3/Qsee/urls.py'> (None:None) ''>, <URLPattern 'settings/assay/' [name='settings_assay']>], [<URLResolver <module 'Qsee.urls' from '/Users/apple/PycharmProjects/Qsee3/Qsee/urls.py'> (None:None) ''>, <URLPattern 'settings/control/' [name='settings_control']>], [<URLResolver <module 'Qsee.urls' from '/Users/apple/PycharmProjects/Qsee3/Qsee/urls.py'> (None:None) ''>, <URLPattern 'settings/analyser/' [name='settings_analyser']>]], 'path': 'favicon.ico'}

During handling of the above exception, another exception occurred:

Traceback (most recent call last):
  File "/Users/apple/opt/anaconda3/lib/python3.9/site-packages/django/template/base.py", line 829, in _resolve_lookup
    current = current[bit]
TypeError: 'URLResolver' object is not subscriptable

During handling of the above exception, another exception occurred:

Traceback (most recent call last):
  File "/Users/apple/opt/anaconda3/lib/python3.9/site-packages/django/template/base.py", line 837, in _resolve_lookup
    current = getattr(current, bit)
AttributeError: 'URLResolver' object has no attribute 'name'

During handling of the above exception, another exception occurred:

Traceback (most recent call last):
  File "/Users/apple/opt/anaconda3/lib/python3.9/site-packages/django/template/base.py", line 843, in _resolve_lookup
    current = current[int(bit)]
ValueError: invalid literal for int() with base 10: 'name'

During handling of the above exception, another exception occurred:

Traceback (most recent call last):
  File "/Users/apple/opt/anaconda3/lib/python3.9/site-packages/django/template/base.py", line 848, in _resolve_lookup
    raise VariableDoesNotExist("Failed lookup for key "
django.template.base.VariableDoesNotExist: Failed lookup for key [name] in <URLResolver <URLPattern list> (admin:admin) 'admin/'>
Not Found: /favicon.ico
"GET /favicon.ico HTTP/1.1" 404 3953
(0.000) SELECT "Qsee_control"."id", "Qsee_control"."assay_id_id", "Qsee_control"."control_name", "Qsee_control"."lot_number", "Qsee_control"."date_added", "Qsee_control"."active" FROM "Qsee_control" WHERE "Qsee_control"."id" = 8 LIMIT 21; args=(8,)
(0.000) SELECT "Qsee_assay"."id", "Qsee_assay"."assay_name", "Qsee_assay"."analyser_id" FROM "Qsee_assay" WHERE "Qsee_assay"."id" = 11 LIMIT 21; args=(11,)
(0.000) SELECT "Qsee_analyser"."id", "Qsee_analyser"."analyser_name" FROM "Qsee_analyser" WHERE "Qsee_analyser"."id" = 3 LIMIT 21; args=(3,)
(0.000) SELECT "Qsee_test"."result" FROM "Qsee_test" WHERE "Qsee_test"."control_id_id" = 8 ORDER BY "Qsee_test"."id" ASC; args=(8,)
(0.000) SELECT "Qsee_control"."id", "Qsee_control"."assay_id_id", "Qsee_control"."control_name", "Qsee_control"."lot_number", "Qsee_control"."date_added", "Qsee_control"."active" FROM "Qsee_control" WHERE "Qsee_control"."id" = 8 LIMIT 21; args=(8,)
(0.000) SELECT "Qsee_analyser"."id", "Qsee_analyser"."analyser_name" FROM "Qsee_analyser" WHERE "Qsee_analyser"."id" = 3 LIMIT 21; args=(3,)
(0.003) INSERT INTO "Qsee_test" ("result", "test_date", "control_id_id", "analyser_id_id", "operator", "note") VALUES (27.0, '20/01/2023', 8, 3, 'GD', '8193'); args=[27.0, '20/01/2023', 8, 3, 'GD', '8193']
"POST /test_input/8/3/ HTTP/1.1" 302 0
"GET /tests/8 HTTP/1.1" 301 0
(0.000) SELECT "Qsee_control"."id", "Qsee_control"."assay_id_id", "Qsee_control"."control_name", "Qsee_control"."lot_number", "Qsee_control"."date_added", "Qsee_control"."active" FROM "Qsee_control" WHERE "Qsee_control"."id" = 8 LIMIT 21; args=(8,)
(0.000) SELECT "Qsee_test"."id", "Qsee_test"."result", "Qsee_test"."test_date", "Qsee_test"."control_id_id", "Qsee_test"."analyser_id_id", "Qsee_test"."operator", "Qsee_test"."note" FROM "Qsee_test" WHERE "Qsee_test"."control_id_id" = 8; args=(8,)
(0.000) SELECT "Qsee_analyser"."id", "Qsee_analyser"."analyser_name" FROM "Qsee_analyser" WHERE "Qsee_analyser"."id" = 3 LIMIT 21; args=(3,)
(0.000) SELECT "Qsee_analyser"."id", "Qsee_analyser"."analyser_name" FROM "Qsee_analyser" WHERE "Qsee_analyser"."id" = 3 LIMIT 21; args=(3,)
(0.000) SELECT "Qsee_analyser"."id", "Qsee_analyser"."analyser_name" FROM "Qsee_analyser" WHERE "Qsee_analyser"."id" = 3 LIMIT 21; args=(3,)
(0.000) SELECT "Qsee_test"."result" FROM "Qsee_test" WHERE "Qsee_test"."control_id_id" = 8 ORDER BY "Qsee_test"."id" ASC; args=(8,)
(0.000) SELECT "Qsee_test"."test_date" FROM "Qsee_test" WHERE "Qsee_test"."control_id_id" = 8 ORDER BY "Qsee_test"."id" ASC; args=(8,)
(0.000) SELECT "Qsee_control"."id", "Qsee_control"."assay_id_id", "Qsee_control"."control_name", "Qsee_control"."lot_number", "Qsee_control"."date_added", "Qsee_control"."active" FROM "Qsee_control" WHERE "Qsee_control"."id" = 8 LIMIT 21; args=(8,)
(0.000) SELECT "Qsee_assay"."id", "Qsee_assay"."assay_name", "Qsee_assay"."analyser_id" FROM "Qsee_assay" WHERE "Qsee_assay"."id" = 11 LIMIT 21; args=(11,)
(0.000) SELECT "Qsee_assay"."id", "Qsee_assay"."assay_name", "Qsee_assay"."analyser_id" FROM "Qsee_assay" WHERE "Qsee_assay"."id" = 11 LIMIT 21; args=(11,)
(0.000) SELECT "Qsee_test"."id", "Qsee_test"."result", "Qsee_test"."test_date", "Qsee_test"."control_id_id", "Qsee_test"."analyser_id_id", "Qsee_test"."operator", "Qsee_test"."note" FROM "Qsee_test" WHERE ("Qsee_test"."analyser_id_id" = 3 AND "Qsee_test"."control_id_id" = 8); args=(3, 8)
(0.000) SELECT "Qsee_analyser"."id", "Qsee_analyser"."analyser_name" FROM "Qsee_analyser"; args=()
"GET /tests/8/ HTTP/1.1" 200 1469
"GET /static/Test%2C%20%20Test.svg HTTP/1.1" 200 181500
(0.000) SELECT "Qsee_control"."id", "Qsee_control"."assay_id_id", "Qsee_control"."control_name", "Qsee_control"."lot_number", "Qsee_control"."date_added", "Qsee_control"."active" FROM "Qsee_control" WHERE "Qsee_control"."id" = 8 LIMIT 21; args=(8,)
(0.000) SELECT "Qsee_test"."id", "Qsee_test"."result", "Qsee_test"."test_date", "Qsee_test"."control_id_id", "Qsee_test"."analyser_id_id", "Qsee_test"."operator", "Qsee_test"."note" FROM "Qsee_test" WHERE "Qsee_test"."control_id_id" = 8; args=(8,)
(0.000) SELECT "Qsee_analyser"."id", "Qsee_analyser"."analyser_name" FROM "Qsee_analyser" WHERE "Qsee_analyser"."id" = 3 LIMIT 21; args=(3,)
(0.000) SELECT "Qsee_analyser"."id", "Qsee_analyser"."analyser_name" FROM "Qsee_analyser" WHERE "Qsee_analyser"."id" = 3 LIMIT 21; args=(3,)
(0.000) SELECT "Qsee_analyser"."id", "Qsee_analyser"."analyser_name" FROM "Qsee_analyser" WHERE "Qsee_analyser"."id" = 3 LIMIT 21; args=(3,)
(0.000) SELECT "Qsee_test"."result" FROM "Qsee_test" WHERE "Qsee_test"."control_id_id" = 8 ORDER BY "Qsee_test"."id" ASC; args=(8,)
(0.000) SELECT "Qsee_test"."test_date" FROM "Qsee_test" WHERE "Qsee_test"."control_id_id" = 8 ORDER BY "Qsee_test"."id" ASC; args=(8,)
(0.000) SELECT "Qsee_control"."id", "Qsee_control"."assay_id_id", "Qsee_control"."control_name", "Qsee_control"."lot_number", "Qsee_control"."date_added", "Qsee_control"."active" FROM "Qsee_control" WHERE "Qsee_control"."id" = 8 LIMIT 21; args=(8,)
(0.000) SELECT "Qsee_assay"."id", "Qsee_assay"."assay_name", "Qsee_assay"."analyser_id" FROM "Qsee_assay" WHERE "Qsee_assay"."id" = 11 LIMIT 21; args=(11,)
(0.000) SELECT "Qsee_assay"."id", "Qsee_assay"."assay_name", "Qsee_assay"."analyser_id" FROM "Qsee_assay" WHERE "Qsee_assay"."id" = 11 LIMIT 21; args=(11,)
(0.000) SELECT "Qsee_test"."id", "Qsee_test"."result", "Qsee_test"."test_date", "Qsee_test"."control_id_id", "Qsee_test"."analyser_id_id", "Qsee_test"."operator", "Qsee_test"."note" FROM "Qsee_test" WHERE ("Qsee_test"."analyser_id_id" = 3 AND "Qsee_test"."control_id_id" = 8); args=(3, 8)
(0.000) SELECT "Qsee_analyser"."id", "Qsee_analyser"."analyser_name" FROM "Qsee_analyser"; args=()
"GET /tests/8/ HTTP/1.1" 200 1469
"GET /static/Test%2C%20%20Test.svg HTTP/1.1" 304 0
(0.000) SELECT "Qsee_control"."id", "Qsee_control"."assay_id_id", "Qsee_control"."control_name", "Qsee_control"."lot_number", "Qsee_control"."date_added", "Qsee_control"."active" FROM "Qsee_control" WHERE "Qsee_control"."id" = 8 LIMIT 21; args=(8,)
(0.000) SELECT "Qsee_assay"."id", "Qsee_assay"."assay_name", "Qsee_assay"."analyser_id" FROM "Qsee_assay" WHERE "Qsee_assay"."id" = 11 LIMIT 21; args=(11,)
(0.000) SELECT "Qsee_analyser"."id", "Qsee_analyser"."analyser_name" FROM "Qsee_analyser" WHERE "Qsee_analyser"."id" = 3 LIMIT 21; args=(3,)
(0.000) SELECT "Qsee_test"."result" FROM "Qsee_test" WHERE "Qsee_test"."control_id_id" = 8 ORDER BY "Qsee_test"."id" ASC; args=(8,)
"POST /test_input/8/3/ HTTP/1.1" 200 1286
(0.001) SELECT "Qsee_control"."id", "Qsee_control"."assay_id_id", "Qsee_control"."control_name", "Qsee_control"."lot_number", "Qsee_control"."date_added", "Qsee_control"."active" FROM "Qsee_control" WHERE "Qsee_control"."id" = 8 LIMIT 21; args=(8,)
(0.000) SELECT "Qsee_assay"."id", "Qsee_assay"."assay_name", "Qsee_assay"."analyser_id" FROM "Qsee_assay" WHERE "Qsee_assay"."id" = 11 LIMIT 21; args=(11,)
(0.000) SELECT "Qsee_analyser"."id", "Qsee_analyser"."analyser_name" FROM "Qsee_analyser" WHERE "Qsee_analyser"."id" = 3 LIMIT 21; args=(3,)
(0.000) SELECT "Qsee_test"."result" FROM "Qsee_test" WHERE "Qsee_test"."control_id_id" = 8 ORDER BY "Qsee_test"."id" ASC; args=(8,)
(0.000) SELECT "Qsee_control"."id", "Qsee_control"."assay_id_id", "Qsee_control"."control_name", "Qsee_control"."lot_number", "Qsee_control"."date_added", "Qsee_control"."active" FROM "Qsee_control" WHERE "Qsee_control"."id" = 8 LIMIT 21; args=(8,)
(0.000) SELECT "Qsee_analyser"."id", "Qsee_analyser"."analyser_name" FROM "Qsee_analyser" WHERE "Qsee_analyser"."id" = 3 LIMIT 21; args=(3,)
(0.001) INSERT INTO "Qsee_test" ("result", "test_date", "control_id_id", "analyser_id_id", "operator", "note") VALUES (28.0, '19/02/3049', 8, 3, 'GD', ''); args=[28.0, '19/02/3049', 8, 3, 'GD', '']
"POST /test_input/8/3/ HTTP/1.1" 302 0
"GET /tests/8 HTTP/1.1" 301 0
(0.000) SELECT "Qsee_control"."id", "Qsee_control"."assay_id_id", "Qsee_control"."control_name", "Qsee_control"."lot_number", "Qsee_control"."date_added", "Qsee_control"."active" FROM "Qsee_control" WHERE "Qsee_control"."id" = 8 LIMIT 21; args=(8,)
(0.000) SELECT "Qsee_test"."id", "Qsee_test"."result", "Qsee_test"."test_date", "Qsee_test"."control_id_id", "Qsee_test"."analyser_id_id", "Qsee_test"."operator", "Qsee_test"."note" FROM "Qsee_test" WHERE "Qsee_test"."control_id_id" = 8; args=(8,)
(0.000) SELECT "Qsee_analyser"."id", "Qsee_analyser"."analyser_name" FROM "Qsee_analyser" WHERE "Qsee_analyser"."id" = 3 LIMIT 21; args=(3,)
(0.000) SELECT "Qsee_analyser"."id", "Qsee_analyser"."analyser_name" FROM "Qsee_analyser" WHERE "Qsee_analyser"."id" = 3 LIMIT 21; args=(3,)
(0.000) SELECT "Qsee_analyser"."id", "Qsee_analyser"."analyser_name" FROM "Qsee_analyser" WHERE "Qsee_analyser"."id" = 3 LIMIT 21; args=(3,)
(0.000) SELECT "Qsee_analyser"."id", "Qsee_analyser"."analyser_name" FROM "Qsee_analyser" WHERE "Qsee_analyser"."id" = 3 LIMIT 21; args=(3,)
(0.000) SELECT "Qsee_test"."result" FROM "Qsee_test" WHERE "Qsee_test"."control_id_id" = 8 ORDER BY "Qsee_test"."id" ASC; args=(8,)
(0.000) SELECT "Qsee_test"."test_date" FROM "Qsee_test" WHERE "Qsee_test"."control_id_id" = 8 ORDER BY "Qsee_test"."id" ASC; args=(8,)
(0.000) SELECT "Qsee_control"."id", "Qsee_control"."assay_id_id", "Qsee_control"."control_name", "Qsee_control"."lot_number", "Qsee_control"."date_added", "Qsee_control"."active" FROM "Qsee_control" WHERE "Qsee_control"."id" = 8 LIMIT 21; args=(8,)
(0.000) SELECT "Qsee_assay"."id", "Qsee_assay"."assay_name", "Qsee_assay"."analyser_id" FROM "Qsee_assay" WHERE "Qsee_assay"."id" = 11 LIMIT 21; args=(11,)
(0.000) SELECT "Qsee_assay"."id", "Qsee_assay"."assay_name", "Qsee_assay"."analyser_id" FROM "Qsee_assay" WHERE "Qsee_assay"."id" = 11 LIMIT 21; args=(11,)
(0.000) SELECT "Qsee_test"."id", "Qsee_test"."result", "Qsee_test"."test_date", "Qsee_test"."control_id_id", "Qsee_test"."analyser_id_id", "Qsee_test"."operator", "Qsee_test"."note" FROM "Qsee_test" WHERE ("Qsee_test"."analyser_id_id" = 3 AND "Qsee_test"."control_id_id" = 8); args=(3, 8)
(0.000) SELECT "Qsee_analyser"."id", "Qsee_analyser"."analyser_name" FROM "Qsee_analyser"; args=()
"GET /tests/8/ HTTP/1.1" 200 1525
"GET /static/Test%2C%20%20Test.svg HTTP/1.1" 200 181500
File /Users/apple/PycharmProjects/Qsee3/Qsee/templates/Qsee previous mtime: 1645099599.0150635, current mtime: 1645099700.294063
/Users/apple/PycharmProjects/Qsee3/Qsee/templates/Qsee notified as changed. Signal results: [(<function template_changed at 0x7fdc09e95b80>, True), (<function translation_file_changed at 0x7fdc0b7d80d0>, None)].
File /Users/apple/PycharmProjects/Qsee3/Qsee/templates/Qsee/test_frontend.py previous mtime: 1645099599.0148356, current mtime: 1645099700.2939432
/Users/apple/PycharmProjects/Qsee3/Qsee/templates/Qsee/test_frontend.py notified as changed. Signal results: [(<function template_changed at 0x7fdc09e95b80>, True), (<function translation_file_changed at 0x7fdc0b7d80d0>, None)].
(0.001) SELECT "Qsee_control"."id", "Qsee_control"."assay_id_id", "Qsee_control"."control_name", "Qsee_control"."lot_number", "Qsee_control"."date_added", "Qsee_control"."active" FROM "Qsee_control" WHERE "Qsee_control"."id" = 8 LIMIT 21; args=(8,)
(0.000) SELECT "Qsee_assay"."id", "Qsee_assay"."assay_name", "Qsee_assay"."analyser_id" FROM "Qsee_assay" WHERE "Qsee_assay"."id" = 11 LIMIT 21; args=(11,)
(0.000) SELECT "Qsee_analyser"."id", "Qsee_analyser"."analyser_name" FROM "Qsee_analyser" WHERE "Qsee_analyser"."id" = 3 LIMIT 21; args=(3,)
"GET /test_input/8/3/ HTTP/1.1" 200 1274
Exception while resolving variable 'name' in template 'unknown'.
Traceback (most recent call last):
  File "/Users/apple/opt/anaconda3/lib/python3.9/site-packages/django/core/handlers/exception.py", line 47, in inner
    response = get_response(request)
  File "/Users/apple/opt/anaconda3/lib/python3.9/site-packages/django/core/handlers/base.py", line 167, in _get_response
    callback, callback_args, callback_kwargs = self.resolve_request(request)
  File "/Users/apple/opt/anaconda3/lib/python3.9/site-packages/django/core/handlers/base.py", line 290, in resolve_request
    resolver_match = resolver.resolve(request.path_info)
  File "/Users/apple/opt/anaconda3/lib/python3.9/site-packages/django/urls/resolvers.py", line 589, in resolve
    raise Resolver404({'tried': tried, 'path': new_path})
django.urls.exceptions.Resolver404: {'tried': [[<URLResolver <URLPattern list> (admin:admin) 'admin/'>], [<URLResolver <module 'Qsee.urls' from '/Users/apple/PycharmProjects/Qsee3/Qsee/urls.py'> (None:None) ''>, <URLPattern '' [name='index']>], [<URLResolver <module 'Qsee.urls' from '/Users/apple/PycharmProjects/Qsee3/Qsee/urls.py'> (None:None) ''>, <URLPattern '404Error/' [name='qsee_error']>], [<URLResolver <module 'Qsee.urls' from '/Users/apple/PycharmProjects/Qsee3/Qsee/urls.py'> (None:None) ''>, <URLPattern 'assays/' [name='assays']>], [<URLResolver <module 'Qsee.urls' from '/Users/apple/PycharmProjects/Qsee3/Qsee/urls.py'> (None:None) ''>, <URLPattern 'controls/<assay_id>/' [name='controls']>], [<URLResolver <module 'Qsee.urls' from '/Users/apple/PycharmProjects/Qsee3/Qsee/urls.py'> (None:None) ''>, <URLPattern 'tests/<control_id>/' [name='tests']>], [<URLResolver <module 'Qsee.urls' from '/Users/apple/PycharmProjects/Qsee3/Qsee/urls.py'> (None:None) ''>, <URLPattern 'test_input/<control_id>/<analyser_id>/' [name='test_input']>], [<URLResolver <module 'Qsee.urls' from '/Users/apple/PycharmProjects/Qsee3/Qsee/urls.py'> (None:None) ''>, <URLPattern 'settings/' [name='settings']>], [<URLResolver <module 'Qsee.urls' from '/Users/apple/PycharmProjects/Qsee3/Qsee/urls.py'> (None:None) ''>, <URLPattern 'settings/assay/' [name='settings_assay']>], [<URLResolver <module 'Qsee.urls' from '/Users/apple/PycharmProjects/Qsee3/Qsee/urls.py'> (None:None) ''>, <URLPattern 'settings/control/' [name='settings_control']>], [<URLResolver <module 'Qsee.urls' from '/Users/apple/PycharmProjects/Qsee3/Qsee/urls.py'> (None:None) ''>, <URLPattern 'settings/analyser/' [name='settings_analyser']>]], 'path': 'favicon.ico'}

During handling of the above exception, another exception occurred:

Traceback (most recent call last):
  File "/Users/apple/opt/anaconda3/lib/python3.9/site-packages/django/template/base.py", line 829, in _resolve_lookup
    current = current[bit]
TypeError: 'URLResolver' object is not subscriptable

During handling of the above exception, another exception occurred:

Traceback (most recent call last):
  File "/Users/apple/opt/anaconda3/lib/python3.9/site-packages/django/template/base.py", line 837, in _resolve_lookup
    current = getattr(current, bit)
AttributeError: 'URLResolver' object has no attribute 'name'

During handling of the above exception, another exception occurred:

Traceback (most recent call last):
  File "/Users/apple/opt/anaconda3/lib/python3.9/site-packages/django/template/base.py", line 843, in _resolve_lookup
    current = current[int(bit)]
ValueError: invalid literal for int() with base 10: 'name'

During handling of the above exception, another exception occurred:

Traceback (most recent call last):
  File "/Users/apple/opt/anaconda3/lib/python3.9/site-packages/django/template/base.py", line 848, in _resolve_lookup
    raise VariableDoesNotExist("Failed lookup for key "
django.template.base.VariableDoesNotExist: Failed lookup for key [name] in <URLResolver <URLPattern list> (admin:admin) 'admin/'>
Not Found: /favicon.ico
"GET /favicon.ico HTTP/1.1" 404 3953
(0.000) SELECT "Qsee_control"."id", "Qsee_control"."assay_id_id", "Qsee_control"."control_name", "Qsee_control"."lot_number", "Qsee_control"."date_added", "Qsee_control"."active" FROM "Qsee_control" WHERE "Qsee_control"."id" = 8 LIMIT 21; args=(8,)
(0.000) SELECT "Qsee_assay"."id", "Qsee_assay"."assay_name", "Qsee_assay"."analyser_id" FROM "Qsee_assay" WHERE "Qsee_assay"."id" = 11 LIMIT 21; args=(11,)
(0.000) SELECT "Qsee_analyser"."id", "Qsee_analyser"."analyser_name" FROM "Qsee_analyser" WHERE "Qsee_analyser"."id" = 3 LIMIT 21; args=(3,)
(0.000) SELECT "Qsee_test"."result" FROM "Qsee_test" WHERE "Qsee_test"."control_id_id" = 8 ORDER BY "Qsee_test"."id" ASC; args=(8,)
(0.000) SELECT "Qsee_control"."id", "Qsee_control"."assay_id_id", "Qsee_control"."control_name", "Qsee_control"."lot_number", "Qsee_control"."date_added", "Qsee_control"."active" FROM "Qsee_control" WHERE "Qsee_control"."id" = 8 LIMIT 21; args=(8,)
(0.000) SELECT "Qsee_analyser"."id", "Qsee_analyser"."analyser_name" FROM "Qsee_analyser" WHERE "Qsee_analyser"."id" = 3 LIMIT 21; args=(3,)
(0.003) INSERT INTO "Qsee_test" ("result", "test_date", "control_id_id", "analyser_id_id", "operator", "note") VALUES (27.0, '20/01/2023', 8, 3, 'GD', '22828'); args=[27.0, '20/01/2023', 8, 3, 'GD', '22828']
"POST /test_input/8/3/ HTTP/1.1" 302 0
"GET /tests/8 HTTP/1.1" 301 0
(0.000) SELECT "Qsee_control"."id", "Qsee_control"."assay_id_id", "Qsee_control"."control_name", "Qsee_control"."lot_number", "Qsee_control"."date_added", "Qsee_control"."active" FROM "Qsee_control" WHERE "Qsee_control"."id" = 8 LIMIT 21; args=(8,)
(0.000) SELECT "Qsee_test"."id", "Qsee_test"."result", "Qsee_test"."test_date", "Qsee_test"."control_id_id", "Qsee_test"."analyser_id_id", "Qsee_test"."operator", "Qsee_test"."note" FROM "Qsee_test" WHERE "Qsee_test"."control_id_id" = 8; args=(8,)
(0.000) SELECT "Qsee_analyser"."id", "Qsee_analyser"."analyser_name" FROM "Qsee_analyser" WHERE "Qsee_analyser"."id" = 3 LIMIT 21; args=(3,)
(0.000) SELECT "Qsee_analyser"."id", "Qsee_analyser"."analyser_name" FROM "Qsee_analyser" WHERE "Qsee_analyser"."id" = 3 LIMIT 21; args=(3,)
(0.000) SELECT "Qsee_analyser"."id", "Qsee_analyser"."analyser_name" FROM "Qsee_analyser" WHERE "Qsee_analyser"."id" = 3 LIMIT 21; args=(3,)
(0.000) SELECT "Qsee_analyser"."id", "Qsee_analyser"."analyser_name" FROM "Qsee_analyser" WHERE "Qsee_analyser"."id" = 3 LIMIT 21; args=(3,)
(0.000) SELECT "Qsee_analyser"."id", "Qsee_analyser"."analyser_name" FROM "Qsee_analyser" WHERE "Qsee_analyser"."id" = 3 LIMIT 21; args=(3,)
(0.000) SELECT "Qsee_test"."result" FROM "Qsee_test" WHERE "Qsee_test"."control_id_id" = 8 ORDER BY "Qsee_test"."id" ASC; args=(8,)
(0.000) SELECT "Qsee_test"."test_date" FROM "Qsee_test" WHERE "Qsee_test"."control_id_id" = 8 ORDER BY "Qsee_test"."id" ASC; args=(8,)
(0.000) SELECT "Qsee_control"."id", "Qsee_control"."assay_id_id", "Qsee_control"."control_name", "Qsee_control"."lot_number", "Qsee_control"."date_added", "Qsee_control"."active" FROM "Qsee_control" WHERE "Qsee_control"."id" = 8 LIMIT 21; args=(8,)
(0.000) SELECT "Qsee_assay"."id", "Qsee_assay"."assay_name", "Qsee_assay"."analyser_id" FROM "Qsee_assay" WHERE "Qsee_assay"."id" = 11 LIMIT 21; args=(11,)
(0.000) SELECT "Qsee_assay"."id", "Qsee_assay"."assay_name", "Qsee_assay"."analyser_id" FROM "Qsee_assay" WHERE "Qsee_assay"."id" = 11 LIMIT 21; args=(11,)
(0.000) SELECT "Qsee_test"."id", "Qsee_test"."result", "Qsee_test"."test_date", "Qsee_test"."control_id_id", "Qsee_test"."analyser_id_id", "Qsee_test"."operator", "Qsee_test"."note" FROM "Qsee_test" WHERE ("Qsee_test"."analyser_id_id" = 3 AND "Qsee_test"."control_id_id" = 8); args=(3, 8)
(0.000) SELECT "Qsee_analyser"."id", "Qsee_analyser"."analyser_name" FROM "Qsee_analyser"; args=()
"GET /tests/8/ HTTP/1.1" 200 1581
"GET /static/Test%2C%20%20Test.svg HTTP/1.1" 200 181500
File /Users/apple/PycharmProjects/Qsee3/Qsee/templates/Qsee previous mtime: 1645099700.294063, current mtime: 1645099727.1294544
/Users/apple/PycharmProjects/Qsee3/Qsee/templates/Qsee notified as changed. Signal results: [(<function template_changed at 0x7fdc09e95b80>, True), (<function translation_file_changed at 0x7fdc0b7d80d0>, None)].
File /Users/apple/PycharmProjects/Qsee3/Qsee/templates/Qsee/test_frontend.py previous mtime: 1645099700.2939432, current mtime: 1645099727.1292334
/Users/apple/PycharmProjects/Qsee3/Qsee/templates/Qsee/test_frontend.py notified as changed. Signal results: [(<function template_changed at 0x7fdc09e95b80>, True), (<function translation_file_changed at 0x7fdc0b7d80d0>, None)].
(0.000) SELECT "Qsee_control"."id", "Qsee_control"."assay_id_id", "Qsee_control"."control_name", "Qsee_control"."lot_number", "Qsee_control"."date_added", "Qsee_control"."active" FROM "Qsee_control" WHERE "Qsee_control"."id" = 8 LIMIT 21; args=(8,)
(0.000) SELECT "Qsee_assay"."id", "Qsee_assay"."assay_name", "Qsee_assay"."analyser_id" FROM "Qsee_assay" WHERE "Qsee_assay"."id" = 11 LIMIT 21; args=(11,)
(0.000) SELECT "Qsee_analyser"."id", "Qsee_analyser"."analyser_name" FROM "Qsee_analyser" WHERE "Qsee_analyser"."id" = 3 LIMIT 21; args=(3,)
"GET /test_input/8/3/ HTTP/1.1" 200 1274
Exception while resolving variable 'name' in template 'unknown'.
Traceback (most recent call last):
  File "/Users/apple/opt/anaconda3/lib/python3.9/site-packages/django/core/handlers/exception.py", line 47, in inner
    response = get_response(request)
  File "/Users/apple/opt/anaconda3/lib/python3.9/site-packages/django/core/handlers/base.py", line 167, in _get_response
    callback, callback_args, callback_kwargs = self.resolve_request(request)
  File "/Users/apple/opt/anaconda3/lib/python3.9/site-packages/django/core/handlers/base.py", line 290, in resolve_request
    resolver_match = resolver.resolve(request.path_info)
  File "/Users/apple/opt/anaconda3/lib/python3.9/site-packages/django/urls/resolvers.py", line 589, in resolve
    raise Resolver404({'tried': tried, 'path': new_path})
django.urls.exceptions.Resolver404: {'tried': [[<URLResolver <URLPattern list> (admin:admin) 'admin/'>], [<URLResolver <module 'Qsee.urls' from '/Users/apple/PycharmProjects/Qsee3/Qsee/urls.py'> (None:None) ''>, <URLPattern '' [name='index']>], [<URLResolver <module 'Qsee.urls' from '/Users/apple/PycharmProjects/Qsee3/Qsee/urls.py'> (None:None) ''>, <URLPattern '404Error/' [name='qsee_error']>], [<URLResolver <module 'Qsee.urls' from '/Users/apple/PycharmProjects/Qsee3/Qsee/urls.py'> (None:None) ''>, <URLPattern 'assays/' [name='assays']>], [<URLResolver <module 'Qsee.urls' from '/Users/apple/PycharmProjects/Qsee3/Qsee/urls.py'> (None:None) ''>, <URLPattern 'controls/<assay_id>/' [name='controls']>], [<URLResolver <module 'Qsee.urls' from '/Users/apple/PycharmProjects/Qsee3/Qsee/urls.py'> (None:None) ''>, <URLPattern 'tests/<control_id>/' [name='tests']>], [<URLResolver <module 'Qsee.urls' from '/Users/apple/PycharmProjects/Qsee3/Qsee/urls.py'> (None:None) ''>, <URLPattern 'test_input/<control_id>/<analyser_id>/' [name='test_input']>], [<URLResolver <module 'Qsee.urls' from '/Users/apple/PycharmProjects/Qsee3/Qsee/urls.py'> (None:None) ''>, <URLPattern 'settings/' [name='settings']>], [<URLResolver <module 'Qsee.urls' from '/Users/apple/PycharmProjects/Qsee3/Qsee/urls.py'> (None:None) ''>, <URLPattern 'settings/assay/' [name='settings_assay']>], [<URLResolver <module 'Qsee.urls' from '/Users/apple/PycharmProjects/Qsee3/Qsee/urls.py'> (None:None) ''>, <URLPattern 'settings/control/' [name='settings_control']>], [<URLResolver <module 'Qsee.urls' from '/Users/apple/PycharmProjects/Qsee3/Qsee/urls.py'> (None:None) ''>, <URLPattern 'settings/analyser/' [name='settings_analyser']>]], 'path': 'favicon.ico'}

During handling of the above exception, another exception occurred:

Traceback (most recent call last):
  File "/Users/apple/opt/anaconda3/lib/python3.9/site-packages/django/template/base.py", line 829, in _resolve_lookup
    current = current[bit]
TypeError: 'URLResolver' object is not subscriptable

During handling of the above exception, another exception occurred:

Traceback (most recent call last):
  File "/Users/apple/opt/anaconda3/lib/python3.9/site-packages/django/template/base.py", line 837, in _resolve_lookup
    current = getattr(current, bit)
AttributeError: 'URLResolver' object has no attribute 'name'

During handling of the above exception, another exception occurred:

Traceback (most recent call last):
  File "/Users/apple/opt/anaconda3/lib/python3.9/site-packages/django/template/base.py", line 843, in _resolve_lookup
    current = current[int(bit)]
ValueError: invalid literal for int() with base 10: 'name'

During handling of the above exception, another exception occurred:

Traceback (most recent call last):
  File "/Users/apple/opt/anaconda3/lib/python3.9/site-packages/django/template/base.py", line 848, in _resolve_lookup
    raise VariableDoesNotExist("Failed lookup for key "
django.template.base.VariableDoesNotExist: Failed lookup for key [name] in <URLResolver <URLPattern list> (admin:admin) 'admin/'>
Not Found: /favicon.ico
"GET /favicon.ico HTTP/1.1" 404 3953
(0.000) SELECT "Qsee_control"."id", "Qsee_control"."assay_id_id", "Qsee_control"."control_name", "Qsee_control"."lot_number", "Qsee_control"."date_added", "Qsee_control"."active" FROM "Qsee_control" WHERE "Qsee_control"."id" = 8 LIMIT 21; args=(8,)
(0.000) SELECT "Qsee_assay"."id", "Qsee_assay"."assay_name", "Qsee_assay"."analyser_id" FROM "Qsee_assay" WHERE "Qsee_assay"."id" = 11 LIMIT 21; args=(11,)
(0.000) SELECT "Qsee_analyser"."id", "Qsee_analyser"."analyser_name" FROM "Qsee_analyser" WHERE "Qsee_analyser"."id" = 3 LIMIT 21; args=(3,)
(0.000) SELECT "Qsee_test"."result" FROM "Qsee_test" WHERE "Qsee_test"."control_id_id" = 8 ORDER BY "Qsee_test"."id" ASC; args=(8,)
(0.000) SELECT "Qsee_control"."id", "Qsee_control"."assay_id_id", "Qsee_control"."control_name", "Qsee_control"."lot_number", "Qsee_control"."date_added", "Qsee_control"."active" FROM "Qsee_control" WHERE "Qsee_control"."id" = 8 LIMIT 21; args=(8,)
(0.000) SELECT "Qsee_analyser"."id", "Qsee_analyser"."analyser_name" FROM "Qsee_analyser" WHERE "Qsee_analyser"."id" = 3 LIMIT 21; args=(3,)
(0.003) INSERT INTO "Qsee_test" ("result", "test_date", "control_id_id", "analyser_id_id", "operator", "note") VALUES (27.0, '20/01/2023', 8, 3, 'GD', '10592'); args=[27.0, '20/01/2023', 8, 3, 'GD', '10592']
"POST /test_input/8/3/ HTTP/1.1" 302 0
"GET /tests/8 HTTP/1.1" 301 0
(0.000) SELECT "Qsee_control"."id", "Qsee_control"."assay_id_id", "Qsee_control"."control_name", "Qsee_control"."lot_number", "Qsee_control"."date_added", "Qsee_control"."active" FROM "Qsee_control" WHERE "Qsee_control"."id" = 8 LIMIT 21; args=(8,)
(0.000) SELECT "Qsee_test"."id", "Qsee_test"."result", "Qsee_test"."test_date", "Qsee_test"."control_id_id", "Qsee_test"."analyser_id_id", "Qsee_test"."operator", "Qsee_test"."note" FROM "Qsee_test" WHERE "Qsee_test"."control_id_id" = 8; args=(8,)
(0.000) SELECT "Qsee_analyser"."id", "Qsee_analyser"."analyser_name" FROM "Qsee_analyser" WHERE "Qsee_analyser"."id" = 3 LIMIT 21; args=(3,)
(0.000) SELECT "Qsee_analyser"."id", "Qsee_analyser"."analyser_name" FROM "Qsee_analyser" WHERE "Qsee_analyser"."id" = 3 LIMIT 21; args=(3,)
(0.000) SELECT "Qsee_analyser"."id", "Qsee_analyser"."analyser_name" FROM "Qsee_analyser" WHERE "Qsee_analyser"."id" = 3 LIMIT 21; args=(3,)
(0.000) SELECT "Qsee_analyser"."id", "Qsee_analyser"."analyser_name" FROM "Qsee_analyser" WHERE "Qsee_analyser"."id" = 3 LIMIT 21; args=(3,)
(0.000) SELECT "Qsee_analyser"."id", "Qsee_analyser"."analyser_name" FROM "Qsee_analyser" WHERE "Qsee_analyser"."id" = 3 LIMIT 21; args=(3,)
(0.000) SELECT "Qsee_analyser"."id", "Qsee_analyser"."analyser_name" FROM "Qsee_analyser" WHERE "Qsee_analyser"."id" = 3 LIMIT 21; args=(3,)
(0.000) SELECT "Qsee_test"."result" FROM "Qsee_test" WHERE "Qsee_test"."control_id_id" = 8 ORDER BY "Qsee_test"."id" ASC; args=(8,)
(0.000) SELECT "Qsee_test"."test_date" FROM "Qsee_test" WHERE "Qsee_test"."control_id_id" = 8 ORDER BY "Qsee_test"."id" ASC; args=(8,)
(0.000) SELECT "Qsee_control"."id", "Qsee_control"."assay_id_id", "Qsee_control"."control_name", "Qsee_control"."lot_number", "Qsee_control"."date_added", "Qsee_control"."active" FROM "Qsee_control" WHERE "Qsee_control"."id" = 8 LIMIT 21; args=(8,)
(0.000) SELECT "Qsee_assay"."id", "Qsee_assay"."assay_name", "Qsee_assay"."analyser_id" FROM "Qsee_assay" WHERE "Qsee_assay"."id" = 11 LIMIT 21; args=(11,)
(0.000) SELECT "Qsee_assay"."id", "Qsee_assay"."assay_name", "Qsee_assay"."analyser_id" FROM "Qsee_assay" WHERE "Qsee_assay"."id" = 11 LIMIT 21; args=(11,)
(0.000) SELECT "Qsee_test"."id", "Qsee_test"."result", "Qsee_test"."test_date", "Qsee_test"."control_id_id", "Qsee_test"."analyser_id_id", "Qsee_test"."operator", "Qsee_test"."note" FROM "Qsee_test" WHERE ("Qsee_test"."analyser_id_id" = 3 AND "Qsee_test"."control_id_id" = 8); args=(3, 8)
(0.000) SELECT "Qsee_analyser"."id", "Qsee_analyser"."analyser_name" FROM "Qsee_analyser"; args=()
"GET /tests/8/ HTTP/1.1" 200 1637
"GET /static/Test%2C%20%20Test.svg HTTP/1.1" 200 181500
(0.000) SELECT "Qsee_control"."id", "Qsee_control"."assay_id_id", "Qsee_control"."control_name", "Qsee_control"."lot_number", "Qsee_control"."date_added", "Qsee_control"."active" FROM "Qsee_control" WHERE "Qsee_control"."id" = 8 LIMIT 21; args=(8,)
(0.000) SELECT "Qsee_assay"."id", "Qsee_assay"."assay_name", "Qsee_assay"."analyser_id" FROM "Qsee_assay" WHERE "Qsee_assay"."id" = 11 LIMIT 21; args=(11,)
(0.000) SELECT "Qsee_analyser"."id", "Qsee_analyser"."analyser_name" FROM "Qsee_analyser" WHERE "Qsee_analyser"."id" = 3 LIMIT 21; args=(3,)
"GET /test_input/8/3/ HTTP/1.1" 200 1274
(0.000) SELECT "Qsee_control"."id", "Qsee_control"."assay_id_id", "Qsee_control"."control_name", "Qsee_control"."lot_number", "Qsee_control"."date_added", "Qsee_control"."active" FROM "Qsee_control" WHERE "Qsee_control"."id" = 8 LIMIT 21; args=(8,)
(0.000) SELECT "Qsee_assay"."id", "Qsee_assay"."assay_name", "Qsee_assay"."analyser_id" FROM "Qsee_assay" WHERE "Qsee_assay"."id" = 11 LIMIT 21; args=(11,)
(0.000) SELECT "Qsee_analyser"."id", "Qsee_analyser"."analyser_name" FROM "Qsee_analyser" WHERE "Qsee_analyser"."id" = 3 LIMIT 21; args=(3,)
"GET /test_input/8/3/ HTTP/1.1" 200 1274
File /Users/apple/PycharmProjects/Qsee3/Qsee/templates/Qsee previous mtime: 1645099727.1294544, current mtime: 1645099744.2108052
/Users/apple/PycharmProjects/Qsee3/Qsee/templates/Qsee notified as changed. Signal results: [(<function template_changed at 0x7fdc09e95b80>, True), (<function translation_file_changed at 0x7fdc0b7d80d0>, None)].
File /Users/apple/PycharmProjects/Qsee3/Qsee/templates/Qsee/test_frontend.py previous mtime: 1645099727.1292334, current mtime: 1645099744.210692
/Users/apple/PycharmProjects/Qsee3/Qsee/templates/Qsee/test_frontend.py notified as changed. Signal results: [(<function template_changed at 0x7fdc09e95b80>, True), (<function translation_file_changed at 0x7fdc0b7d80d0>, None)].
(0.001) SELECT "Qsee_control"."id", "Qsee_control"."assay_id_id", "Qsee_control"."control_name", "Qsee_control"."lot_number", "Qsee_control"."date_added", "Qsee_control"."active" FROM "Qsee_control" WHERE "Qsee_control"."id" = 8 LIMIT 21; args=(8,)
(0.000) SELECT "Qsee_assay"."id", "Qsee_assay"."assay_name", "Qsee_assay"."analyser_id" FROM "Qsee_assay" WHERE "Qsee_assay"."id" = 11 LIMIT 21; args=(11,)
(0.000) SELECT "Qsee_analyser"."id", "Qsee_analyser"."analyser_name" FROM "Qsee_analyser" WHERE "Qsee_analyser"."id" = 3 LIMIT 21; args=(3,)
"GET /test_input/8/3/ HTTP/1.1" 200 1274
Exception while resolving variable 'name' in template 'unknown'.
Traceback (most recent call last):
  File "/Users/apple/opt/anaconda3/lib/python3.9/site-packages/django/core/handlers/exception.py", line 47, in inner
    response = get_response(request)
  File "/Users/apple/opt/anaconda3/lib/python3.9/site-packages/django/core/handlers/base.py", line 167, in _get_response
    callback, callback_args, callback_kwargs = self.resolve_request(request)
  File "/Users/apple/opt/anaconda3/lib/python3.9/site-packages/django/core/handlers/base.py", line 290, in resolve_request
    resolver_match = resolver.resolve(request.path_info)
  File "/Users/apple/opt/anaconda3/lib/python3.9/site-packages/django/urls/resolvers.py", line 589, in resolve
    raise Resolver404({'tried': tried, 'path': new_path})
django.urls.exceptions.Resolver404: {'tried': [[<URLResolver <URLPattern list> (admin:admin) 'admin/'>], [<URLResolver <module 'Qsee.urls' from '/Users/apple/PycharmProjects/Qsee3/Qsee/urls.py'> (None:None) ''>, <URLPattern '' [name='index']>], [<URLResolver <module 'Qsee.urls' from '/Users/apple/PycharmProjects/Qsee3/Qsee/urls.py'> (None:None) ''>, <URLPattern '404Error/' [name='qsee_error']>], [<URLResolver <module 'Qsee.urls' from '/Users/apple/PycharmProjects/Qsee3/Qsee/urls.py'> (None:None) ''>, <URLPattern 'assays/' [name='assays']>], [<URLResolver <module 'Qsee.urls' from '/Users/apple/PycharmProjects/Qsee3/Qsee/urls.py'> (None:None) ''>, <URLPattern 'controls/<assay_id>/' [name='controls']>], [<URLResolver <module 'Qsee.urls' from '/Users/apple/PycharmProjects/Qsee3/Qsee/urls.py'> (None:None) ''>, <URLPattern 'tests/<control_id>/' [name='tests']>], [<URLResolver <module 'Qsee.urls' from '/Users/apple/PycharmProjects/Qsee3/Qsee/urls.py'> (None:None) ''>, <URLPattern 'test_input/<control_id>/<analyser_id>/' [name='test_input']>], [<URLResolver <module 'Qsee.urls' from '/Users/apple/PycharmProjects/Qsee3/Qsee/urls.py'> (None:None) ''>, <URLPattern 'settings/' [name='settings']>], [<URLResolver <module 'Qsee.urls' from '/Users/apple/PycharmProjects/Qsee3/Qsee/urls.py'> (None:None) ''>, <URLPattern 'settings/assay/' [name='settings_assay']>], [<URLResolver <module 'Qsee.urls' from '/Users/apple/PycharmProjects/Qsee3/Qsee/urls.py'> (None:None) ''>, <URLPattern 'settings/control/' [name='settings_control']>], [<URLResolver <module 'Qsee.urls' from '/Users/apple/PycharmProjects/Qsee3/Qsee/urls.py'> (None:None) ''>, <URLPattern 'settings/analyser/' [name='settings_analyser']>]], 'path': 'favicon.ico'}

During handling of the above exception, another exception occurred:

Traceback (most recent call last):
  File "/Users/apple/opt/anaconda3/lib/python3.9/site-packages/django/template/base.py", line 829, in _resolve_lookup
    current = current[bit]
TypeError: 'URLResolver' object is not subscriptable

During handling of the above exception, another exception occurred:

Traceback (most recent call last):
  File "/Users/apple/opt/anaconda3/lib/python3.9/site-packages/django/template/base.py", line 837, in _resolve_lookup
    current = getattr(current, bit)
AttributeError: 'URLResolver' object has no attribute 'name'

During handling of the above exception, another exception occurred:

Traceback (most recent call last):
  File "/Users/apple/opt/anaconda3/lib/python3.9/site-packages/django/template/base.py", line 843, in _resolve_lookup
    current = current[int(bit)]
ValueError: invalid literal for int() with base 10: 'name'

During handling of the above exception, another exception occurred:

Traceback (most recent call last):
  File "/Users/apple/opt/anaconda3/lib/python3.9/site-packages/django/template/base.py", line 848, in _resolve_lookup
    raise VariableDoesNotExist("Failed lookup for key "
django.template.base.VariableDoesNotExist: Failed lookup for key [name] in <URLResolver <URLPattern list> (admin:admin) 'admin/'>
Not Found: /favicon.ico
"GET /favicon.ico HTTP/1.1" 404 3953
(0.000) SELECT "Qsee_control"."id", "Qsee_control"."assay_id_id", "Qsee_control"."control_name", "Qsee_control"."lot_number", "Qsee_control"."date_added", "Qsee_control"."active" FROM "Qsee_control" WHERE "Qsee_control"."id" = 8 LIMIT 21; args=(8,)
(0.000) SELECT "Qsee_assay"."id", "Qsee_assay"."assay_name", "Qsee_assay"."analyser_id" FROM "Qsee_assay" WHERE "Qsee_assay"."id" = 11 LIMIT 21; args=(11,)
(0.000) SELECT "Qsee_analyser"."id", "Qsee_analyser"."analyser_name" FROM "Qsee_analyser" WHERE "Qsee_analyser"."id" = 3 LIMIT 21; args=(3,)
(0.000) SELECT "Qsee_test"."result" FROM "Qsee_test" WHERE "Qsee_test"."control_id_id" = 8 ORDER BY "Qsee_test"."id" ASC; args=(8,)
(0.000) SELECT "Qsee_control"."id", "Qsee_control"."assay_id_id", "Qsee_control"."control_name", "Qsee_control"."lot_number", "Qsee_control"."date_added", "Qsee_control"."active" FROM "Qsee_control" WHERE "Qsee_control"."id" = 8 LIMIT 21; args=(8,)
(0.000) SELECT "Qsee_analyser"."id", "Qsee_analyser"."analyser_name" FROM "Qsee_analyser" WHERE "Qsee_analyser"."id" = 3 LIMIT 21; args=(3,)
(0.003) INSERT INTO "Qsee_test" ("result", "test_date", "control_id_id", "analyser_id_id", "operator", "note") VALUES (29.0, '20/01/2023', 8, 3, 'GD', '14410'); args=[29.0, '20/01/2023', 8, 3, 'GD', '14410']
"POST /test_input/8/3/ HTTP/1.1" 302 0
"GET /tests/8 HTTP/1.1" 301 0
(0.000) SELECT "Qsee_control"."id", "Qsee_control"."assay_id_id", "Qsee_control"."control_name", "Qsee_control"."lot_number", "Qsee_control"."date_added", "Qsee_control"."active" FROM "Qsee_control" WHERE "Qsee_control"."id" = 8 LIMIT 21; args=(8,)
(0.000) SELECT "Qsee_test"."id", "Qsee_test"."result", "Qsee_test"."test_date", "Qsee_test"."control_id_id", "Qsee_test"."analyser_id_id", "Qsee_test"."operator", "Qsee_test"."note" FROM "Qsee_test" WHERE "Qsee_test"."control_id_id" = 8; args=(8,)
(0.000) SELECT "Qsee_analyser"."id", "Qsee_analyser"."analyser_name" FROM "Qsee_analyser" WHERE "Qsee_analyser"."id" = 3 LIMIT 21; args=(3,)
(0.000) SELECT "Qsee_analyser"."id", "Qsee_analyser"."analyser_name" FROM "Qsee_analyser" WHERE "Qsee_analyser"."id" = 3 LIMIT 21; args=(3,)
(0.000) SELECT "Qsee_analyser"."id", "Qsee_analyser"."analyser_name" FROM "Qsee_analyser" WHERE "Qsee_analyser"."id" = 3 LIMIT 21; args=(3,)
(0.000) SELECT "Qsee_analyser"."id", "Qsee_analyser"."analyser_name" FROM "Qsee_analyser" WHERE "Qsee_analyser"."id" = 3 LIMIT 21; args=(3,)
(0.000) SELECT "Qsee_analyser"."id", "Qsee_analyser"."analyser_name" FROM "Qsee_analyser" WHERE "Qsee_analyser"."id" = 3 LIMIT 21; args=(3,)
(0.000) SELECT "Qsee_analyser"."id", "Qsee_analyser"."analyser_name" FROM "Qsee_analyser" WHERE "Qsee_analyser"."id" = 3 LIMIT 21; args=(3,)
(0.000) SELECT "Qsee_analyser"."id", "Qsee_analyser"."analyser_name" FROM "Qsee_analyser" WHERE "Qsee_analyser"."id" = 3 LIMIT 21; args=(3,)
(0.000) SELECT "Qsee_test"."result" FROM "Qsee_test" WHERE "Qsee_test"."control_id_id" = 8 ORDER BY "Qsee_test"."id" ASC; args=(8,)
(0.000) SELECT "Qsee_test"."test_date" FROM "Qsee_test" WHERE "Qsee_test"."control_id_id" = 8 ORDER BY "Qsee_test"."id" ASC; args=(8,)
(0.000) SELECT "Qsee_control"."id", "Qsee_control"."assay_id_id", "Qsee_control"."control_name", "Qsee_control"."lot_number", "Qsee_control"."date_added", "Qsee_control"."active" FROM "Qsee_control" WHERE "Qsee_control"."id" = 8 LIMIT 21; args=(8,)
(0.000) SELECT "Qsee_assay"."id", "Qsee_assay"."assay_name", "Qsee_assay"."analyser_id" FROM "Qsee_assay" WHERE "Qsee_assay"."id" = 11 LIMIT 21; args=(11,)
(0.000) SELECT "Qsee_assay"."id", "Qsee_assay"."assay_name", "Qsee_assay"."analyser_id" FROM "Qsee_assay" WHERE "Qsee_assay"."id" = 11 LIMIT 21; args=(11,)
(0.000) SELECT "Qsee_test"."id", "Qsee_test"."result", "Qsee_test"."test_date", "Qsee_test"."control_id_id", "Qsee_test"."analyser_id_id", "Qsee_test"."operator", "Qsee_test"."note" FROM "Qsee_test" WHERE ("Qsee_test"."analyser_id_id" = 3 AND "Qsee_test"."control_id_id" = 8); args=(3, 8)
(0.000) SELECT "Qsee_analyser"."id", "Qsee_analyser"."analyser_name" FROM "Qsee_analyser"; args=()
"GET /tests/8/ HTTP/1.1" 200 1693
"GET /static/Test%2C%20%20Test.svg HTTP/1.1" 200 181500
(0.001) SELECT "Qsee_control"."id", "Qsee_control"."assay_id_id", "Qsee_control"."control_name", "Qsee_control"."lot_number", "Qsee_control"."date_added", "Qsee_control"."active" FROM "Qsee_control" WHERE "Qsee_control"."id" = 8 LIMIT 21; args=(8,)
(0.000) SELECT "Qsee_assay"."id", "Qsee_assay"."assay_name", "Qsee_assay"."analyser_id" FROM "Qsee_assay" WHERE "Qsee_assay"."id" = 11 LIMIT 21; args=(11,)
(0.000) SELECT "Qsee_analyser"."id", "Qsee_analyser"."analyser_name" FROM "Qsee_analyser" WHERE "Qsee_analyser"."id" = 3 LIMIT 21; args=(3,)
"GET /test_input/8/3/ HTTP/1.1" 200 1274
(0.000) SELECT "Qsee_control"."id", "Qsee_control"."assay_id_id", "Qsee_control"."control_name", "Qsee_control"."lot_number", "Qsee_control"."date_added", "Qsee_control"."active" FROM "Qsee_control" WHERE "Qsee_control"."id" = 8 LIMIT 21; args=(8,)
(0.000) SELECT "Qsee_assay"."id", "Qsee_assay"."assay_name", "Qsee_assay"."analyser_id" FROM "Qsee_assay" WHERE "Qsee_assay"."id" = 11 LIMIT 21; args=(11,)
(0.000) SELECT "Qsee_analyser"."id", "Qsee_analyser"."analyser_name" FROM "Qsee_analyser" WHERE "Qsee_analyser"."id" = 3 LIMIT 21; args=(3,)
"GET /test_input/8/3/ HTTP/1.1" 200 1274
(0.000) SELECT "Qsee_control"."id", "Qsee_control"."assay_id_id", "Qsee_control"."control_name", "Qsee_control"."lot_number", "Qsee_control"."date_added", "Qsee_control"."active" FROM "Qsee_control" WHERE "Qsee_control"."id" = 8 LIMIT 21; args=(8,)
(0.000) SELECT "Qsee_assay"."id", "Qsee_assay"."assay_name", "Qsee_assay"."analyser_id" FROM "Qsee_assay" WHERE "Qsee_assay"."id" = 11 LIMIT 21; args=(11,)
(0.000) SELECT "Qsee_analyser"."id", "Qsee_analyser"."analyser_name" FROM "Qsee_analyser" WHERE "Qsee_analyser"."id" = 3 LIMIT 21; args=(3,)
(0.000) SELECT "Qsee_test"."result" FROM "Qsee_test" WHERE "Qsee_test"."control_id_id" = 8 ORDER BY "Qsee_test"."id" ASC; args=(8,)
(0.000) SELECT "Qsee_control"."id", "Qsee_control"."assay_id_id", "Qsee_control"."control_name", "Qsee_control"."lot_number", "Qsee_control"."date_added", "Qsee_control"."active" FROM "Qsee_control" WHERE "Qsee_control"."id" = 8 LIMIT 21; args=(8,)
(0.000) SELECT "Qsee_analyser"."id", "Qsee_analyser"."analyser_name" FROM "Qsee_analyser" WHERE "Qsee_analyser"."id" = 3 LIMIT 21; args=(3,)
(0.003) INSERT INTO "Qsee_test" ("result", "test_date", "control_id_id", "analyser_id_id", "operator", "note") VALUES (28.0, '20/01/2023', 8, 3, 'GD', '19099'); args=[28.0, '20/01/2023', 8, 3, 'GD', '19099']
"POST /test_input/8/3/ HTTP/1.1" 302 0
"GET /tests/8 HTTP/1.1" 301 0
(0.000) SELECT "Qsee_control"."id", "Qsee_control"."assay_id_id", "Qsee_control"."control_name", "Qsee_control"."lot_number", "Qsee_control"."date_added", "Qsee_control"."active" FROM "Qsee_control" WHERE "Qsee_control"."id" = 8 LIMIT 21; args=(8,)
(0.000) SELECT "Qsee_test"."id", "Qsee_test"."result", "Qsee_test"."test_date", "Qsee_test"."control_id_id", "Qsee_test"."analyser_id_id", "Qsee_test"."operator", "Qsee_test"."note" FROM "Qsee_test" WHERE "Qsee_test"."control_id_id" = 8; args=(8,)
(0.000) SELECT "Qsee_analyser"."id", "Qsee_analyser"."analyser_name" FROM "Qsee_analyser" WHERE "Qsee_analyser"."id" = 3 LIMIT 21; args=(3,)
(0.000) SELECT "Qsee_analyser"."id", "Qsee_analyser"."analyser_name" FROM "Qsee_analyser" WHERE "Qsee_analyser"."id" = 3 LIMIT 21; args=(3,)
(0.000) SELECT "Qsee_analyser"."id", "Qsee_analyser"."analyser_name" FROM "Qsee_analyser" WHERE "Qsee_analyser"."id" = 3 LIMIT 21; args=(3,)
(0.000) SELECT "Qsee_analyser"."id", "Qsee_analyser"."analyser_name" FROM "Qsee_analyser" WHERE "Qsee_analyser"."id" = 3 LIMIT 21; args=(3,)
(0.000) SELECT "Qsee_analyser"."id", "Qsee_analyser"."analyser_name" FROM "Qsee_analyser" WHERE "Qsee_analyser"."id" = 3 LIMIT 21; args=(3,)
(0.000) SELECT "Qsee_analyser"."id", "Qsee_analyser"."analyser_name" FROM "Qsee_analyser" WHERE "Qsee_analyser"."id" = 3 LIMIT 21; args=(3,)
(0.000) SELECT "Qsee_analyser"."id", "Qsee_analyser"."analyser_name" FROM "Qsee_analyser" WHERE "Qsee_analyser"."id" = 3 LIMIT 21; args=(3,)
(0.000) SELECT "Qsee_analyser"."id", "Qsee_analyser"."analyser_name" FROM "Qsee_analyser" WHERE "Qsee_analyser"."id" = 3 LIMIT 21; args=(3,)
(0.000) SELECT "Qsee_test"."result" FROM "Qsee_test" WHERE "Qsee_test"."control_id_id" = 8 ORDER BY "Qsee_test"."id" ASC; args=(8,)
(0.000) SELECT "Qsee_test"."test_date" FROM "Qsee_test" WHERE "Qsee_test"."control_id_id" = 8 ORDER BY "Qsee_test"."id" ASC; args=(8,)
(0.000) SELECT "Qsee_control"."id", "Qsee_control"."assay_id_id", "Qsee_control"."control_name", "Qsee_control"."lot_number", "Qsee_control"."date_added", "Qsee_control"."active" FROM "Qsee_control" WHERE "Qsee_control"."id" = 8 LIMIT 21; args=(8,)
(0.000) SELECT "Qsee_assay"."id", "Qsee_assay"."assay_name", "Qsee_assay"."analyser_id" FROM "Qsee_assay" WHERE "Qsee_assay"."id" = 11 LIMIT 21; args=(11,)
(0.000) SELECT "Qsee_assay"."id", "Qsee_assay"."assay_name", "Qsee_assay"."analyser_id" FROM "Qsee_assay" WHERE "Qsee_assay"."id" = 11 LIMIT 21; args=(11,)
(0.000) SELECT "Qsee_test"."id", "Qsee_test"."result", "Qsee_test"."test_date", "Qsee_test"."control_id_id", "Qsee_test"."analyser_id_id", "Qsee_test"."operator", "Qsee_test"."note" FROM "Qsee_test" WHERE ("Qsee_test"."analyser_id_id" = 3 AND "Qsee_test"."control_id_id" = 8); args=(3, 8)
(0.000) SELECT "Qsee_analyser"."id", "Qsee_analyser"."analyser_name" FROM "Qsee_analyser"; args=()
"GET /tests/8/ HTTP/1.1" 200 1749
"GET /static/Test%2C%20%20Test.svg HTTP/1.1" 200 181500
(0.000) SELECT "Qsee_control"."id", "Qsee_control"."assay_id_id", "Qsee_control"."control_name", "Qsee_control"."lot_number", "Qsee_control"."date_added", "Qsee_control"."active" FROM "Qsee_control" WHERE "Qsee_control"."id" = 8 LIMIT 21; args=(8,)
(0.000) SELECT "Qsee_assay"."id", "Qsee_assay"."assay_name", "Qsee_assay"."analyser_id" FROM "Qsee_assay" WHERE "Qsee_assay"."id" = 11 LIMIT 21; args=(11,)
(0.000) SELECT "Qsee_analyser"."id", "Qsee_analyser"."analyser_name" FROM "Qsee_analyser" WHERE "Qsee_analyser"."id" = 3 LIMIT 21; args=(3,)
"GET /test_input/8/3/ HTTP/1.1" 200 1274
(0.001) SELECT "Qsee_control"."id", "Qsee_control"."assay_id_id", "Qsee_control"."control_name", "Qsee_control"."lot_number", "Qsee_control"."date_added", "Qsee_control"."active" FROM "Qsee_control" WHERE "Qsee_control"."id" = 8 LIMIT 21; args=(8,)
(0.000) SELECT "Qsee_assay"."id", "Qsee_assay"."assay_name", "Qsee_assay"."analyser_id" FROM "Qsee_assay" WHERE "Qsee_assay"."id" = 11 LIMIT 21; args=(11,)
(0.000) SELECT "Qsee_analyser"."id", "Qsee_analyser"."analyser_name" FROM "Qsee_analyser" WHERE "Qsee_analyser"."id" = 3 LIMIT 21; args=(3,)
"GET /test_input/8/3/ HTTP/1.1" 200 1274
(0.001) SELECT "Qsee_control"."id", "Qsee_control"."assay_id_id", "Qsee_control"."control_name", "Qsee_control"."lot_number", "Qsee_control"."date_added", "Qsee_control"."active" FROM "Qsee_control" WHERE "Qsee_control"."id" = 8 LIMIT 21; args=(8,)
(0.000) SELECT "Qsee_assay"."id", "Qsee_assay"."assay_name", "Qsee_assay"."analyser_id" FROM "Qsee_assay" WHERE "Qsee_assay"."id" = 11 LIMIT 21; args=(11,)
(0.000) SELECT "Qsee_analyser"."id", "Qsee_analyser"."analyser_name" FROM "Qsee_analyser" WHERE "Qsee_analyser"."id" = 3 LIMIT 21; args=(3,)
(0.000) SELECT "Qsee_test"."result" FROM "Qsee_test" WHERE "Qsee_test"."control_id_id" = 8 ORDER BY "Qsee_test"."id" ASC; args=(8,)
(0.000) SELECT "Qsee_control"."id", "Qsee_control"."assay_id_id", "Qsee_control"."control_name", "Qsee_control"."lot_number", "Qsee_control"."date_added", "Qsee_control"."active" FROM "Qsee_control" WHERE "Qsee_control"."id" = 8 LIMIT 21; args=(8,)
(0.000) SELECT "Qsee_analyser"."id", "Qsee_analyser"."analyser_name" FROM "Qsee_analyser" WHERE "Qsee_analyser"."id" = 3 LIMIT 21; args=(3,)
(0.003) INSERT INTO "Qsee_test" ("result", "test_date", "control_id_id", "analyser_id_id", "operator", "note") VALUES (30.0, '20/01/2023', 8, 3, 'GD', '2139'); args=[30.0, '20/01/2023', 8, 3, 'GD', '2139']
"POST /test_input/8/3/ HTTP/1.1" 302 0
"GET /tests/8 HTTP/1.1" 301 0
(0.000) SELECT "Qsee_control"."id", "Qsee_control"."assay_id_id", "Qsee_control"."control_name", "Qsee_control"."lot_number", "Qsee_control"."date_added", "Qsee_control"."active" FROM "Qsee_control" WHERE "Qsee_control"."id" = 8 LIMIT 21; args=(8,)
(0.000) SELECT "Qsee_test"."id", "Qsee_test"."result", "Qsee_test"."test_date", "Qsee_test"."control_id_id", "Qsee_test"."analyser_id_id", "Qsee_test"."operator", "Qsee_test"."note" FROM "Qsee_test" WHERE "Qsee_test"."control_id_id" = 8; args=(8,)
(0.000) SELECT "Qsee_analyser"."id", "Qsee_analyser"."analyser_name" FROM "Qsee_analyser" WHERE "Qsee_analyser"."id" = 3 LIMIT 21; args=(3,)
(0.000) SELECT "Qsee_analyser"."id", "Qsee_analyser"."analyser_name" FROM "Qsee_analyser" WHERE "Qsee_analyser"."id" = 3 LIMIT 21; args=(3,)
(0.000) SELECT "Qsee_analyser"."id", "Qsee_analyser"."analyser_name" FROM "Qsee_analyser" WHERE "Qsee_analyser"."id" = 3 LIMIT 21; args=(3,)
(0.000) SELECT "Qsee_analyser"."id", "Qsee_analyser"."analyser_name" FROM "Qsee_analyser" WHERE "Qsee_analyser"."id" = 3 LIMIT 21; args=(3,)
(0.000) SELECT "Qsee_analyser"."id", "Qsee_analyser"."analyser_name" FROM "Qsee_analyser" WHERE "Qsee_analyser"."id" = 3 LIMIT 21; args=(3,)
(0.000) SELECT "Qsee_analyser"."id", "Qsee_analyser"."analyser_name" FROM "Qsee_analyser" WHERE "Qsee_analyser"."id" = 3 LIMIT 21; args=(3,)
(0.000) SELECT "Qsee_analyser"."id", "Qsee_analyser"."analyser_name" FROM "Qsee_analyser" WHERE "Qsee_analyser"."id" = 3 LIMIT 21; args=(3,)
(0.000) SELECT "Qsee_analyser"."id", "Qsee_analyser"."analyser_name" FROM "Qsee_analyser" WHERE "Qsee_analyser"."id" = 3 LIMIT 21; args=(3,)
(0.000) SELECT "Qsee_analyser"."id", "Qsee_analyser"."analyser_name" FROM "Qsee_analyser" WHERE "Qsee_analyser"."id" = 3 LIMIT 21; args=(3,)
(0.000) SELECT "Qsee_test"."result" FROM "Qsee_test" WHERE "Qsee_test"."control_id_id" = 8 ORDER BY "Qsee_test"."id" ASC; args=(8,)
(0.000) SELECT "Qsee_test"."test_date" FROM "Qsee_test" WHERE "Qsee_test"."control_id_id" = 8 ORDER BY "Qsee_test"."id" ASC; args=(8,)
(0.000) SELECT "Qsee_control"."id", "Qsee_control"."assay_id_id", "Qsee_control"."control_name", "Qsee_control"."lot_number", "Qsee_control"."date_added", "Qsee_control"."active" FROM "Qsee_control" WHERE "Qsee_control"."id" = 8 LIMIT 21; args=(8,)
(0.000) SELECT "Qsee_assay"."id", "Qsee_assay"."assay_name", "Qsee_assay"."analyser_id" FROM "Qsee_assay" WHERE "Qsee_assay"."id" = 11 LIMIT 21; args=(11,)
(0.000) SELECT "Qsee_assay"."id", "Qsee_assay"."assay_name", "Qsee_assay"."analyser_id" FROM "Qsee_assay" WHERE "Qsee_assay"."id" = 11 LIMIT 21; args=(11,)
(0.000) SELECT "Qsee_test"."id", "Qsee_test"."result", "Qsee_test"."test_date", "Qsee_test"."control_id_id", "Qsee_test"."analyser_id_id", "Qsee_test"."operator", "Qsee_test"."note" FROM "Qsee_test" WHERE ("Qsee_test"."analyser_id_id" = 3 AND "Qsee_test"."control_id_id" = 8); args=(3, 8)
(0.000) SELECT "Qsee_analyser"."id", "Qsee_analyser"."analyser_name" FROM "Qsee_analyser"; args=()
"GET /tests/8/ HTTP/1.1" 200 1805
"GET /static/Test%2C%20%20Test.svg HTTP/1.1" 304 0
(0.000) SELECT "Qsee_control"."id", "Qsee_control"."assay_id_id", "Qsee_control"."control_name", "Qsee_control"."lot_number", "Qsee_control"."date_added", "Qsee_control"."active" FROM "Qsee_control" WHERE "Qsee_control"."id" = 8 LIMIT 21; args=(8,)
(0.000) SELECT "Qsee_assay"."id", "Qsee_assay"."assay_name", "Qsee_assay"."analyser_id" FROM "Qsee_assay" WHERE "Qsee_assay"."id" = 11 LIMIT 21; args=(11,)
(0.000) SELECT "Qsee_analyser"."id", "Qsee_analyser"."analyser_name" FROM "Qsee_analyser" WHERE "Qsee_analyser"."id" = 3 LIMIT 21; args=(3,)
"GET /test_input/8/3/ HTTP/1.1" 200 1274
(0.001) SELECT "Qsee_control"."id", "Qsee_control"."assay_id_id", "Qsee_control"."control_name", "Qsee_control"."lot_number", "Qsee_control"."date_added", "Qsee_control"."active" FROM "Qsee_control" WHERE "Qsee_control"."id" = 8 LIMIT 21; args=(8,)
(0.000) SELECT "Qsee_assay"."id", "Qsee_assay"."assay_name", "Qsee_assay"."analyser_id" FROM "Qsee_assay" WHERE "Qsee_assay"."id" = 11 LIMIT 21; args=(11,)
(0.000) SELECT "Qsee_analyser"."id", "Qsee_analyser"."analyser_name" FROM "Qsee_analyser" WHERE "Qsee_analyser"."id" = 3 LIMIT 21; args=(3,)
"GET /test_input/8/3/ HTTP/1.1" 200 1274
(0.001) SELECT "Qsee_control"."id", "Qsee_control"."assay_id_id", "Qsee_control"."control_name", "Qsee_control"."lot_number", "Qsee_control"."date_added", "Qsee_control"."active" FROM "Qsee_control" WHERE "Qsee_control"."id" = 8 LIMIT 21; args=(8,)
(0.000) SELECT "Qsee_assay"."id", "Qsee_assay"."assay_name", "Qsee_assay"."analyser_id" FROM "Qsee_assay" WHERE "Qsee_assay"."id" = 11 LIMIT 21; args=(11,)
(0.000) SELECT "Qsee_analyser"."id", "Qsee_analyser"."analyser_name" FROM "Qsee_analyser" WHERE "Qsee_analyser"."id" = 3 LIMIT 21; args=(3,)
(0.000) SELECT "Qsee_test"."result" FROM "Qsee_test" WHERE "Qsee_test"."control_id_id" = 8 ORDER BY "Qsee_test"."id" ASC; args=(8,)
(0.000) SELECT "Qsee_control"."id", "Qsee_control"."assay_id_id", "Qsee_control"."control_name", "Qsee_control"."lot_number", "Qsee_control"."date_added", "Qsee_control"."active" FROM "Qsee_control" WHERE "Qsee_control"."id" = 8 LIMIT 21; args=(8,)
(0.000) SELECT "Qsee_analyser"."id", "Qsee_analyser"."analyser_name" FROM "Qsee_analyser" WHERE "Qsee_analyser"."id" = 3 LIMIT 21; args=(3,)
(0.003) INSERT INTO "Qsee_test" ("result", "test_date", "control_id_id", "analyser_id_id", "operator", "note") VALUES (28.0, '20/01/2023', 8, 3, 'GD', '15697'); args=[28.0, '20/01/2023', 8, 3, 'GD', '15697']
"POST /test_input/8/3/ HTTP/1.1" 302 0
"GET /tests/8 HTTP/1.1" 301 0
(0.000) SELECT "Qsee_control"."id", "Qsee_control"."assay_id_id", "Qsee_control"."control_name", "Qsee_control"."lot_number", "Qsee_control"."date_added", "Qsee_control"."active" FROM "Qsee_control" WHERE "Qsee_control"."id" = 8 LIMIT 21; args=(8,)
(0.000) SELECT "Qsee_test"."id", "Qsee_test"."result", "Qsee_test"."test_date", "Qsee_test"."control_id_id", "Qsee_test"."analyser_id_id", "Qsee_test"."operator", "Qsee_test"."note" FROM "Qsee_test" WHERE "Qsee_test"."control_id_id" = 8; args=(8,)
(0.000) SELECT "Qsee_analyser"."id", "Qsee_analyser"."analyser_name" FROM "Qsee_analyser" WHERE "Qsee_analyser"."id" = 3 LIMIT 21; args=(3,)
(0.000) SELECT "Qsee_analyser"."id", "Qsee_analyser"."analyser_name" FROM "Qsee_analyser" WHERE "Qsee_analyser"."id" = 3 LIMIT 21; args=(3,)
(0.000) SELECT "Qsee_analyser"."id", "Qsee_analyser"."analyser_name" FROM "Qsee_analyser" WHERE "Qsee_analyser"."id" = 3 LIMIT 21; args=(3,)
(0.000) SELECT "Qsee_analyser"."id", "Qsee_analyser"."analyser_name" FROM "Qsee_analyser" WHERE "Qsee_analyser"."id" = 3 LIMIT 21; args=(3,)
(0.000) SELECT "Qsee_analyser"."id", "Qsee_analyser"."analyser_name" FROM "Qsee_analyser" WHERE "Qsee_analyser"."id" = 3 LIMIT 21; args=(3,)
(0.000) SELECT "Qsee_analyser"."id", "Qsee_analyser"."analyser_name" FROM "Qsee_analyser" WHERE "Qsee_analyser"."id" = 3 LIMIT 21; args=(3,)
(0.000) SELECT "Qsee_analyser"."id", "Qsee_analyser"."analyser_name" FROM "Qsee_analyser" WHERE "Qsee_analyser"."id" = 3 LIMIT 21; args=(3,)
(0.000) SELECT "Qsee_analyser"."id", "Qsee_analyser"."analyser_name" FROM "Qsee_analyser" WHERE "Qsee_analyser"."id" = 3 LIMIT 21; args=(3,)
(0.000) SELECT "Qsee_analyser"."id", "Qsee_analyser"."analyser_name" FROM "Qsee_analyser" WHERE "Qsee_analyser"."id" = 3 LIMIT 21; args=(3,)
(0.000) SELECT "Qsee_analyser"."id", "Qsee_analyser"."analyser_name" FROM "Qsee_analyser" WHERE "Qsee_analyser"."id" = 3 LIMIT 21; args=(3,)
(0.000) SELECT "Qsee_test"."result" FROM "Qsee_test" WHERE "Qsee_test"."control_id_id" = 8 ORDER BY "Qsee_test"."id" ASC; args=(8,)
(0.000) SELECT "Qsee_test"."test_date" FROM "Qsee_test" WHERE "Qsee_test"."control_id_id" = 8 ORDER BY "Qsee_test"."id" ASC; args=(8,)
(0.000) SELECT "Qsee_control"."id", "Qsee_control"."assay_id_id", "Qsee_control"."control_name", "Qsee_control"."lot_number", "Qsee_control"."date_added", "Qsee_control"."active" FROM "Qsee_control" WHERE "Qsee_control"."id" = 8 LIMIT 21; args=(8,)
(0.000) SELECT "Qsee_assay"."id", "Qsee_assay"."assay_name", "Qsee_assay"."analyser_id" FROM "Qsee_assay" WHERE "Qsee_assay"."id" = 11 LIMIT 21; args=(11,)
(0.000) SELECT "Qsee_assay"."id", "Qsee_assay"."assay_name", "Qsee_assay"."analyser_id" FROM "Qsee_assay" WHERE "Qsee_assay"."id" = 11 LIMIT 21; args=(11,)
(0.000) SELECT "Qsee_test"."id", "Qsee_test"."result", "Qsee_test"."test_date", "Qsee_test"."control_id_id", "Qsee_test"."analyser_id_id", "Qsee_test"."operator", "Qsee_test"."note" FROM "Qsee_test" WHERE ("Qsee_test"."analyser_id_id" = 3 AND "Qsee_test"."control_id_id" = 8); args=(3, 8)
(0.000) SELECT "Qsee_analyser"."id", "Qsee_analyser"."analyser_name" FROM "Qsee_analyser"; args=()
"GET /tests/8/ HTTP/1.1" 200 1861
"GET /static/Test%2C%20%20Test.svg HTTP/1.1" 304 0
(0.000) SELECT "Qsee_control"."id", "Qsee_control"."assay_id_id", "Qsee_control"."control_name", "Qsee_control"."lot_number", "Qsee_control"."date_added", "Qsee_control"."active" FROM "Qsee_control" WHERE "Qsee_control"."id" = 8 LIMIT 21; args=(8,)
(0.000) SELECT "Qsee_assay"."id", "Qsee_assay"."assay_name", "Qsee_assay"."analyser_id" FROM "Qsee_assay" WHERE "Qsee_assay"."id" = 11 LIMIT 21; args=(11,)
(0.000) SELECT "Qsee_analyser"."id", "Qsee_analyser"."analyser_name" FROM "Qsee_analyser" WHERE "Qsee_analyser"."id" = 3 LIMIT 21; args=(3,)
"GET /test_input/8/3/ HTTP/1.1" 200 1274
(0.000) SELECT "Qsee_control"."id", "Qsee_control"."assay_id_id", "Qsee_control"."control_name", "Qsee_control"."lot_number", "Qsee_control"."date_added", "Qsee_control"."active" FROM "Qsee_control" WHERE "Qsee_control"."id" = 8 LIMIT 21; args=(8,)
(0.000) SELECT "Qsee_assay"."id", "Qsee_assay"."assay_name", "Qsee_assay"."analyser_id" FROM "Qsee_assay" WHERE "Qsee_assay"."id" = 11 LIMIT 21; args=(11,)
(0.000) SELECT "Qsee_analyser"."id", "Qsee_analyser"."analyser_name" FROM "Qsee_analyser" WHERE "Qsee_analyser"."id" = 3 LIMIT 21; args=(3,)
"GET /test_input/8/3/ HTTP/1.1" 200 1274
(0.000) SELECT "Qsee_control"."id", "Qsee_control"."assay_id_id", "Qsee_control"."control_name", "Qsee_control"."lot_number", "Qsee_control"."date_added", "Qsee_control"."active" FROM "Qsee_control" WHERE "Qsee_control"."id" = 8 LIMIT 21; args=(8,)
(0.000) SELECT "Qsee_assay"."id", "Qsee_assay"."assay_name", "Qsee_assay"."analyser_id" FROM "Qsee_assay" WHERE "Qsee_assay"."id" = 11 LIMIT 21; args=(11,)
(0.000) SELECT "Qsee_analyser"."id", "Qsee_analyser"."analyser_name" FROM "Qsee_analyser" WHERE "Qsee_analyser"."id" = 3 LIMIT 21; args=(3,)
(0.000) SELECT "Qsee_test"."result" FROM "Qsee_test" WHERE "Qsee_test"."control_id_id" = 8 ORDER BY "Qsee_test"."id" ASC; args=(8,)
(0.000) SELECT "Qsee_control"."id", "Qsee_control"."assay_id_id", "Qsee_control"."control_name", "Qsee_control"."lot_number", "Qsee_control"."date_added", "Qsee_control"."active" FROM "Qsee_control" WHERE "Qsee_control"."id" = 8 LIMIT 21; args=(8,)
(0.000) SELECT "Qsee_analyser"."id", "Qsee_analyser"."analyser_name" FROM "Qsee_analyser" WHERE "Qsee_analyser"."id" = 3 LIMIT 21; args=(3,)
(0.001) INSERT INTO "Qsee_test" ("result", "test_date", "control_id_id", "analyser_id_id", "operator", "note") VALUES (29.0, '20/01/2023', 8, 3, 'GD', '23718'); args=[29.0, '20/01/2023', 8, 3, 'GD', '23718']
"POST /test_input/8/3/ HTTP/1.1" 302 0
"GET /tests/8 HTTP/1.1" 301 0
(0.000) SELECT "Qsee_control"."id", "Qsee_control"."assay_id_id", "Qsee_control"."control_name", "Qsee_control"."lot_number", "Qsee_control"."date_added", "Qsee_control"."active" FROM "Qsee_control" WHERE "Qsee_control"."id" = 8 LIMIT 21; args=(8,)
(0.000) SELECT "Qsee_test"."id", "Qsee_test"."result", "Qsee_test"."test_date", "Qsee_test"."control_id_id", "Qsee_test"."analyser_id_id", "Qsee_test"."operator", "Qsee_test"."note" FROM "Qsee_test" WHERE "Qsee_test"."control_id_id" = 8; args=(8,)
(0.000) SELECT "Qsee_analyser"."id", "Qsee_analyser"."analyser_name" FROM "Qsee_analyser" WHERE "Qsee_analyser"."id" = 3 LIMIT 21; args=(3,)
(0.000) SELECT "Qsee_analyser"."id", "Qsee_analyser"."analyser_name" FROM "Qsee_analyser" WHERE "Qsee_analyser"."id" = 3 LIMIT 21; args=(3,)
(0.000) SELECT "Qsee_analyser"."id", "Qsee_analyser"."analyser_name" FROM "Qsee_analyser" WHERE "Qsee_analyser"."id" = 3 LIMIT 21; args=(3,)
(0.000) SELECT "Qsee_analyser"."id", "Qsee_analyser"."analyser_name" FROM "Qsee_analyser" WHERE "Qsee_analyser"."id" = 3 LIMIT 21; args=(3,)
(0.000) SELECT "Qsee_analyser"."id", "Qsee_analyser"."analyser_name" FROM "Qsee_analyser" WHERE "Qsee_analyser"."id" = 3 LIMIT 21; args=(3,)
(0.000) SELECT "Qsee_analyser"."id", "Qsee_analyser"."analyser_name" FROM "Qsee_analyser" WHERE "Qsee_analyser"."id" = 3 LIMIT 21; args=(3,)
(0.000) SELECT "Qsee_analyser"."id", "Qsee_analyser"."analyser_name" FROM "Qsee_analyser" WHERE "Qsee_analyser"."id" = 3 LIMIT 21; args=(3,)
(0.000) SELECT "Qsee_analyser"."id", "Qsee_analyser"."analyser_name" FROM "Qsee_analyser" WHERE "Qsee_analyser"."id" = 3 LIMIT 21; args=(3,)
(0.000) SELECT "Qsee_analyser"."id", "Qsee_analyser"."analyser_name" FROM "Qsee_analyser" WHERE "Qsee_analyser"."id" = 3 LIMIT 21; args=(3,)
(0.000) SELECT "Qsee_analyser"."id", "Qsee_analyser"."analyser_name" FROM "Qsee_analyser" WHERE "Qsee_analyser"."id" = 3 LIMIT 21; args=(3,)
(0.000) SELECT "Qsee_analyser"."id", "Qsee_analyser"."analyser_name" FROM "Qsee_analyser" WHERE "Qsee_analyser"."id" = 3 LIMIT 21; args=(3,)
(0.000) SELECT "Qsee_test"."result" FROM "Qsee_test" WHERE "Qsee_test"."control_id_id" = 8 ORDER BY "Qsee_test"."id" ASC; args=(8,)
(0.000) SELECT "Qsee_test"."test_date" FROM "Qsee_test" WHERE "Qsee_test"."control_id_id" = 8 ORDER BY "Qsee_test"."id" ASC; args=(8,)
(0.000) SELECT "Qsee_control"."id", "Qsee_control"."assay_id_id", "Qsee_control"."control_name", "Qsee_control"."lot_number", "Qsee_control"."date_added", "Qsee_control"."active" FROM "Qsee_control" WHERE "Qsee_control"."id" = 8 LIMIT 21; args=(8,)
(0.000) SELECT "Qsee_assay"."id", "Qsee_assay"."assay_name", "Qsee_assay"."analyser_id" FROM "Qsee_assay" WHERE "Qsee_assay"."id" = 11 LIMIT 21; args=(11,)
(0.000) SELECT "Qsee_assay"."id", "Qsee_assay"."assay_name", "Qsee_assay"."analyser_id" FROM "Qsee_assay" WHERE "Qsee_assay"."id" = 11 LIMIT 21; args=(11,)
(0.000) SELECT "Qsee_test"."id", "Qsee_test"."result", "Qsee_test"."test_date", "Qsee_test"."control_id_id", "Qsee_test"."analyser_id_id", "Qsee_test"."operator", "Qsee_test"."note" FROM "Qsee_test" WHERE ("Qsee_test"."analyser_id_id" = 3 AND "Qsee_test"."control_id_id" = 8); args=(3, 8)
(0.000) SELECT "Qsee_analyser"."id", "Qsee_analyser"."analyser_name" FROM "Qsee_analyser"; args=()
"GET /tests/8/ HTTP/1.1" 200 1917
"GET /static/Test%2C%20%20Test.svg HTTP/1.1" 200 181500
(0.000) SELECT "Qsee_control"."id", "Qsee_control"."assay_id_id", "Qsee_control"."control_name", "Qsee_control"."lot_number", "Qsee_control"."date_added", "Qsee_control"."active" FROM "Qsee_control" WHERE "Qsee_control"."id" = 8 LIMIT 21; args=(8,)
(0.000) SELECT "Qsee_assay"."id", "Qsee_assay"."assay_name", "Qsee_assay"."analyser_id" FROM "Qsee_assay" WHERE "Qsee_assay"."id" = 11 LIMIT 21; args=(11,)
(0.000) SELECT "Qsee_analyser"."id", "Qsee_analyser"."analyser_name" FROM "Qsee_analyser" WHERE "Qsee_analyser"."id" = 3 LIMIT 21; args=(3,)
"GET /test_input/8/3/ HTTP/1.1" 200 1274
(0.000) SELECT "Qsee_control"."id", "Qsee_control"."assay_id_id", "Qsee_control"."control_name", "Qsee_control"."lot_number", "Qsee_control"."date_added", "Qsee_control"."active" FROM "Qsee_control" WHERE "Qsee_control"."id" = 8 LIMIT 21; args=(8,)
(0.000) SELECT "Qsee_assay"."id", "Qsee_assay"."assay_name", "Qsee_assay"."analyser_id" FROM "Qsee_assay" WHERE "Qsee_assay"."id" = 11 LIMIT 21; args=(11,)
(0.000) SELECT "Qsee_analyser"."id", "Qsee_analyser"."analyser_name" FROM "Qsee_analyser" WHERE "Qsee_analyser"."id" = 3 LIMIT 21; args=(3,)
"GET /test_input/8/3/ HTTP/1.1" 200 1274
(0.000) SELECT "Qsee_control"."id", "Qsee_control"."assay_id_id", "Qsee_control"."control_name", "Qsee_control"."lot_number", "Qsee_control"."date_added", "Qsee_control"."active" FROM "Qsee_control" WHERE "Qsee_control"."id" = 8 LIMIT 21; args=(8,)
(0.000) SELECT "Qsee_assay"."id", "Qsee_assay"."assay_name", "Qsee_assay"."analyser_id" FROM "Qsee_assay" WHERE "Qsee_assay"."id" = 11 LIMIT 21; args=(11,)
(0.000) SELECT "Qsee_analyser"."id", "Qsee_analyser"."analyser_name" FROM "Qsee_analyser" WHERE "Qsee_analyser"."id" = 3 LIMIT 21; args=(3,)
(0.000) SELECT "Qsee_test"."result" FROM "Qsee_test" WHERE "Qsee_test"."control_id_id" = 8 ORDER BY "Qsee_test"."id" ASC; args=(8,)
(0.000) SELECT "Qsee_control"."id", "Qsee_control"."assay_id_id", "Qsee_control"."control_name", "Qsee_control"."lot_number", "Qsee_control"."date_added", "Qsee_control"."active" FROM "Qsee_control" WHERE "Qsee_control"."id" = 8 LIMIT 21; args=(8,)
(0.000) SELECT "Qsee_analyser"."id", "Qsee_analyser"."analyser_name" FROM "Qsee_analyser" WHERE "Qsee_analyser"."id" = 3 LIMIT 21; args=(3,)
(0.003) INSERT INTO "Qsee_test" ("result", "test_date", "control_id_id", "analyser_id_id", "operator", "note") VALUES (28.0, '20/01/2023', 8, 3, 'GD', '3796'); args=[28.0, '20/01/2023', 8, 3, 'GD', '3796']
"POST /test_input/8/3/ HTTP/1.1" 302 0
"GET /tests/8 HTTP/1.1" 301 0
(0.000) SELECT "Qsee_control"."id", "Qsee_control"."assay_id_id", "Qsee_control"."control_name", "Qsee_control"."lot_number", "Qsee_control"."date_added", "Qsee_control"."active" FROM "Qsee_control" WHERE "Qsee_control"."id" = 8 LIMIT 21; args=(8,)
(0.000) SELECT "Qsee_test"."id", "Qsee_test"."result", "Qsee_test"."test_date", "Qsee_test"."control_id_id", "Qsee_test"."analyser_id_id", "Qsee_test"."operator", "Qsee_test"."note" FROM "Qsee_test" WHERE "Qsee_test"."control_id_id" = 8; args=(8,)
(0.000) SELECT "Qsee_analyser"."id", "Qsee_analyser"."analyser_name" FROM "Qsee_analyser" WHERE "Qsee_analyser"."id" = 3 LIMIT 21; args=(3,)
(0.000) SELECT "Qsee_analyser"."id", "Qsee_analyser"."analyser_name" FROM "Qsee_analyser" WHERE "Qsee_analyser"."id" = 3 LIMIT 21; args=(3,)
(0.000) SELECT "Qsee_analyser"."id", "Qsee_analyser"."analyser_name" FROM "Qsee_analyser" WHERE "Qsee_analyser"."id" = 3 LIMIT 21; args=(3,)
(0.000) SELECT "Qsee_analyser"."id", "Qsee_analyser"."analyser_name" FROM "Qsee_analyser" WHERE "Qsee_analyser"."id" = 3 LIMIT 21; args=(3,)
(0.000) SELECT "Qsee_analyser"."id", "Qsee_analyser"."analyser_name" FROM "Qsee_analyser" WHERE "Qsee_analyser"."id" = 3 LIMIT 21; args=(3,)
(0.000) SELECT "Qsee_analyser"."id", "Qsee_analyser"."analyser_name" FROM "Qsee_analyser" WHERE "Qsee_analyser"."id" = 3 LIMIT 21; args=(3,)
(0.000) SELECT "Qsee_analyser"."id", "Qsee_analyser"."analyser_name" FROM "Qsee_analyser" WHERE "Qsee_analyser"."id" = 3 LIMIT 21; args=(3,)
(0.000) SELECT "Qsee_analyser"."id", "Qsee_analyser"."analyser_name" FROM "Qsee_analyser" WHERE "Qsee_analyser"."id" = 3 LIMIT 21; args=(3,)
(0.000) SELECT "Qsee_analyser"."id", "Qsee_analyser"."analyser_name" FROM "Qsee_analyser" WHERE "Qsee_analyser"."id" = 3 LIMIT 21; args=(3,)
(0.000) SELECT "Qsee_analyser"."id", "Qsee_analyser"."analyser_name" FROM "Qsee_analyser" WHERE "Qsee_analyser"."id" = 3 LIMIT 21; args=(3,)
(0.000) SELECT "Qsee_analyser"."id", "Qsee_analyser"."analyser_name" FROM "Qsee_analyser" WHERE "Qsee_analyser"."id" = 3 LIMIT 21; args=(3,)
(0.000) SELECT "Qsee_analyser"."id", "Qsee_analyser"."analyser_name" FROM "Qsee_analyser" WHERE "Qsee_analyser"."id" = 3 LIMIT 21; args=(3,)
(0.000) SELECT "Qsee_test"."result" FROM "Qsee_test" WHERE "Qsee_test"."control_id_id" = 8 ORDER BY "Qsee_test"."id" ASC; args=(8,)
(0.000) SELECT "Qsee_test"."test_date" FROM "Qsee_test" WHERE "Qsee_test"."control_id_id" = 8 ORDER BY "Qsee_test"."id" ASC; args=(8,)
(0.000) SELECT "Qsee_control"."id", "Qsee_control"."assay_id_id", "Qsee_control"."control_name", "Qsee_control"."lot_number", "Qsee_control"."date_added", "Qsee_control"."active" FROM "Qsee_control" WHERE "Qsee_control"."id" = 8 LIMIT 21; args=(8,)
(0.000) SELECT "Qsee_assay"."id", "Qsee_assay"."assay_name", "Qsee_assay"."analyser_id" FROM "Qsee_assay" WHERE "Qsee_assay"."id" = 11 LIMIT 21; args=(11,)
(0.000) SELECT "Qsee_assay"."id", "Qsee_assay"."assay_name", "Qsee_assay"."analyser_id" FROM "Qsee_assay" WHERE "Qsee_assay"."id" = 11 LIMIT 21; args=(11,)
(0.000) SELECT "Qsee_test"."id", "Qsee_test"."result", "Qsee_test"."test_date", "Qsee_test"."control_id_id", "Qsee_test"."analyser_id_id", "Qsee_test"."operator", "Qsee_test"."note" FROM "Qsee_test" WHERE ("Qsee_test"."analyser_id_id" = 3 AND "Qsee_test"."control_id_id" = 8); args=(3, 8)
(0.000) SELECT "Qsee_analyser"."id", "Qsee_analyser"."analyser_name" FROM "Qsee_analyser"; args=()
"GET /tests/8/ HTTP/1.1" 200 1973
"GET /static/Test%2C%20%20Test.svg HTTP/1.1" 304 0
(0.000) SELECT "Qsee_control"."id", "Qsee_control"."assay_id_id", "Qsee_control"."control_name", "Qsee_control"."lot_number", "Qsee_control"."date_added", "Qsee_control"."active" FROM "Qsee_control" WHERE "Qsee_control"."id" = 8 LIMIT 21; args=(8,)
(0.000) SELECT "Qsee_assay"."id", "Qsee_assay"."assay_name", "Qsee_assay"."analyser_id" FROM "Qsee_assay" WHERE "Qsee_assay"."id" = 11 LIMIT 21; args=(11,)
(0.000) SELECT "Qsee_analyser"."id", "Qsee_analyser"."analyser_name" FROM "Qsee_analyser" WHERE "Qsee_analyser"."id" = 3 LIMIT 21; args=(3,)
"GET /test_input/8/3/ HTTP/1.1" 200 1274
(0.001) SELECT "Qsee_control"."id", "Qsee_control"."assay_id_id", "Qsee_control"."control_name", "Qsee_control"."lot_number", "Qsee_control"."date_added", "Qsee_control"."active" FROM "Qsee_control" WHERE "Qsee_control"."id" = 8 LIMIT 21; args=(8,)
(0.000) SELECT "Qsee_assay"."id", "Qsee_assay"."assay_name", "Qsee_assay"."analyser_id" FROM "Qsee_assay" WHERE "Qsee_assay"."id" = 11 LIMIT 21; args=(11,)
(0.000) SELECT "Qsee_analyser"."id", "Qsee_analyser"."analyser_name" FROM "Qsee_analyser" WHERE "Qsee_analyser"."id" = 3 LIMIT 21; args=(3,)
"GET /test_input/8/3/ HTTP/1.1" 200 1274
File /Users/apple/PycharmProjects/Qsee3/Qsee/templates/Qsee previous mtime: 1645099744.2108052, current mtime: 1645099808.0778406
/Users/apple/PycharmProjects/Qsee3/Qsee/templates/Qsee notified as changed. Signal results: [(<function template_changed at 0x7fdc09e95b80>, True), (<function translation_file_changed at 0x7fdc0b7d80d0>, None)].
File /Users/apple/PycharmProjects/Qsee3/Qsee/templates/Qsee/test_frontend.py previous mtime: 1645099744.210692, current mtime: 1645099808.0776997
/Users/apple/PycharmProjects/Qsee3/Qsee/templates/Qsee/test_frontend.py notified as changed. Signal results: [(<function template_changed at 0x7fdc09e95b80>, True), (<function translation_file_changed at 0x7fdc0b7d80d0>, None)].
(0.000) SELECT "Qsee_control"."id", "Qsee_control"."assay_id_id", "Qsee_control"."control_name", "Qsee_control"."lot_number", "Qsee_control"."date_added", "Qsee_control"."active" FROM "Qsee_control" WHERE "Qsee_control"."id" = 8 LIMIT 21; args=(8,)
(0.000) SELECT "Qsee_assay"."id", "Qsee_assay"."assay_name", "Qsee_assay"."analyser_id" FROM "Qsee_assay" WHERE "Qsee_assay"."id" = 11 LIMIT 21; args=(11,)
(0.000) SELECT "Qsee_analyser"."id", "Qsee_analyser"."analyser_name" FROM "Qsee_analyser" WHERE "Qsee_analyser"."id" = 3 LIMIT 21; args=(3,)
"GET /test_input/8/3/ HTTP/1.1" 200 1274
Exception while resolving variable 'name' in template 'unknown'.
Traceback (most recent call last):
  File "/Users/apple/opt/anaconda3/lib/python3.9/site-packages/django/core/handlers/exception.py", line 47, in inner
    response = get_response(request)
  File "/Users/apple/opt/anaconda3/lib/python3.9/site-packages/django/core/handlers/base.py", line 167, in _get_response
    callback, callback_args, callback_kwargs = self.resolve_request(request)
  File "/Users/apple/opt/anaconda3/lib/python3.9/site-packages/django/core/handlers/base.py", line 290, in resolve_request
    resolver_match = resolver.resolve(request.path_info)
  File "/Users/apple/opt/anaconda3/lib/python3.9/site-packages/django/urls/resolvers.py", line 589, in resolve
    raise Resolver404({'tried': tried, 'path': new_path})
django.urls.exceptions.Resolver404: {'tried': [[<URLResolver <URLPattern list> (admin:admin) 'admin/'>], [<URLResolver <module 'Qsee.urls' from '/Users/apple/PycharmProjects/Qsee3/Qsee/urls.py'> (None:None) ''>, <URLPattern '' [name='index']>], [<URLResolver <module 'Qsee.urls' from '/Users/apple/PycharmProjects/Qsee3/Qsee/urls.py'> (None:None) ''>, <URLPattern '404Error/' [name='qsee_error']>], [<URLResolver <module 'Qsee.urls' from '/Users/apple/PycharmProjects/Qsee3/Qsee/urls.py'> (None:None) ''>, <URLPattern 'assays/' [name='assays']>], [<URLResolver <module 'Qsee.urls' from '/Users/apple/PycharmProjects/Qsee3/Qsee/urls.py'> (None:None) ''>, <URLPattern 'controls/<assay_id>/' [name='controls']>], [<URLResolver <module 'Qsee.urls' from '/Users/apple/PycharmProjects/Qsee3/Qsee/urls.py'> (None:None) ''>, <URLPattern 'tests/<control_id>/' [name='tests']>], [<URLResolver <module 'Qsee.urls' from '/Users/apple/PycharmProjects/Qsee3/Qsee/urls.py'> (None:None) ''>, <URLPattern 'test_input/<control_id>/<analyser_id>/' [name='test_input']>], [<URLResolver <module 'Qsee.urls' from '/Users/apple/PycharmProjects/Qsee3/Qsee/urls.py'> (None:None) ''>, <URLPattern 'settings/' [name='settings']>], [<URLResolver <module 'Qsee.urls' from '/Users/apple/PycharmProjects/Qsee3/Qsee/urls.py'> (None:None) ''>, <URLPattern 'settings/assay/' [name='settings_assay']>], [<URLResolver <module 'Qsee.urls' from '/Users/apple/PycharmProjects/Qsee3/Qsee/urls.py'> (None:None) ''>, <URLPattern 'settings/control/' [name='settings_control']>], [<URLResolver <module 'Qsee.urls' from '/Users/apple/PycharmProjects/Qsee3/Qsee/urls.py'> (None:None) ''>, <URLPattern 'settings/analyser/' [name='settings_analyser']>]], 'path': 'favicon.ico'}

During handling of the above exception, another exception occurred:

Traceback (most recent call last):
  File "/Users/apple/opt/anaconda3/lib/python3.9/site-packages/django/template/base.py", line 829, in _resolve_lookup
    current = current[bit]
TypeError: 'URLResolver' object is not subscriptable

During handling of the above exception, another exception occurred:

Traceback (most recent call last):
  File "/Users/apple/opt/anaconda3/lib/python3.9/site-packages/django/template/base.py", line 837, in _resolve_lookup
    current = getattr(current, bit)
AttributeError: 'URLResolver' object has no attribute 'name'

During handling of the above exception, another exception occurred:

Traceback (most recent call last):
  File "/Users/apple/opt/anaconda3/lib/python3.9/site-packages/django/template/base.py", line 843, in _resolve_lookup
    current = current[int(bit)]
ValueError: invalid literal for int() with base 10: 'name'

During handling of the above exception, another exception occurred:

Traceback (most recent call last):
  File "/Users/apple/opt/anaconda3/lib/python3.9/site-packages/django/template/base.py", line 848, in _resolve_lookup
    raise VariableDoesNotExist("Failed lookup for key "
django.template.base.VariableDoesNotExist: Failed lookup for key [name] in <URLResolver <URLPattern list> (admin:admin) 'admin/'>
Not Found: /favicon.ico
"GET /favicon.ico HTTP/1.1" 404 3953
(0.000) SELECT "Qsee_control"."id", "Qsee_control"."assay_id_id", "Qsee_control"."control_name", "Qsee_control"."lot_number", "Qsee_control"."date_added", "Qsee_control"."active" FROM "Qsee_control" WHERE "Qsee_control"."id" = 8 LIMIT 21; args=(8,)
(0.000) SELECT "Qsee_assay"."id", "Qsee_assay"."assay_name", "Qsee_assay"."analyser_id" FROM "Qsee_assay" WHERE "Qsee_assay"."id" = 11 LIMIT 21; args=(11,)
(0.000) SELECT "Qsee_analyser"."id", "Qsee_analyser"."analyser_name" FROM "Qsee_analyser" WHERE "Qsee_analyser"."id" = 3 LIMIT 21; args=(3,)
(0.000) SELECT "Qsee_test"."result" FROM "Qsee_test" WHERE "Qsee_test"."control_id_id" = 8 ORDER BY "Qsee_test"."id" ASC; args=(8,)
(0.000) SELECT "Qsee_control"."id", "Qsee_control"."assay_id_id", "Qsee_control"."control_name", "Qsee_control"."lot_number", "Qsee_control"."date_added", "Qsee_control"."active" FROM "Qsee_control" WHERE "Qsee_control"."id" = 8 LIMIT 21; args=(8,)
(0.000) SELECT "Qsee_analyser"."id", "Qsee_analyser"."analyser_name" FROM "Qsee_analyser" WHERE "Qsee_analyser"."id" = 3 LIMIT 21; args=(3,)
(0.003) INSERT INTO "Qsee_test" ("result", "test_date", "control_id_id", "analyser_id_id", "operator", "note") VALUES (27.0, '20/01/2023', 8, 3, 'GD', '3047'); args=[27.0, '20/01/2023', 8, 3, 'GD', '3047']
"POST /test_input/8/3/ HTTP/1.1" 302 0
"GET /tests/8 HTTP/1.1" 301 0
(0.000) SELECT "Qsee_control"."id", "Qsee_control"."assay_id_id", "Qsee_control"."control_name", "Qsee_control"."lot_number", "Qsee_control"."date_added", "Qsee_control"."active" FROM "Qsee_control" WHERE "Qsee_control"."id" = 8 LIMIT 21; args=(8,)
(0.000) SELECT "Qsee_test"."id", "Qsee_test"."result", "Qsee_test"."test_date", "Qsee_test"."control_id_id", "Qsee_test"."analyser_id_id", "Qsee_test"."operator", "Qsee_test"."note" FROM "Qsee_test" WHERE "Qsee_test"."control_id_id" = 8; args=(8,)
(0.000) SELECT "Qsee_analyser"."id", "Qsee_analyser"."analyser_name" FROM "Qsee_analyser" WHERE "Qsee_analyser"."id" = 3 LIMIT 21; args=(3,)
(0.000) SELECT "Qsee_analyser"."id", "Qsee_analyser"."analyser_name" FROM "Qsee_analyser" WHERE "Qsee_analyser"."id" = 3 LIMIT 21; args=(3,)
(0.000) SELECT "Qsee_analyser"."id", "Qsee_analyser"."analyser_name" FROM "Qsee_analyser" WHERE "Qsee_analyser"."id" = 3 LIMIT 21; args=(3,)
(0.000) SELECT "Qsee_analyser"."id", "Qsee_analyser"."analyser_name" FROM "Qsee_analyser" WHERE "Qsee_analyser"."id" = 3 LIMIT 21; args=(3,)
(0.000) SELECT "Qsee_analyser"."id", "Qsee_analyser"."analyser_name" FROM "Qsee_analyser" WHERE "Qsee_analyser"."id" = 3 LIMIT 21; args=(3,)
(0.000) SELECT "Qsee_analyser"."id", "Qsee_analyser"."analyser_name" FROM "Qsee_analyser" WHERE "Qsee_analyser"."id" = 3 LIMIT 21; args=(3,)
(0.000) SELECT "Qsee_analyser"."id", "Qsee_analyser"."analyser_name" FROM "Qsee_analyser" WHERE "Qsee_analyser"."id" = 3 LIMIT 21; args=(3,)
(0.000) SELECT "Qsee_analyser"."id", "Qsee_analyser"."analyser_name" FROM "Qsee_analyser" WHERE "Qsee_analyser"."id" = 3 LIMIT 21; args=(3,)
(0.000) SELECT "Qsee_analyser"."id", "Qsee_analyser"."analyser_name" FROM "Qsee_analyser" WHERE "Qsee_analyser"."id" = 3 LIMIT 21; args=(3,)
(0.000) SELECT "Qsee_analyser"."id", "Qsee_analyser"."analyser_name" FROM "Qsee_analyser" WHERE "Qsee_analyser"."id" = 3 LIMIT 21; args=(3,)
(0.000) SELECT "Qsee_analyser"."id", "Qsee_analyser"."analyser_name" FROM "Qsee_analyser" WHERE "Qsee_analyser"."id" = 3 LIMIT 21; args=(3,)
(0.000) SELECT "Qsee_analyser"."id", "Qsee_analyser"."analyser_name" FROM "Qsee_analyser" WHERE "Qsee_analyser"."id" = 3 LIMIT 21; args=(3,)
(0.000) SELECT "Qsee_analyser"."id", "Qsee_analyser"."analyser_name" FROM "Qsee_analyser" WHERE "Qsee_analyser"."id" = 3 LIMIT 21; args=(3,)
(0.000) SELECT "Qsee_test"."result" FROM "Qsee_test" WHERE "Qsee_test"."control_id_id" = 8 ORDER BY "Qsee_test"."id" ASC; args=(8,)
(0.000) SELECT "Qsee_test"."test_date" FROM "Qsee_test" WHERE "Qsee_test"."control_id_id" = 8 ORDER BY "Qsee_test"."id" ASC; args=(8,)
(0.000) SELECT "Qsee_control"."id", "Qsee_control"."assay_id_id", "Qsee_control"."control_name", "Qsee_control"."lot_number", "Qsee_control"."date_added", "Qsee_control"."active" FROM "Qsee_control" WHERE "Qsee_control"."id" = 8 LIMIT 21; args=(8,)
(0.000) SELECT "Qsee_assay"."id", "Qsee_assay"."assay_name", "Qsee_assay"."analyser_id" FROM "Qsee_assay" WHERE "Qsee_assay"."id" = 11 LIMIT 21; args=(11,)
(0.000) SELECT "Qsee_assay"."id", "Qsee_assay"."assay_name", "Qsee_assay"."analyser_id" FROM "Qsee_assay" WHERE "Qsee_assay"."id" = 11 LIMIT 21; args=(11,)
(0.000) SELECT "Qsee_test"."id", "Qsee_test"."result", "Qsee_test"."test_date", "Qsee_test"."control_id_id", "Qsee_test"."analyser_id_id", "Qsee_test"."operator", "Qsee_test"."note" FROM "Qsee_test" WHERE ("Qsee_test"."analyser_id_id" = 3 AND "Qsee_test"."control_id_id" = 8); args=(3, 8)
(0.000) SELECT "Qsee_analyser"."id", "Qsee_analyser"."analyser_name" FROM "Qsee_analyser"; args=()
"GET /tests/8/ HTTP/1.1" 200 2029
"GET /static/Test%2C%20%20Test.svg HTTP/1.1" 200 181500
(0.001) SELECT "Qsee_control"."id", "Qsee_control"."assay_id_id", "Qsee_control"."control_name", "Qsee_control"."lot_number", "Qsee_control"."date_added", "Qsee_control"."active" FROM "Qsee_control" WHERE "Qsee_control"."id" = 8 LIMIT 21; args=(8,)
(0.000) SELECT "Qsee_assay"."id", "Qsee_assay"."assay_name", "Qsee_assay"."analyser_id" FROM "Qsee_assay" WHERE "Qsee_assay"."id" = 11 LIMIT 21; args=(11,)
(0.000) SELECT "Qsee_analyser"."id", "Qsee_analyser"."analyser_name" FROM "Qsee_analyser" WHERE "Qsee_analyser"."id" = 3 LIMIT 21; args=(3,)
"GET /test_input/8/3/ HTTP/1.1" 200 1274
(0.000) SELECT "Qsee_control"."id", "Qsee_control"."assay_id_id", "Qsee_control"."control_name", "Qsee_control"."lot_number", "Qsee_control"."date_added", "Qsee_control"."active" FROM "Qsee_control" WHERE "Qsee_control"."id" = 8 LIMIT 21; args=(8,)
(0.000) SELECT "Qsee_assay"."id", "Qsee_assay"."assay_name", "Qsee_assay"."analyser_id" FROM "Qsee_assay" WHERE "Qsee_assay"."id" = 11 LIMIT 21; args=(11,)
(0.000) SELECT "Qsee_analyser"."id", "Qsee_analyser"."analyser_name" FROM "Qsee_analyser" WHERE "Qsee_analyser"."id" = 3 LIMIT 21; args=(3,)
"GET /test_input/8/3/ HTTP/1.1" 200 1274
(0.000) SELECT "Qsee_control"."id", "Qsee_control"."assay_id_id", "Qsee_control"."control_name", "Qsee_control"."lot_number", "Qsee_control"."date_added", "Qsee_control"."active" FROM "Qsee_control" WHERE "Qsee_control"."id" = 8 LIMIT 21; args=(8,)
(0.000) SELECT "Qsee_assay"."id", "Qsee_assay"."assay_name", "Qsee_assay"."analyser_id" FROM "Qsee_assay" WHERE "Qsee_assay"."id" = 11 LIMIT 21; args=(11,)
(0.000) SELECT "Qsee_analyser"."id", "Qsee_analyser"."analyser_name" FROM "Qsee_analyser" WHERE "Qsee_analyser"."id" = 3 LIMIT 21; args=(3,)
(0.000) SELECT "Qsee_test"."result" FROM "Qsee_test" WHERE "Qsee_test"."control_id_id" = 8 ORDER BY "Qsee_test"."id" ASC; args=(8,)
(0.000) SELECT "Qsee_control"."id", "Qsee_control"."assay_id_id", "Qsee_control"."control_name", "Qsee_control"."lot_number", "Qsee_control"."date_added", "Qsee_control"."active" FROM "Qsee_control" WHERE "Qsee_control"."id" = 8 LIMIT 21; args=(8,)
(0.000) SELECT "Qsee_analyser"."id", "Qsee_analyser"."analyser_name" FROM "Qsee_analyser" WHERE "Qsee_analyser"."id" = 3 LIMIT 21; args=(3,)
(0.003) INSERT INTO "Qsee_test" ("result", "test_date", "control_id_id", "analyser_id_id", "operator", "note") VALUES (29.0, '20/01/2023', 8, 3, 'GD', '21265'); args=[29.0, '20/01/2023', 8, 3, 'GD', '21265']
"POST /test_input/8/3/ HTTP/1.1" 302 0
"GET /tests/8 HTTP/1.1" 301 0
(0.000) SELECT "Qsee_control"."id", "Qsee_control"."assay_id_id", "Qsee_control"."control_name", "Qsee_control"."lot_number", "Qsee_control"."date_added", "Qsee_control"."active" FROM "Qsee_control" WHERE "Qsee_control"."id" = 8 LIMIT 21; args=(8,)
(0.000) SELECT "Qsee_test"."id", "Qsee_test"."result", "Qsee_test"."test_date", "Qsee_test"."control_id_id", "Qsee_test"."analyser_id_id", "Qsee_test"."operator", "Qsee_test"."note" FROM "Qsee_test" WHERE "Qsee_test"."control_id_id" = 8; args=(8,)
(0.000) SELECT "Qsee_analyser"."id", "Qsee_analyser"."analyser_name" FROM "Qsee_analyser" WHERE "Qsee_analyser"."id" = 3 LIMIT 21; args=(3,)
(0.000) SELECT "Qsee_analyser"."id", "Qsee_analyser"."analyser_name" FROM "Qsee_analyser" WHERE "Qsee_analyser"."id" = 3 LIMIT 21; args=(3,)
(0.000) SELECT "Qsee_analyser"."id", "Qsee_analyser"."analyser_name" FROM "Qsee_analyser" WHERE "Qsee_analyser"."id" = 3 LIMIT 21; args=(3,)
(0.000) SELECT "Qsee_analyser"."id", "Qsee_analyser"."analyser_name" FROM "Qsee_analyser" WHERE "Qsee_analyser"."id" = 3 LIMIT 21; args=(3,)
(0.000) SELECT "Qsee_analyser"."id", "Qsee_analyser"."analyser_name" FROM "Qsee_analyser" WHERE "Qsee_analyser"."id" = 3 LIMIT 21; args=(3,)
(0.000) SELECT "Qsee_analyser"."id", "Qsee_analyser"."analyser_name" FROM "Qsee_analyser" WHERE "Qsee_analyser"."id" = 3 LIMIT 21; args=(3,)
(0.000) SELECT "Qsee_analyser"."id", "Qsee_analyser"."analyser_name" FROM "Qsee_analyser" WHERE "Qsee_analyser"."id" = 3 LIMIT 21; args=(3,)
(0.000) SELECT "Qsee_analyser"."id", "Qsee_analyser"."analyser_name" FROM "Qsee_analyser" WHERE "Qsee_analyser"."id" = 3 LIMIT 21; args=(3,)
(0.000) SELECT "Qsee_analyser"."id", "Qsee_analyser"."analyser_name" FROM "Qsee_analyser" WHERE "Qsee_analyser"."id" = 3 LIMIT 21; args=(3,)
(0.000) SELECT "Qsee_analyser"."id", "Qsee_analyser"."analyser_name" FROM "Qsee_analyser" WHERE "Qsee_analyser"."id" = 3 LIMIT 21; args=(3,)
(0.000) SELECT "Qsee_analyser"."id", "Qsee_analyser"."analyser_name" FROM "Qsee_analyser" WHERE "Qsee_analyser"."id" = 3 LIMIT 21; args=(3,)
(0.000) SELECT "Qsee_analyser"."id", "Qsee_analyser"."analyser_name" FROM "Qsee_analyser" WHERE "Qsee_analyser"."id" = 3 LIMIT 21; args=(3,)
(0.000) SELECT "Qsee_analyser"."id", "Qsee_analyser"."analyser_name" FROM "Qsee_analyser" WHERE "Qsee_analyser"."id" = 3 LIMIT 21; args=(3,)
(0.000) SELECT "Qsee_analyser"."id", "Qsee_analyser"."analyser_name" FROM "Qsee_analyser" WHERE "Qsee_analyser"."id" = 3 LIMIT 21; args=(3,)
(0.000) SELECT "Qsee_test"."result" FROM "Qsee_test" WHERE "Qsee_test"."control_id_id" = 8 ORDER BY "Qsee_test"."id" ASC; args=(8,)
(0.000) SELECT "Qsee_test"."test_date" FROM "Qsee_test" WHERE "Qsee_test"."control_id_id" = 8 ORDER BY "Qsee_test"."id" ASC; args=(8,)
(0.000) SELECT "Qsee_control"."id", "Qsee_control"."assay_id_id", "Qsee_control"."control_name", "Qsee_control"."lot_number", "Qsee_control"."date_added", "Qsee_control"."active" FROM "Qsee_control" WHERE "Qsee_control"."id" = 8 LIMIT 21; args=(8,)
(0.000) SELECT "Qsee_assay"."id", "Qsee_assay"."assay_name", "Qsee_assay"."analyser_id" FROM "Qsee_assay" WHERE "Qsee_assay"."id" = 11 LIMIT 21; args=(11,)
(0.000) SELECT "Qsee_assay"."id", "Qsee_assay"."assay_name", "Qsee_assay"."analyser_id" FROM "Qsee_assay" WHERE "Qsee_assay"."id" = 11 LIMIT 21; args=(11,)
(0.000) SELECT "Qsee_test"."id", "Qsee_test"."result", "Qsee_test"."test_date", "Qsee_test"."control_id_id", "Qsee_test"."analyser_id_id", "Qsee_test"."operator", "Qsee_test"."note" FROM "Qsee_test" WHERE ("Qsee_test"."analyser_id_id" = 3 AND "Qsee_test"."control_id_id" = 8); args=(3, 8)
(0.000) SELECT "Qsee_analyser"."id", "Qsee_analyser"."analyser_name" FROM "Qsee_analyser"; args=()
"GET /tests/8/ HTTP/1.1" 200 2085
"GET /static/Test%2C%20%20Test.svg HTTP/1.1" 200 181500
(0.000) SELECT "Qsee_control"."id", "Qsee_control"."assay_id_id", "Qsee_control"."control_name", "Qsee_control"."lot_number", "Qsee_control"."date_added", "Qsee_control"."active" FROM "Qsee_control" WHERE "Qsee_control"."id" = 8 LIMIT 21; args=(8,)
(0.000) SELECT "Qsee_assay"."id", "Qsee_assay"."assay_name", "Qsee_assay"."analyser_id" FROM "Qsee_assay" WHERE "Qsee_assay"."id" = 11 LIMIT 21; args=(11,)
(0.000) SELECT "Qsee_analyser"."id", "Qsee_analyser"."analyser_name" FROM "Qsee_analyser" WHERE "Qsee_analyser"."id" = 3 LIMIT 21; args=(3,)
"GET /test_input/8/3/ HTTP/1.1" 200 1274
(0.000) SELECT "Qsee_control"."id", "Qsee_control"."assay_id_id", "Qsee_control"."control_name", "Qsee_control"."lot_number", "Qsee_control"."date_added", "Qsee_control"."active" FROM "Qsee_control" WHERE "Qsee_control"."id" = 8 LIMIT 21; args=(8,)
(0.000) SELECT "Qsee_assay"."id", "Qsee_assay"."assay_name", "Qsee_assay"."analyser_id" FROM "Qsee_assay" WHERE "Qsee_assay"."id" = 11 LIMIT 21; args=(11,)
(0.000) SELECT "Qsee_analyser"."id", "Qsee_analyser"."analyser_name" FROM "Qsee_analyser" WHERE "Qsee_analyser"."id" = 3 LIMIT 21; args=(3,)
"GET /test_input/8/3/ HTTP/1.1" 200 1274
(0.001) SELECT "Qsee_control"."id", "Qsee_control"."assay_id_id", "Qsee_control"."control_name", "Qsee_control"."lot_number", "Qsee_control"."date_added", "Qsee_control"."active" FROM "Qsee_control" WHERE "Qsee_control"."id" = 8 LIMIT 21; args=(8,)
(0.000) SELECT "Qsee_assay"."id", "Qsee_assay"."assay_name", "Qsee_assay"."analyser_id" FROM "Qsee_assay" WHERE "Qsee_assay"."id" = 11 LIMIT 21; args=(11,)
(0.000) SELECT "Qsee_analyser"."id", "Qsee_analyser"."analyser_name" FROM "Qsee_analyser" WHERE "Qsee_analyser"."id" = 3 LIMIT 21; args=(3,)
(0.000) SELECT "Qsee_test"."result" FROM "Qsee_test" WHERE "Qsee_test"."control_id_id" = 8 ORDER BY "Qsee_test"."id" ASC; args=(8,)
(0.000) SELECT "Qsee_control"."id", "Qsee_control"."assay_id_id", "Qsee_control"."control_name", "Qsee_control"."lot_number", "Qsee_control"."date_added", "Qsee_control"."active" FROM "Qsee_control" WHERE "Qsee_control"."id" = 8 LIMIT 21; args=(8,)
(0.000) SELECT "Qsee_analyser"."id", "Qsee_analyser"."analyser_name" FROM "Qsee_analyser" WHERE "Qsee_analyser"."id" = 3 LIMIT 21; args=(3,)
(0.003) INSERT INTO "Qsee_test" ("result", "test_date", "control_id_id", "analyser_id_id", "operator", "note") VALUES (30.0, '20/01/2023', 8, 3, 'GD', '7550'); args=[30.0, '20/01/2023', 8, 3, 'GD', '7550']
"POST /test_input/8/3/ HTTP/1.1" 302 0
"GET /tests/8 HTTP/1.1" 301 0
(0.000) SELECT "Qsee_control"."id", "Qsee_control"."assay_id_id", "Qsee_control"."control_name", "Qsee_control"."lot_number", "Qsee_control"."date_added", "Qsee_control"."active" FROM "Qsee_control" WHERE "Qsee_control"."id" = 8 LIMIT 21; args=(8,)
(0.000) SELECT "Qsee_test"."id", "Qsee_test"."result", "Qsee_test"."test_date", "Qsee_test"."control_id_id", "Qsee_test"."analyser_id_id", "Qsee_test"."operator", "Qsee_test"."note" FROM "Qsee_test" WHERE "Qsee_test"."control_id_id" = 8; args=(8,)
(0.000) SELECT "Qsee_analyser"."id", "Qsee_analyser"."analyser_name" FROM "Qsee_analyser" WHERE "Qsee_analyser"."id" = 3 LIMIT 21; args=(3,)
(0.000) SELECT "Qsee_analyser"."id", "Qsee_analyser"."analyser_name" FROM "Qsee_analyser" WHERE "Qsee_analyser"."id" = 3 LIMIT 21; args=(3,)
(0.000) SELECT "Qsee_analyser"."id", "Qsee_analyser"."analyser_name" FROM "Qsee_analyser" WHERE "Qsee_analyser"."id" = 3 LIMIT 21; args=(3,)
(0.000) SELECT "Qsee_analyser"."id", "Qsee_analyser"."analyser_name" FROM "Qsee_analyser" WHERE "Qsee_analyser"."id" = 3 LIMIT 21; args=(3,)
(0.000) SELECT "Qsee_analyser"."id", "Qsee_analyser"."analyser_name" FROM "Qsee_analyser" WHERE "Qsee_analyser"."id" = 3 LIMIT 21; args=(3,)
(0.000) SELECT "Qsee_analyser"."id", "Qsee_analyser"."analyser_name" FROM "Qsee_analyser" WHERE "Qsee_analyser"."id" = 3 LIMIT 21; args=(3,)
(0.000) SELECT "Qsee_analyser"."id", "Qsee_analyser"."analyser_name" FROM "Qsee_analyser" WHERE "Qsee_analyser"."id" = 3 LIMIT 21; args=(3,)
(0.000) SELECT "Qsee_analyser"."id", "Qsee_analyser"."analyser_name" FROM "Qsee_analyser" WHERE "Qsee_analyser"."id" = 3 LIMIT 21; args=(3,)
(0.000) SELECT "Qsee_analyser"."id", "Qsee_analyser"."analyser_name" FROM "Qsee_analyser" WHERE "Qsee_analyser"."id" = 3 LIMIT 21; args=(3,)
(0.000) SELECT "Qsee_analyser"."id", "Qsee_analyser"."analyser_name" FROM "Qsee_analyser" WHERE "Qsee_analyser"."id" = 3 LIMIT 21; args=(3,)
(0.000) SELECT "Qsee_analyser"."id", "Qsee_analyser"."analyser_name" FROM "Qsee_analyser" WHERE "Qsee_analyser"."id" = 3 LIMIT 21; args=(3,)
(0.000) SELECT "Qsee_analyser"."id", "Qsee_analyser"."analyser_name" FROM "Qsee_analyser" WHERE "Qsee_analyser"."id" = 3 LIMIT 21; args=(3,)
(0.000) SELECT "Qsee_analyser"."id", "Qsee_analyser"."analyser_name" FROM "Qsee_analyser" WHERE "Qsee_analyser"."id" = 3 LIMIT 21; args=(3,)
(0.000) SELECT "Qsee_analyser"."id", "Qsee_analyser"."analyser_name" FROM "Qsee_analyser" WHERE "Qsee_analyser"."id" = 3 LIMIT 21; args=(3,)
(0.000) SELECT "Qsee_analyser"."id", "Qsee_analyser"."analyser_name" FROM "Qsee_analyser" WHERE "Qsee_analyser"."id" = 3 LIMIT 21; args=(3,)
(0.000) SELECT "Qsee_test"."result" FROM "Qsee_test" WHERE "Qsee_test"."control_id_id" = 8 ORDER BY "Qsee_test"."id" ASC; args=(8,)
(0.000) SELECT "Qsee_test"."test_date" FROM "Qsee_test" WHERE "Qsee_test"."control_id_id" = 8 ORDER BY "Qsee_test"."id" ASC; args=(8,)
(0.000) SELECT "Qsee_control"."id", "Qsee_control"."assay_id_id", "Qsee_control"."control_name", "Qsee_control"."lot_number", "Qsee_control"."date_added", "Qsee_control"."active" FROM "Qsee_control" WHERE "Qsee_control"."id" = 8 LIMIT 21; args=(8,)
(0.000) SELECT "Qsee_assay"."id", "Qsee_assay"."assay_name", "Qsee_assay"."analyser_id" FROM "Qsee_assay" WHERE "Qsee_assay"."id" = 11 LIMIT 21; args=(11,)
(0.000) SELECT "Qsee_assay"."id", "Qsee_assay"."assay_name", "Qsee_assay"."analyser_id" FROM "Qsee_assay" WHERE "Qsee_assay"."id" = 11 LIMIT 21; args=(11,)
(0.000) SELECT "Qsee_test"."id", "Qsee_test"."result", "Qsee_test"."test_date", "Qsee_test"."control_id_id", "Qsee_test"."analyser_id_id", "Qsee_test"."operator", "Qsee_test"."note" FROM "Qsee_test" WHERE ("Qsee_test"."analyser_id_id" = 3 AND "Qsee_test"."control_id_id" = 8); args=(3, 8)
(0.000) SELECT "Qsee_analyser"."id", "Qsee_analyser"."analyser_name" FROM "Qsee_analyser"; args=()
"GET /tests/8/ HTTP/1.1" 200 2141
"GET /static/Test%2C%20%20Test.svg HTTP/1.1" 304 0
(0.000) SELECT "Qsee_control"."id", "Qsee_control"."assay_id_id", "Qsee_control"."control_name", "Qsee_control"."lot_number", "Qsee_control"."date_added", "Qsee_control"."active" FROM "Qsee_control" WHERE "Qsee_control"."id" = 8 LIMIT 21; args=(8,)
(0.000) SELECT "Qsee_assay"."id", "Qsee_assay"."assay_name", "Qsee_assay"."analyser_id" FROM "Qsee_assay" WHERE "Qsee_assay"."id" = 11 LIMIT 21; args=(11,)
(0.000) SELECT "Qsee_analyser"."id", "Qsee_analyser"."analyser_name" FROM "Qsee_analyser" WHERE "Qsee_analyser"."id" = 3 LIMIT 21; args=(3,)
"GET /test_input/8/3/ HTTP/1.1" 200 1274
(0.000) SELECT "Qsee_control"."id", "Qsee_control"."assay_id_id", "Qsee_control"."control_name", "Qsee_control"."lot_number", "Qsee_control"."date_added", "Qsee_control"."active" FROM "Qsee_control" WHERE "Qsee_control"."id" = 8 LIMIT 21; args=(8,)
(0.000) SELECT "Qsee_assay"."id", "Qsee_assay"."assay_name", "Qsee_assay"."analyser_id" FROM "Qsee_assay" WHERE "Qsee_assay"."id" = 11 LIMIT 21; args=(11,)
(0.000) SELECT "Qsee_analyser"."id", "Qsee_analyser"."analyser_name" FROM "Qsee_analyser" WHERE "Qsee_analyser"."id" = 3 LIMIT 21; args=(3,)
"GET /test_input/8/3/ HTTP/1.1" 200 1274
(0.001) SELECT "Qsee_control"."id", "Qsee_control"."assay_id_id", "Qsee_control"."control_name", "Qsee_control"."lot_number", "Qsee_control"."date_added", "Qsee_control"."active" FROM "Qsee_control" WHERE "Qsee_control"."id" = 8 LIMIT 21; args=(8,)
(0.000) SELECT "Qsee_assay"."id", "Qsee_assay"."assay_name", "Qsee_assay"."analyser_id" FROM "Qsee_assay" WHERE "Qsee_assay"."id" = 11 LIMIT 21; args=(11,)
(0.000) SELECT "Qsee_analyser"."id", "Qsee_analyser"."analyser_name" FROM "Qsee_analyser" WHERE "Qsee_analyser"."id" = 3 LIMIT 21; args=(3,)
(0.000) SELECT "Qsee_test"."result" FROM "Qsee_test" WHERE "Qsee_test"."control_id_id" = 8 ORDER BY "Qsee_test"."id" ASC; args=(8,)
(0.000) SELECT "Qsee_control"."id", "Qsee_control"."assay_id_id", "Qsee_control"."control_name", "Qsee_control"."lot_number", "Qsee_control"."date_added", "Qsee_control"."active" FROM "Qsee_control" WHERE "Qsee_control"."id" = 8 LIMIT 21; args=(8,)
(0.000) SELECT "Qsee_analyser"."id", "Qsee_analyser"."analyser_name" FROM "Qsee_analyser" WHERE "Qsee_analyser"."id" = 3 LIMIT 21; args=(3,)
(0.001) INSERT INTO "Qsee_test" ("result", "test_date", "control_id_id", "analyser_id_id", "operator", "note") VALUES (28.0, '20/01/2023', 8, 3, 'GD', '12281'); args=[28.0, '20/01/2023', 8, 3, 'GD', '12281']
"POST /test_input/8/3/ HTTP/1.1" 302 0
"GET /tests/8 HTTP/1.1" 301 0
(0.000) SELECT "Qsee_control"."id", "Qsee_control"."assay_id_id", "Qsee_control"."control_name", "Qsee_control"."lot_number", "Qsee_control"."date_added", "Qsee_control"."active" FROM "Qsee_control" WHERE "Qsee_control"."id" = 8 LIMIT 21; args=(8,)
(0.000) SELECT "Qsee_test"."id", "Qsee_test"."result", "Qsee_test"."test_date", "Qsee_test"."control_id_id", "Qsee_test"."analyser_id_id", "Qsee_test"."operator", "Qsee_test"."note" FROM "Qsee_test" WHERE "Qsee_test"."control_id_id" = 8; args=(8,)
(0.000) SELECT "Qsee_analyser"."id", "Qsee_analyser"."analyser_name" FROM "Qsee_analyser" WHERE "Qsee_analyser"."id" = 3 LIMIT 21; args=(3,)
(0.000) SELECT "Qsee_analyser"."id", "Qsee_analyser"."analyser_name" FROM "Qsee_analyser" WHERE "Qsee_analyser"."id" = 3 LIMIT 21; args=(3,)
(0.000) SELECT "Qsee_analyser"."id", "Qsee_analyser"."analyser_name" FROM "Qsee_analyser" WHERE "Qsee_analyser"."id" = 3 LIMIT 21; args=(3,)
(0.000) SELECT "Qsee_analyser"."id", "Qsee_analyser"."analyser_name" FROM "Qsee_analyser" WHERE "Qsee_analyser"."id" = 3 LIMIT 21; args=(3,)
(0.000) SELECT "Qsee_analyser"."id", "Qsee_analyser"."analyser_name" FROM "Qsee_analyser" WHERE "Qsee_analyser"."id" = 3 LIMIT 21; args=(3,)
(0.000) SELECT "Qsee_analyser"."id", "Qsee_analyser"."analyser_name" FROM "Qsee_analyser" WHERE "Qsee_analyser"."id" = 3 LIMIT 21; args=(3,)
(0.000) SELECT "Qsee_analyser"."id", "Qsee_analyser"."analyser_name" FROM "Qsee_analyser" WHERE "Qsee_analyser"."id" = 3 LIMIT 21; args=(3,)
(0.000) SELECT "Qsee_analyser"."id", "Qsee_analyser"."analyser_name" FROM "Qsee_analyser" WHERE "Qsee_analyser"."id" = 3 LIMIT 21; args=(3,)
(0.000) SELECT "Qsee_analyser"."id", "Qsee_analyser"."analyser_name" FROM "Qsee_analyser" WHERE "Qsee_analyser"."id" = 3 LIMIT 21; args=(3,)
(0.000) SELECT "Qsee_analyser"."id", "Qsee_analyser"."analyser_name" FROM "Qsee_analyser" WHERE "Qsee_analyser"."id" = 3 LIMIT 21; args=(3,)
(0.000) SELECT "Qsee_analyser"."id", "Qsee_analyser"."analyser_name" FROM "Qsee_analyser" WHERE "Qsee_analyser"."id" = 3 LIMIT 21; args=(3,)
(0.000) SELECT "Qsee_analyser"."id", "Qsee_analyser"."analyser_name" FROM "Qsee_analyser" WHERE "Qsee_analyser"."id" = 3 LIMIT 21; args=(3,)
(0.000) SELECT "Qsee_analyser"."id", "Qsee_analyser"."analyser_name" FROM "Qsee_analyser" WHERE "Qsee_analyser"."id" = 3 LIMIT 21; args=(3,)
(0.000) SELECT "Qsee_analyser"."id", "Qsee_analyser"."analyser_name" FROM "Qsee_analyser" WHERE "Qsee_analyser"."id" = 3 LIMIT 21; args=(3,)
(0.000) SELECT "Qsee_analyser"."id", "Qsee_analyser"."analyser_name" FROM "Qsee_analyser" WHERE "Qsee_analyser"."id" = 3 LIMIT 21; args=(3,)
(0.000) SELECT "Qsee_analyser"."id", "Qsee_analyser"."analyser_name" FROM "Qsee_analyser" WHERE "Qsee_analyser"."id" = 3 LIMIT 21; args=(3,)
(0.000) SELECT "Qsee_test"."result" FROM "Qsee_test" WHERE "Qsee_test"."control_id_id" = 8 ORDER BY "Qsee_test"."id" ASC; args=(8,)
(0.000) SELECT "Qsee_test"."test_date" FROM "Qsee_test" WHERE "Qsee_test"."control_id_id" = 8 ORDER BY "Qsee_test"."id" ASC; args=(8,)
(0.000) SELECT "Qsee_control"."id", "Qsee_control"."assay_id_id", "Qsee_control"."control_name", "Qsee_control"."lot_number", "Qsee_control"."date_added", "Qsee_control"."active" FROM "Qsee_control" WHERE "Qsee_control"."id" = 8 LIMIT 21; args=(8,)
(0.000) SELECT "Qsee_assay"."id", "Qsee_assay"."assay_name", "Qsee_assay"."analyser_id" FROM "Qsee_assay" WHERE "Qsee_assay"."id" = 11 LIMIT 21; args=(11,)
(0.000) SELECT "Qsee_assay"."id", "Qsee_assay"."assay_name", "Qsee_assay"."analyser_id" FROM "Qsee_assay" WHERE "Qsee_assay"."id" = 11 LIMIT 21; args=(11,)
(0.000) SELECT "Qsee_test"."id", "Qsee_test"."result", "Qsee_test"."test_date", "Qsee_test"."control_id_id", "Qsee_test"."analyser_id_id", "Qsee_test"."operator", "Qsee_test"."note" FROM "Qsee_test" WHERE ("Qsee_test"."analyser_id_id" = 3 AND "Qsee_test"."control_id_id" = 8); args=(3, 8)
(0.000) SELECT "Qsee_analyser"."id", "Qsee_analyser"."analyser_name" FROM "Qsee_analyser"; args=()
"GET /tests/8/ HTTP/1.1" 200 2197
"GET /static/Test%2C%20%20Test.svg HTTP/1.1" 304 0
(0.000) SELECT "Qsee_control"."id", "Qsee_control"."assay_id_id", "Qsee_control"."control_name", "Qsee_control"."lot_number", "Qsee_control"."date_added", "Qsee_control"."active" FROM "Qsee_control" WHERE "Qsee_control"."id" = 8 LIMIT 21; args=(8,)
(0.000) SELECT "Qsee_assay"."id", "Qsee_assay"."assay_name", "Qsee_assay"."analyser_id" FROM "Qsee_assay" WHERE "Qsee_assay"."id" = 11 LIMIT 21; args=(11,)
(0.000) SELECT "Qsee_analyser"."id", "Qsee_analyser"."analyser_name" FROM "Qsee_analyser" WHERE "Qsee_analyser"."id" = 3 LIMIT 21; args=(3,)
"GET /test_input/8/3/ HTTP/1.1" 200 1274
(0.000) SELECT "Qsee_control"."id", "Qsee_control"."assay_id_id", "Qsee_control"."control_name", "Qsee_control"."lot_number", "Qsee_control"."date_added", "Qsee_control"."active" FROM "Qsee_control" WHERE "Qsee_control"."id" = 8 LIMIT 21; args=(8,)
(0.000) SELECT "Qsee_assay"."id", "Qsee_assay"."assay_name", "Qsee_assay"."analyser_id" FROM "Qsee_assay" WHERE "Qsee_assay"."id" = 11 LIMIT 21; args=(11,)
(0.000) SELECT "Qsee_analyser"."id", "Qsee_analyser"."analyser_name" FROM "Qsee_analyser" WHERE "Qsee_analyser"."id" = 3 LIMIT 21; args=(3,)
"GET /test_input/8/3/ HTTP/1.1" 200 1274
(0.000) SELECT "Qsee_control"."id", "Qsee_control"."assay_id_id", "Qsee_control"."control_name", "Qsee_control"."lot_number", "Qsee_control"."date_added", "Qsee_control"."active" FROM "Qsee_control" WHERE "Qsee_control"."id" = 8 LIMIT 21; args=(8,)
(0.000) SELECT "Qsee_assay"."id", "Qsee_assay"."assay_name", "Qsee_assay"."analyser_id" FROM "Qsee_assay" WHERE "Qsee_assay"."id" = 11 LIMIT 21; args=(11,)
(0.000) SELECT "Qsee_analyser"."id", "Qsee_analyser"."analyser_name" FROM "Qsee_analyser" WHERE "Qsee_analyser"."id" = 3 LIMIT 21; args=(3,)
(0.000) SELECT "Qsee_test"."result" FROM "Qsee_test" WHERE "Qsee_test"."control_id_id" = 8 ORDER BY "Qsee_test"."id" ASC; args=(8,)
(0.000) SELECT "Qsee_control"."id", "Qsee_control"."assay_id_id", "Qsee_control"."control_name", "Qsee_control"."lot_number", "Qsee_control"."date_added", "Qsee_control"."active" FROM "Qsee_control" WHERE "Qsee_control"."id" = 8 LIMIT 21; args=(8,)
(0.000) SELECT "Qsee_analyser"."id", "Qsee_analyser"."analyser_name" FROM "Qsee_analyser" WHERE "Qsee_analyser"."id" = 3 LIMIT 21; args=(3,)
(0.003) INSERT INTO "Qsee_test" ("result", "test_date", "control_id_id", "analyser_id_id", "operator", "note") VALUES (28.0, '20/01/2023', 8, 3, 'GD', '23491'); args=[28.0, '20/01/2023', 8, 3, 'GD', '23491']
"POST /test_input/8/3/ HTTP/1.1" 302 0
"GET /tests/8 HTTP/1.1" 301 0
(0.000) SELECT "Qsee_control"."id", "Qsee_control"."assay_id_id", "Qsee_control"."control_name", "Qsee_control"."lot_number", "Qsee_control"."date_added", "Qsee_control"."active" FROM "Qsee_control" WHERE "Qsee_control"."id" = 8 LIMIT 21; args=(8,)
(0.000) SELECT "Qsee_test"."id", "Qsee_test"."result", "Qsee_test"."test_date", "Qsee_test"."control_id_id", "Qsee_test"."analyser_id_id", "Qsee_test"."operator", "Qsee_test"."note" FROM "Qsee_test" WHERE "Qsee_test"."control_id_id" = 8; args=(8,)
(0.000) SELECT "Qsee_analyser"."id", "Qsee_analyser"."analyser_name" FROM "Qsee_analyser" WHERE "Qsee_analyser"."id" = 3 LIMIT 21; args=(3,)
(0.000) SELECT "Qsee_analyser"."id", "Qsee_analyser"."analyser_name" FROM "Qsee_analyser" WHERE "Qsee_analyser"."id" = 3 LIMIT 21; args=(3,)
(0.000) SELECT "Qsee_analyser"."id", "Qsee_analyser"."analyser_name" FROM "Qsee_analyser" WHERE "Qsee_analyser"."id" = 3 LIMIT 21; args=(3,)
(0.000) SELECT "Qsee_analyser"."id", "Qsee_analyser"."analyser_name" FROM "Qsee_analyser" WHERE "Qsee_analyser"."id" = 3 LIMIT 21; args=(3,)
(0.000) SELECT "Qsee_analyser"."id", "Qsee_analyser"."analyser_name" FROM "Qsee_analyser" WHERE "Qsee_analyser"."id" = 3 LIMIT 21; args=(3,)
(0.000) SELECT "Qsee_analyser"."id", "Qsee_analyser"."analyser_name" FROM "Qsee_analyser" WHERE "Qsee_analyser"."id" = 3 LIMIT 21; args=(3,)
(0.000) SELECT "Qsee_analyser"."id", "Qsee_analyser"."analyser_name" FROM "Qsee_analyser" WHERE "Qsee_analyser"."id" = 3 LIMIT 21; args=(3,)
(0.000) SELECT "Qsee_analyser"."id", "Qsee_analyser"."analyser_name" FROM "Qsee_analyser" WHERE "Qsee_analyser"."id" = 3 LIMIT 21; args=(3,)
(0.000) SELECT "Qsee_analyser"."id", "Qsee_analyser"."analyser_name" FROM "Qsee_analyser" WHERE "Qsee_analyser"."id" = 3 LIMIT 21; args=(3,)
(0.000) SELECT "Qsee_analyser"."id", "Qsee_analyser"."analyser_name" FROM "Qsee_analyser" WHERE "Qsee_analyser"."id" = 3 LIMIT 21; args=(3,)
(0.000) SELECT "Qsee_analyser"."id", "Qsee_analyser"."analyser_name" FROM "Qsee_analyser" WHERE "Qsee_analyser"."id" = 3 LIMIT 21; args=(3,)
(0.000) SELECT "Qsee_analyser"."id", "Qsee_analyser"."analyser_name" FROM "Qsee_analyser" WHERE "Qsee_analyser"."id" = 3 LIMIT 21; args=(3,)
(0.000) SELECT "Qsee_analyser"."id", "Qsee_analyser"."analyser_name" FROM "Qsee_analyser" WHERE "Qsee_analyser"."id" = 3 LIMIT 21; args=(3,)
(0.000) SELECT "Qsee_analyser"."id", "Qsee_analyser"."analyser_name" FROM "Qsee_analyser" WHERE "Qsee_analyser"."id" = 3 LIMIT 21; args=(3,)
(0.000) SELECT "Qsee_analyser"."id", "Qsee_analyser"."analyser_name" FROM "Qsee_analyser" WHERE "Qsee_analyser"."id" = 3 LIMIT 21; args=(3,)
(0.000) SELECT "Qsee_analyser"."id", "Qsee_analyser"."analyser_name" FROM "Qsee_analyser" WHERE "Qsee_analyser"."id" = 3 LIMIT 21; args=(3,)
(0.000) SELECT "Qsee_analyser"."id", "Qsee_analyser"."analyser_name" FROM "Qsee_analyser" WHERE "Qsee_analyser"."id" = 3 LIMIT 21; args=(3,)
(0.000) SELECT "Qsee_test"."result" FROM "Qsee_test" WHERE "Qsee_test"."control_id_id" = 8 ORDER BY "Qsee_test"."id" ASC; args=(8,)
(0.000) SELECT "Qsee_test"."test_date" FROM "Qsee_test" WHERE "Qsee_test"."control_id_id" = 8 ORDER BY "Qsee_test"."id" ASC; args=(8,)
(0.000) SELECT "Qsee_control"."id", "Qsee_control"."assay_id_id", "Qsee_control"."control_name", "Qsee_control"."lot_number", "Qsee_control"."date_added", "Qsee_control"."active" FROM "Qsee_control" WHERE "Qsee_control"."id" = 8 LIMIT 21; args=(8,)
(0.000) SELECT "Qsee_assay"."id", "Qsee_assay"."assay_name", "Qsee_assay"."analyser_id" FROM "Qsee_assay" WHERE "Qsee_assay"."id" = 11 LIMIT 21; args=(11,)
(0.000) SELECT "Qsee_assay"."id", "Qsee_assay"."assay_name", "Qsee_assay"."analyser_id" FROM "Qsee_assay" WHERE "Qsee_assay"."id" = 11 LIMIT 21; args=(11,)
(0.000) SELECT "Qsee_test"."id", "Qsee_test"."result", "Qsee_test"."test_date", "Qsee_test"."control_id_id", "Qsee_test"."analyser_id_id", "Qsee_test"."operator", "Qsee_test"."note" FROM "Qsee_test" WHERE ("Qsee_test"."analyser_id_id" = 3 AND "Qsee_test"."control_id_id" = 8); args=(3, 8)
(0.000) SELECT "Qsee_analyser"."id", "Qsee_analyser"."analyser_name" FROM "Qsee_analyser"; args=()
"GET /tests/8/ HTTP/1.1" 200 2253
"GET /static/Test%2C%20%20Test.svg HTTP/1.1" 200 181500
(0.000) SELECT "Qsee_control"."id", "Qsee_control"."assay_id_id", "Qsee_control"."control_name", "Qsee_control"."lot_number", "Qsee_control"."date_added", "Qsee_control"."active" FROM "Qsee_control" WHERE "Qsee_control"."id" = 8 LIMIT 21; args=(8,)
(0.000) SELECT "Qsee_assay"."id", "Qsee_assay"."assay_name", "Qsee_assay"."analyser_id" FROM "Qsee_assay" WHERE "Qsee_assay"."id" = 11 LIMIT 21; args=(11,)
(0.000) SELECT "Qsee_analyser"."id", "Qsee_analyser"."analyser_name" FROM "Qsee_analyser" WHERE "Qsee_analyser"."id" = 3 LIMIT 21; args=(3,)
"GET /test_input/8/3/ HTTP/1.1" 200 1274
(0.000) SELECT "Qsee_control"."id", "Qsee_control"."assay_id_id", "Qsee_control"."control_name", "Qsee_control"."lot_number", "Qsee_control"."date_added", "Qsee_control"."active" FROM "Qsee_control" WHERE "Qsee_control"."id" = 8 LIMIT 21; args=(8,)
(0.000) SELECT "Qsee_assay"."id", "Qsee_assay"."assay_name", "Qsee_assay"."analyser_id" FROM "Qsee_assay" WHERE "Qsee_assay"."id" = 11 LIMIT 21; args=(11,)
(0.000) SELECT "Qsee_analyser"."id", "Qsee_analyser"."analyser_name" FROM "Qsee_analyser" WHERE "Qsee_analyser"."id" = 3 LIMIT 21; args=(3,)
"GET /test_input/8/3/ HTTP/1.1" 200 1274
(0.000) SELECT "Qsee_control"."id", "Qsee_control"."assay_id_id", "Qsee_control"."control_name", "Qsee_control"."lot_number", "Qsee_control"."date_added", "Qsee_control"."active" FROM "Qsee_control" WHERE "Qsee_control"."id" = 8 LIMIT 21; args=(8,)
(0.000) SELECT "Qsee_assay"."id", "Qsee_assay"."assay_name", "Qsee_assay"."analyser_id" FROM "Qsee_assay" WHERE "Qsee_assay"."id" = 11 LIMIT 21; args=(11,)
(0.000) SELECT "Qsee_analyser"."id", "Qsee_analyser"."analyser_name" FROM "Qsee_analyser" WHERE "Qsee_analyser"."id" = 3 LIMIT 21; args=(3,)
(0.000) SELECT "Qsee_test"."result" FROM "Qsee_test" WHERE "Qsee_test"."control_id_id" = 8 ORDER BY "Qsee_test"."id" ASC; args=(8,)
(0.000) SELECT "Qsee_control"."id", "Qsee_control"."assay_id_id", "Qsee_control"."control_name", "Qsee_control"."lot_number", "Qsee_control"."date_added", "Qsee_control"."active" FROM "Qsee_control" WHERE "Qsee_control"."id" = 8 LIMIT 21; args=(8,)
(0.000) SELECT "Qsee_analyser"."id", "Qsee_analyser"."analyser_name" FROM "Qsee_analyser" WHERE "Qsee_analyser"."id" = 3 LIMIT 21; args=(3,)
(0.003) INSERT INTO "Qsee_test" ("result", "test_date", "control_id_id", "analyser_id_id", "operator", "note") VALUES (30.0, '20/01/2023', 8, 3, 'GD', '12520'); args=[30.0, '20/01/2023', 8, 3, 'GD', '12520']
"POST /test_input/8/3/ HTTP/1.1" 302 0
"GET /tests/8 HTTP/1.1" 301 0
(0.000) SELECT "Qsee_control"."id", "Qsee_control"."assay_id_id", "Qsee_control"."control_name", "Qsee_control"."lot_number", "Qsee_control"."date_added", "Qsee_control"."active" FROM "Qsee_control" WHERE "Qsee_control"."id" = 8 LIMIT 21; args=(8,)
(0.000) SELECT "Qsee_test"."id", "Qsee_test"."result", "Qsee_test"."test_date", "Qsee_test"."control_id_id", "Qsee_test"."analyser_id_id", "Qsee_test"."operator", "Qsee_test"."note" FROM "Qsee_test" WHERE "Qsee_test"."control_id_id" = 8; args=(8,)
(0.000) SELECT "Qsee_analyser"."id", "Qsee_analyser"."analyser_name" FROM "Qsee_analyser" WHERE "Qsee_analyser"."id" = 3 LIMIT 21; args=(3,)
(0.000) SELECT "Qsee_analyser"."id", "Qsee_analyser"."analyser_name" FROM "Qsee_analyser" WHERE "Qsee_analyser"."id" = 3 LIMIT 21; args=(3,)
(0.000) SELECT "Qsee_analyser"."id", "Qsee_analyser"."analyser_name" FROM "Qsee_analyser" WHERE "Qsee_analyser"."id" = 3 LIMIT 21; args=(3,)
(0.000) SELECT "Qsee_analyser"."id", "Qsee_analyser"."analyser_name" FROM "Qsee_analyser" WHERE "Qsee_analyser"."id" = 3 LIMIT 21; args=(3,)
(0.000) SELECT "Qsee_analyser"."id", "Qsee_analyser"."analyser_name" FROM "Qsee_analyser" WHERE "Qsee_analyser"."id" = 3 LIMIT 21; args=(3,)
(0.000) SELECT "Qsee_analyser"."id", "Qsee_analyser"."analyser_name" FROM "Qsee_analyser" WHERE "Qsee_analyser"."id" = 3 LIMIT 21; args=(3,)
(0.000) SELECT "Qsee_analyser"."id", "Qsee_analyser"."analyser_name" FROM "Qsee_analyser" WHERE "Qsee_analyser"."id" = 3 LIMIT 21; args=(3,)
(0.000) SELECT "Qsee_analyser"."id", "Qsee_analyser"."analyser_name" FROM "Qsee_analyser" WHERE "Qsee_analyser"."id" = 3 LIMIT 21; args=(3,)
(0.000) SELECT "Qsee_analyser"."id", "Qsee_analyser"."analyser_name" FROM "Qsee_analyser" WHERE "Qsee_analyser"."id" = 3 LIMIT 21; args=(3,)
(0.000) SELECT "Qsee_analyser"."id", "Qsee_analyser"."analyser_name" FROM "Qsee_analyser" WHERE "Qsee_analyser"."id" = 3 LIMIT 21; args=(3,)
(0.000) SELECT "Qsee_analyser"."id", "Qsee_analyser"."analyser_name" FROM "Qsee_analyser" WHERE "Qsee_analyser"."id" = 3 LIMIT 21; args=(3,)
(0.000) SELECT "Qsee_analyser"."id", "Qsee_analyser"."analyser_name" FROM "Qsee_analyser" WHERE "Qsee_analyser"."id" = 3 LIMIT 21; args=(3,)
(0.000) SELECT "Qsee_analyser"."id", "Qsee_analyser"."analyser_name" FROM "Qsee_analyser" WHERE "Qsee_analyser"."id" = 3 LIMIT 21; args=(3,)
(0.000) SELECT "Qsee_analyser"."id", "Qsee_analyser"."analyser_name" FROM "Qsee_analyser" WHERE "Qsee_analyser"."id" = 3 LIMIT 21; args=(3,)
(0.000) SELECT "Qsee_analyser"."id", "Qsee_analyser"."analyser_name" FROM "Qsee_analyser" WHERE "Qsee_analyser"."id" = 3 LIMIT 21; args=(3,)
(0.000) SELECT "Qsee_analyser"."id", "Qsee_analyser"."analyser_name" FROM "Qsee_analyser" WHERE "Qsee_analyser"."id" = 3 LIMIT 21; args=(3,)
(0.000) SELECT "Qsee_analyser"."id", "Qsee_analyser"."analyser_name" FROM "Qsee_analyser" WHERE "Qsee_analyser"."id" = 3 LIMIT 21; args=(3,)
(0.000) SELECT "Qsee_analyser"."id", "Qsee_analyser"."analyser_name" FROM "Qsee_analyser" WHERE "Qsee_analyser"."id" = 3 LIMIT 21; args=(3,)
(0.000) SELECT "Qsee_test"."result" FROM "Qsee_test" WHERE "Qsee_test"."control_id_id" = 8 ORDER BY "Qsee_test"."id" ASC; args=(8,)
(0.000) SELECT "Qsee_test"."test_date" FROM "Qsee_test" WHERE "Qsee_test"."control_id_id" = 8 ORDER BY "Qsee_test"."id" ASC; args=(8,)
(0.000) SELECT "Qsee_control"."id", "Qsee_control"."assay_id_id", "Qsee_control"."control_name", "Qsee_control"."lot_number", "Qsee_control"."date_added", "Qsee_control"."active" FROM "Qsee_control" WHERE "Qsee_control"."id" = 8 LIMIT 21; args=(8,)
(0.000) SELECT "Qsee_assay"."id", "Qsee_assay"."assay_name", "Qsee_assay"."analyser_id" FROM "Qsee_assay" WHERE "Qsee_assay"."id" = 11 LIMIT 21; args=(11,)
(0.000) SELECT "Qsee_assay"."id", "Qsee_assay"."assay_name", "Qsee_assay"."analyser_id" FROM "Qsee_assay" WHERE "Qsee_assay"."id" = 11 LIMIT 21; args=(11,)
(0.000) SELECT "Qsee_test"."id", "Qsee_test"."result", "Qsee_test"."test_date", "Qsee_test"."control_id_id", "Qsee_test"."analyser_id_id", "Qsee_test"."operator", "Qsee_test"."note" FROM "Qsee_test" WHERE ("Qsee_test"."analyser_id_id" = 3 AND "Qsee_test"."control_id_id" = 8); args=(3, 8)
(0.000) SELECT "Qsee_analyser"."id", "Qsee_analyser"."analyser_name" FROM "Qsee_analyser"; args=()
"GET /tests/8/ HTTP/1.1" 200 2309
"GET /static/Test%2C%20%20Test.svg HTTP/1.1" 304 0
(0.000) SELECT "Qsee_control"."id", "Qsee_control"."assay_id_id", "Qsee_control"."control_name", "Qsee_control"."lot_number", "Qsee_control"."date_added", "Qsee_control"."active" FROM "Qsee_control" WHERE "Qsee_control"."id" = 8 LIMIT 21; args=(8,)
(0.000) SELECT "Qsee_assay"."id", "Qsee_assay"."assay_name", "Qsee_assay"."analyser_id" FROM "Qsee_assay" WHERE "Qsee_assay"."id" = 11 LIMIT 21; args=(11,)
(0.000) SELECT "Qsee_analyser"."id", "Qsee_analyser"."analyser_name" FROM "Qsee_analyser" WHERE "Qsee_analyser"."id" = 3 LIMIT 21; args=(3,)
"GET /test_input/8/3/ HTTP/1.1" 200 1274
(0.001) SELECT "Qsee_control"."id", "Qsee_control"."assay_id_id", "Qsee_control"."control_name", "Qsee_control"."lot_number", "Qsee_control"."date_added", "Qsee_control"."active" FROM "Qsee_control" WHERE "Qsee_control"."id" = 8 LIMIT 21; args=(8,)
(0.000) SELECT "Qsee_assay"."id", "Qsee_assay"."assay_name", "Qsee_assay"."analyser_id" FROM "Qsee_assay" WHERE "Qsee_assay"."id" = 11 LIMIT 21; args=(11,)
(0.000) SELECT "Qsee_analyser"."id", "Qsee_analyser"."analyser_name" FROM "Qsee_analyser" WHERE "Qsee_analyser"."id" = 3 LIMIT 21; args=(3,)
"GET /test_input/8/3/ HTTP/1.1" 200 1274
